2025-04-16 21:41:13,135 - INFO - Starting optimization logging
2025-04-16 21:41:13,136 - INFO - Iteration 0
2025-04-16 21:41:13,137 - INFO - Final position: [ 1.28770909e+02  1.94377134e-07 -2.17203191e+02  3.57890052e+01
  4.24091233e-07 -7.87883722e+00  2.87248647e-08  1.07302910e-01
  1.46506221e-08  9.94226375e-01  1.79695383e-08  7.35573420e-03
  1.12826426e-08]
2025-04-16 21:41:13,138 - INFO - Final velocity: -217.20319143350048
2025-04-16 21:41:13,140 - INFO - Final control: [0. 0. 0. 0. 0. 0.]
2025-04-16 21:41:13,141 - INFO - Final control rate: [0. 0. 0. 0. 0. 0.]
2025-04-16 21:41:19,382 - INFO - Condition numbers: 28070.835885942066
2025-04-16 21:41:20,910 - INFO - No significant dynamics violations detected
2025-04-16 21:41:20,911 - INFO - Active constraints: 92 constraints
2025-04-16 21:41:20,912 - INFO - Constraint values: [-2.00000000e+02  5.00000000e+01  1.00000000e+00  5.00000010e+01
 -2.00000000e+02  4.95960891e+01 -6.13106889e-03 -2.00030694e+02
  4.91878816e+01 -3.24611340e-03 -2.00108553e+02  4.87692975e+01
 -3.33147647e-03 -2.00247644e+02  4.83461829e+01 -3.51764583e-03
 -2.00446758e+02  4.79181062e+01 -3.41030985e-03 -2.00701128e+02
  4.74851291e+01 -3.35691136e-03 -2.01008151e+02  4.70477878e+01
 -3.31766406e-03 -2.01365074e+02  4.66064721e+01 -3.26834030e-03
 -2.01768992e+02  4.61615550e+01 -3.21757021e-03 -2.02217069e+02
  4.57134229e+01 -3.16595260e-03 -2.02706499e+02  4.52624580e+01
 -3.11243138e-03 -2.03234497e+02  4.48090385e+01 -3.05704477e-03
 -2.03798311e+02  4.43535402e+01 -2.99980671e-03 -2.04395224e+02
  4.38963368e+01 -2.94062079e-03 -2.05022560e+02  4.34377993e+01
 -2.87940890e-03 -2.05677684e+02  4.29782962e+01 -2.81610118e-03
 -2.06358006e+02  4.25181939e+01 -2.75062404e-03 -2.07060984e+02
  4.20578569e+01 -2.68290320e-03 -2.07784126e+02  4.15976474e+01
 -2.61286505e-03 -2.08524994e+02  4.11379261e+01 -2.54043682e-03
 -2.09281201e+02  4.06790520e+01 -2.46554698e-03 -2.10050417e+02
  4.02213827e+01 -2.38812595e-03 -2.10830369e+02  3.97652745e+01
 -2.30810681e-03 -2.11618842e+02  3.93110828e+01 -2.22542602e-03
 -2.12413679e+02  3.88591621e+01 -2.14002434e-03 -2.13212784e+02
  3.84098663e+01 -2.05184777e-03 -2.14014122e+02  3.79635487e+01
 -1.96084868e-03 -2.14815715e+02  3.75205625e+01 -1.86698701e-03
 -2.15615650e+02  3.70812607e+01 -1.77023165e-03 -2.16412073e+02]
2025-04-16 21:41:20,913 - INFO - Dual variables: [ 3.51984366e+01 -2.22523697e+02 -0.00000000e+00 -2.22044527e-14
  1.00000000e+00  1.52363265e-02 -9.93643119e-03  1.00984801e+00
  1.48787431e-02  1.76485841e-02  1.06039583e+00 -6.03695092e-02
  9.51714180e-03  1.01929134e+00 -8.77718406e-02 -1.93345384e-03
  9.23184697e-01 -1.10847726e-01  6.18708744e-03  8.43444417e-01
 -1.54303988e-01  8.24690583e-03  7.73005490e-01 -1.91680142e-01
  5.47239567e-03  7.10401102e-01 -2.13325028e-01  1.79327521e-03
  6.59059058e-01 -2.23509074e-01  8.99676746e-04  6.09337945e-01
 -2.36092243e-01  1.62706581e-03  5.59125578e-01 -2.55805382e-01
  4.64623920e-03  5.07029844e-01 -2.83482842e-01  6.32359120e-03
  4.57857667e-01 -3.12640021e-01  6.64816490e-03  4.14283075e-01
 -3.39961872e-01  6.39861846e-03  3.76693878e-01 -3.64455012e-01
  5.90946418e-03  3.43674944e-01 -3.86082685e-01  5.40805392e-03
  3.14073076e-01 -4.05166898e-01  4.97768528e-03  2.87497853e-01
 -4.21976583e-01  4.60068405e-03  2.64061617e-01 -4.36594013e-01
  4.23685202e-03  2.44137373e-01 -4.48943283e-01  3.85387767e-03
  2.28221484e-01 -4.58846821e-01  3.43261467e-03  2.16880236e-01
 -4.66067091e-01  2.96381258e-03  2.10747285e-01 -4.70329175e-01
  2.44644169e-03  2.10546133e-01 -4.71362775e-01  1.90749488e-03
  2.17114336e-01 -4.68990118e-01  1.39896972e-03  2.31357959e-01
 -4.63054839e-01  8.81030897e-04  2.54206598e-01 -4.53200274e-01
  3.43676956e-04  2.86933103e-01 -4.39949856e-01  5.96547688e-04
  3.30976062e-01 -4.26909757e-01  2.42263394e-03  3.84544470e-01]
2025-04-16 21:41:20,914 - INFO - Control limits active - Aileron: [False False False False False False False False False False False False
 False False False False False False False False False False False False
 False False False False False False], Elevator: [False False False False False False False False False False False False
 False False False False False False False False False False False False
 False False False False False False]
2025-04-16 21:41:20,916 - INFO - State constraints:
2025-04-16 21:41:20,916 - INFO - Airspeed values: [[50, 49.5961, 49.1879, 48.7693, 48.3462, 47.9181, 47.4851, 47.0478, 46.6065, 46.1616, 45.7134, 45.2625, 44.809, 44.3535, 43.8963, 43.4378, 42.9783, 42.5182, 42.0579, 41.5976, 41.1379, 40.6791, 40.2214, 39.7653, 39.3111, 38.8592, 38.4099, 37.9635, 37.5206, 37.0813]]
2025-04-16 21:41:20,917 - INFO - Alpha values: [[2e-08, -0.00613107, -0.00324611, -0.00333148, -0.00351765, -0.00341031, -0.00335691, -0.00331766, -0.00326834, -0.00321757, -0.00316595, -0.00311243, -0.00305704, -0.00299981, -0.00294062, -0.00287941, -0.0028161, -0.00275062, -0.0026829, -0.00261287, -0.00254044, -0.00246555, -0.00238813, -0.00230811, -0.00222543, -0.00214002, -0.00205185, -0.00196085, -0.00186699, -0.00177023]]
2025-04-16 21:41:20,917 - INFO - Beta values: [[2e-08, 1.00074e-08, -3.5294e-09, -6.86903e-09, 1.38056e-09, 1.14601e-08, 1.37419e-08, 7.49361e-09, -2.28642e-10, -2.36863e-09, 1.98764e-09, 8.04138e-09, 1.04432e-08, 7.82501e-09, 3.13196e-09, 4.31141e-10, 1.50686e-09, 4.93116e-09, 7.76228e-09, 8.01423e-09, 5.9156e-09, 3.32341e-09, 2.11659e-09, 2.90613e-09, 4.86483e-09, 6.54121e-09, 6.91057e-09, 5.94136e-09, 4.43057e-09, 3.36918e-09]]
2025-04-16 21:41:21,862 - INFO - Iteration 0
2025-04-16 21:41:21,864 - INFO - Final position: [ 1.28770909e+02  1.94377134e-07 -2.17203191e+02  3.57890052e+01
  4.24091233e-07 -7.87883722e+00  2.87248647e-08  1.07302910e-01
  1.46506221e-08  9.94226375e-01  1.79695383e-08  7.35573420e-03
  1.12826426e-08]
2025-04-16 21:41:21,865 - INFO - Final velocity: -217.20319143350048
2025-04-16 21:41:21,866 - INFO - Final control: [0. 0. 0. 0. 0. 0.]
2025-04-16 21:41:21,867 - INFO - Final control rate: [0. 0. 0. 0. 0. 0.]
2025-04-16 21:41:27,549 - INFO - Condition numbers: 28070.835885942066
2025-04-16 21:41:29,060 - INFO - No significant dynamics violations detected
2025-04-16 21:41:29,060 - INFO - Active constraints: 92 constraints
2025-04-16 21:41:29,061 - INFO - Constraint values: [-2.00000000e+02  5.00000000e+01  1.00000000e+00  5.00000010e+01
 -2.00000000e+02  4.95960891e+01 -6.13106889e-03 -2.00030694e+02
  4.91878816e+01 -3.24611340e-03 -2.00108553e+02  4.87692975e+01
 -3.33147647e-03 -2.00247644e+02  4.83461829e+01 -3.51764583e-03
 -2.00446758e+02  4.79181062e+01 -3.41030985e-03 -2.00701128e+02
  4.74851291e+01 -3.35691136e-03 -2.01008151e+02  4.70477878e+01
 -3.31766406e-03 -2.01365074e+02  4.66064721e+01 -3.26834030e-03
 -2.01768992e+02  4.61615550e+01 -3.21757021e-03 -2.02217069e+02
  4.57134229e+01 -3.16595260e-03 -2.02706499e+02  4.52624580e+01
 -3.11243138e-03 -2.03234497e+02  4.48090385e+01 -3.05704477e-03
 -2.03798311e+02  4.43535402e+01 -2.99980671e-03 -2.04395224e+02
  4.38963368e+01 -2.94062079e-03 -2.05022560e+02  4.34377993e+01
 -2.87940890e-03 -2.05677684e+02  4.29782962e+01 -2.81610118e-03
 -2.06358006e+02  4.25181939e+01 -2.75062404e-03 -2.07060984e+02
  4.20578569e+01 -2.68290320e-03 -2.07784126e+02  4.15976474e+01
 -2.61286505e-03 -2.08524994e+02  4.11379261e+01 -2.54043682e-03
 -2.09281201e+02  4.06790520e+01 -2.46554698e-03 -2.10050417e+02
  4.02213827e+01 -2.38812595e-03 -2.10830369e+02  3.97652745e+01
 -2.30810681e-03 -2.11618842e+02  3.93110828e+01 -2.22542602e-03
 -2.12413679e+02  3.88591621e+01 -2.14002434e-03 -2.13212784e+02
  3.84098663e+01 -2.05184777e-03 -2.14014122e+02  3.79635487e+01
 -1.96084868e-03 -2.14815715e+02  3.75205625e+01 -1.86698701e-03
 -2.15615650e+02  3.70812607e+01 -1.77023165e-03 -2.16412073e+02]
2025-04-16 21:41:29,062 - INFO - Dual variables: [ 3.51984366e+01 -2.22523697e+02 -0.00000000e+00 -2.22044527e-14
  1.00000000e+00  1.52363265e-02 -9.93643119e-03  1.00984801e+00
  1.48787431e-02  1.76485841e-02  1.06039583e+00 -6.03695092e-02
  9.51714180e-03  1.01929134e+00 -8.77718406e-02 -1.93345384e-03
  9.23184697e-01 -1.10847726e-01  6.18708744e-03  8.43444417e-01
 -1.54303988e-01  8.24690583e-03  7.73005490e-01 -1.91680142e-01
  5.47239567e-03  7.10401102e-01 -2.13325028e-01  1.79327521e-03
  6.59059058e-01 -2.23509074e-01  8.99676746e-04  6.09337945e-01
 -2.36092243e-01  1.62706581e-03  5.59125578e-01 -2.55805382e-01
  4.64623920e-03  5.07029844e-01 -2.83482842e-01  6.32359120e-03
  4.57857667e-01 -3.12640021e-01  6.64816490e-03  4.14283075e-01
 -3.39961872e-01  6.39861846e-03  3.76693878e-01 -3.64455012e-01
  5.90946418e-03  3.43674944e-01 -3.86082685e-01  5.40805392e-03
  3.14073076e-01 -4.05166898e-01  4.97768528e-03  2.87497853e-01
 -4.21976583e-01  4.60068405e-03  2.64061617e-01 -4.36594013e-01
  4.23685202e-03  2.44137373e-01 -4.48943283e-01  3.85387767e-03
  2.28221484e-01 -4.58846821e-01  3.43261467e-03  2.16880236e-01
 -4.66067091e-01  2.96381258e-03  2.10747285e-01 -4.70329175e-01
  2.44644169e-03  2.10546133e-01 -4.71362775e-01  1.90749488e-03
  2.17114336e-01 -4.68990118e-01  1.39896972e-03  2.31357959e-01
 -4.63054839e-01  8.81030897e-04  2.54206598e-01 -4.53200274e-01
  3.43676956e-04  2.86933103e-01 -4.39949856e-01  5.96547688e-04
  3.30976062e-01 -4.26909757e-01  2.42263394e-03  3.84544470e-01]
2025-04-16 21:41:29,062 - INFO - Control limits active - Aileron: [False False False False False False False False False False False False
 False False False False False False False False False False False False
 False False False False False False], Elevator: [False False False False False False False False False False False False
 False False False False False False False False False False False False
 False False False False False False]
2025-04-16 21:41:29,065 - INFO - State constraints:
2025-04-16 21:41:29,065 - INFO - Airspeed values: [[50, 49.5961, 49.1879, 48.7693, 48.3462, 47.9181, 47.4851, 47.0478, 46.6065, 46.1616, 45.7134, 45.2625, 44.809, 44.3535, 43.8963, 43.4378, 42.9783, 42.5182, 42.0579, 41.5976, 41.1379, 40.6791, 40.2214, 39.7653, 39.3111, 38.8592, 38.4099, 37.9635, 37.5206, 37.0813]]
2025-04-16 21:41:29,065 - INFO - Alpha values: [[2e-08, -0.00613107, -0.00324611, -0.00333148, -0.00351765, -0.00341031, -0.00335691, -0.00331766, -0.00326834, -0.00321757, -0.00316595, -0.00311243, -0.00305704, -0.00299981, -0.00294062, -0.00287941, -0.0028161, -0.00275062, -0.0026829, -0.00261287, -0.00254044, -0.00246555, -0.00238813, -0.00230811, -0.00222543, -0.00214002, -0.00205185, -0.00196085, -0.00186699, -0.00177023]]
2025-04-16 21:41:29,065 - INFO - Beta values: [[2e-08, 1.13479e-08, -2.40153e-09, -7.0301e-09, 2.77673e-10, 1.05889e-08, 1.38632e-08, 8.33916e-09, 4.75001e-10, -2.39615e-09, 1.37741e-09, 7.47312e-09, 1.04072e-08, 8.29749e-09, 3.68727e-09, 6.52676e-10, 1.31093e-09, 4.57213e-09, 7.58163e-09, 8.17351e-09, 6.31125e-09, 3.70665e-09, 2.29182e-09, 2.85531e-09, 4.72941e-09, 6.50263e-09, 7.06745e-09, 6.26176e-09, 4.79371e-09, 3.6531e-09]]
2025-04-16 21:42:09,063 - INFO - Iteration 1
2025-04-16 21:42:09,064 - INFO - Final position: [ 1.28762849e+02  3.42219423e-02 -2.17204744e+02  3.57862622e+01
  2.94755097e-02 -7.87365075e+00  1.54655961e-03  1.07254081e-01
 -8.89660698e-05  9.94231645e-01 -3.55504747e-04  7.26227326e-03
  2.43468428e-03]
2025-04-16 21:42:09,065 - INFO - Final velocity: -217.20474446939838
2025-04-16 21:42:09,065 - INFO - Final control: [-9.72611035e-05 -6.78748127e-04  1.94882955e-03  0.00000000e+00
  0.00000000e+00  0.00000000e+00]
2025-04-16 21:42:09,067 - INFO - Final control rate: [ 0.00026081  0.00026057 -0.00106089  0.          0.          0.        ]
2025-04-16 21:42:14,628 - INFO - Condition numbers: 28880.47061509921
2025-04-16 21:42:15,403 - WARNING - Large dynamics violation at node 1: 0.001333320638627381
2025-04-16 21:42:16,129 - INFO - Active constraints: 439 constraints
2025-04-16 21:42:16,131 - INFO - Constraint values: [-2.00000000e+02  5.00000000e+01  1.00000000e+00 -6.06908441e-06
  3.29465118e-06  1.55005425e-06 -2.28965438e-04  1.08947144e-06
  8.46713168e-05  5.00000010e+01 -2.00000000e+02  5.16523907e-03
  5.98093956e-03 -1.94000784e-03 -6.69023244e-05 -6.39479271e-06
  1.20854748e-06 -1.24273645e-03  1.27571052e-05  4.78192558e-04
  4.95963883e+01  3.10412404e-04 -2.51036951e-04 -6.32522996e-03
 -2.00030498e+02  5.24046742e-03 -6.94108336e-03 -6.27280062e-03
  1.51808874e-05 -1.27475418e-05  3.24646708e-05 -6.22612540e-06
 -2.20573426e-05  1.10262405e-06  4.91884502e+01  6.75645215e-04
 -1.23549853e-03 -3.04295276e-03 -2.00107195e+02  5.64071368e-03
 -1.98189035e-03  6.10074619e-04  1.61429497e-06  4.98103726e-06
 -1.54586128e-05  2.48865811e-05  4.87690542e+01  1.11662362e-03
 -1.32297735e-03 -3.20667058e-03 -2.00246105e+02  6.36743866e-03
 -3.33754340e-04  4.86332179e-03 -2.98600463e-06 -6.63882563e-06
  3.58800556e-06 -8.50492655e-05  1.11121634e-06  2.03946324e-06
  3.87498403e-05  4.83457293e+01  1.49590699e-03  5.88772507e-04
 -3.55040363e-03 -2.00445804e+02  6.79901449e-03 -2.10602078e-03
  4.83178358e-03 -1.18398870e-05 -1.62038984e-05 -2.19506412e-04
  1.89535852e-06  5.17755882e-06  4.49328494e-05 -4.08431874e-06
  4.79175226e+01  1.73415872e-03  2.72263808e-03 -3.33702038e-03
 -2.00700544e+02  6.63263878e-03 -2.97985345e-03  7.29887195e-03
 -1.19188500e-06 -1.38124789e-05 -1.89406348e-05  1.66690730e-06
 -2.13660311e-04  1.47037644e-06  2.89115087e-05 -2.67053015e-06
  4.74840830e+01  1.92352551e-03  3.38603688e-03 -3.25622283e-03
 -2.01007895e+02  6.04917663e-03 -2.66597489e-03  6.83757501e-03
 -8.59902374e-06 -1.53701248e-05  1.60310887e-06 -1.23820824e-04
  1.07262927e-06  3.82483713e-06  4.70463370e+01  2.18356621e-03
  2.37294880e-03 -3.25471454e-03 -2.01365174e+02  5.26440995e-03
 -1.39909861e-03  4.17051569e-03 -2.48896305e-06 -2.74502194e-05
 -3.73347948e-05 -3.58166261e-04  5.46690207e-06  8.08982165e-05
  4.66048332e+01  2.56144004e-03  4.99649719e-04 -3.24958884e-03
 -2.01769387e+02  4.75727370e-03 -4.64726634e-04  6.58479050e-03
  1.01382731e-06 -1.85163932e-06 -5.14432818e-06  1.31088501e-06
  8.61013842e-06  4.61598563e+01  2.95026421e-03 -3.52163457e-04
 -3.20747683e-03 -2.02217755e+02  4.73758816e-03 -5.68920498e-04
  6.31761452e-03 -2.86867623e-06 -7.80854769e-06 -5.54441116e-05
  1.80575692e-06  1.40572666e-06  1.20353970e-05  4.57116301e+01
  3.17739191e-03  5.40725207e-04 -3.14805250e-03 -2.02707491e+02
  4.63169021e-03 -1.36531823e-03  4.08381372e-03 -1.33854070e-06
 -8.59277839e-06 -2.05377536e-05 -1.33308689e-04  2.31682141e-06
  1.96280809e-06  3.00685351e-06  4.52604899e+01  3.25386365e-03
  1.83393551e-03 -3.06272148e-03 -2.03235835e+02  4.33723247e-03
 -2.16333584e-03  6.58110637e-03 -1.91178593e-06 -1.16753715e-05
 -2.68283565e-05  1.37680389e-06 -1.65241600e-04  2.51829466e-06
  1.21911058e-06 -7.92762866e-06 -1.70178676e-06  4.48067865e+01
  3.30705603e-03  2.50469744e-03 -2.99021337e-03 -2.03799997e+02
  3.85290374e-03 -2.53420569e-03  9.07723111e-03 -2.04477620e-06
 -1.17854539e-05 -2.74987676e-05  1.31085690e-06 -1.59265277e-04
  2.50144923e-06 -1.53597786e-05 -1.81795648e-06  4.43509815e+01
  3.38181308e-03  2.58051475e-03 -2.93093426e-03 -2.04397234e+02
  3.24471006e-03 -2.52560862e-03  9.93166531e-03 -1.94006429e-06
 -1.05537509e-05 -2.55219660e-05 -1.39039168e-04  2.42330541e-06
 -1.94567973e-05 -1.60136490e-06  4.38934929e+01  3.46672917e-03
  2.37622621e-03 -2.87513209e-03 -2.05024857e+02  2.60173379e-03
 -2.33834935e-03  9.60490427e-03 -1.77605978e-06 -9.16653332e-06
 -2.30200316e-05 -1.18758282e-04  2.34835027e-06 -2.16659036e-05
 -1.29146865e-06  4.34347014e+01  3.53979419e-03  2.12166581e-03
 -2.81936184e-03 -2.05680238e+02  1.98709115e-03 -2.12010697e-03
  8.82464089e-03 -1.63538454e-06 -8.06301631e-06 -2.09237573e-05
 -1.03058496e-04  2.28107869e-06 -2.30788805e-05 -1.01606032e-06
  4.29749742e+01  3.58759653e-03  1.91176539e-03 -2.76149425e-03
 -2.06360795e+02  1.43310218e-03 -1.92908790e-03  8.02796328e-03
 -1.53254335e-06 -7.26204027e-06 -1.93776347e-05 -9.17278046e-05
 -1.00851082e-06  2.21088331e-06 -2.41437148e-05  4.25146734e+01
  3.60736317e-03  1.75766466e-03 -2.70060428e-03 -2.07063990e+02
  9.50625300e-04 -1.77020013e-03  7.36045622e-03 -1.45431461e-06
 -6.65469523e-06 -1.82122184e-05 -8.32469222e-05 -1.00187814e-06
  2.13006760e-06 -2.48722604e-05  4.20541602e+01  3.60281451e-03
  1.63956942e-03 -2.63682243e-03 -2.07787329e+02  5.39432374e-04
 -1.62885908e-03  6.81230705e-03 -1.38456420e-06 -6.14157969e-06
 -1.72287853e-05 -7.63280164e-05  2.03691074e-06 -2.51486216e-05
  4.15937957e+01  3.57995407e-03  1.53588920e-03 -2.57052275e-03
 -2.08528367e+02  1.95063996e-04 -1.48922547e-03  6.32754997e-03
 -1.31323630e-06 -5.66676562e-06 -1.62988757e-05  1.25862156e-06
 -7.02364646e-05  1.93405477e-06 -2.49097255e-05  4.11339413e+01
  3.54466130e-03  1.43279950e-03 -2.50197815e-03 -2.09284712e+02
 -8.77648159e-05 -1.34076595e-03  5.85805572e-03 -1.23672051e-06
 -5.21002286e-06 -1.53663293e-05  1.55499321e-06 -6.46641443e-05
  1.82636100e-06 -2.41843588e-05  4.06749579e+01  3.50184493e-03
  1.32416092e-03 -2.43132251e-03 -2.10054028e+02 -3.13769109e-04
 -1.17787895e-03  5.38059919e-03 -1.15567731e-06 -4.77161555e-06
 -1.44227072e-05  1.88710572e-06 -5.95446319e-05  1.71949380e-06
 -2.30722150e-05  4.02172056e+01  3.45535419e-03  1.20905220e-03
 -2.35859157e-03 -2.10834036e+02 -4.86497823e-04 -9.99283411e-04
  4.89896869e-03 -1.07346398e-06 -4.36284475e-06 -1.34912391e-05
  2.24977848e-06 -5.49465061e-05  1.61910702e-06 -2.17218265e-05
  3.97610434e+01  3.40798224e-03  1.09038855e-03 -2.28373381e-03
 -2.11622511e+02 -6.07909992e-04 -8.14317772e-04  4.44195657e-03
 -4.00302608e-06 -1.26259604e-05  2.61078420e-06 -5.10349009e-05
  1.52996774e-06 -2.03247231e-05  3.93068294e+01  3.36124640e-03
  9.75247570e-04 -2.20641998e-03 -2.12417290e+02 -6.77864600e-04
 -6.37506667e-04  4.05586886e-03 -3.71637589e-06 -1.19092998e-05
  3.00352678e-06 -4.80202870e-05  1.45480265e-06 -1.91155712e-05
  3.88549198e+01  3.31506268e-03  8.75478485e-04 -2.12610541e-03
 -2.13216267e+02 -6.93560172e-04 -4.49845488e-04  3.78384754e-03
 -3.52508280e-06 -1.14380270e-05  3.54691231e-06 -4.61228349e-05
  1.39347503e-06 -1.83093727e-05 -1.02196043e-06  3.84056698e+01
  3.26788335e-03  8.05788869e-04 -2.04312260e-03 -2.14017396e+02
 -6.49698261e-04 -2.65398664e-04  3.62319467e-03 -3.44430089e-06
 -1.13357071e-05  3.78243775e-06 -4.56593076e-05  1.34267301e-06
 -1.78892732e-05 -1.19164565e-06  3.79594361e+01  3.21817760e-03
  7.76055708e-04 -1.95746044e-03 -2.14818690e+02 -5.40119865e-04
 -3.82259089e-04  3.45745397e-03 -3.46553486e-06 -1.16687093e-05
  2.43436577e-06 -4.67127091e-05  1.29671830e-06 -1.74473649e-05
 -1.39963527e-06  3.75165665e+01  3.16814251e-03  7.75559001e-04
 -1.86162590e-03 -2.15618219e+02 -3.58074795e-04 -9.39317373e-04
  3.00972075e-03 -3.47837374e-06 -1.19096239e-05 -4.75620524e-05
  1.25642015e-06 -1.65409722e-05 -1.49571413e-06  3.70773813e+01
  3.12958073e-03  7.52883566e-04 -1.74876141e-03 -2.16414146e+02
 -9.72611035e-05 -6.78748127e-04  1.94882955e-03]
2025-04-16 21:42:16,133 - INFO - Dual variables: [ 4.50753792e+01 -2.30200166e+02  1.44862977e-19  4.50758782e+01
 -2.24257953e+02 -1.15577873e+00  9.76035691e+00 -7.30382869e+01
  9.50281099e-02  1.57777791e-10  4.99000000e-04  5.19967399e-01
  6.02081249e-01 -1.95294123e-01  4.51154926e+01 -2.17962011e+02
 -1.80993288e+00  1.37948085e+01  1.32085192e+01 -1.08911592e+00
  2.97448613e-02  3.14400771e-02 -2.79805339e-02 -3.05987731e-02
  2.00571622e-02  5.27540387e-01 -6.98735725e-01 -6.31461929e-01
 -2.11324291e+02 -1.28582921e+00  1.74140735e+01 -3.14585151e-01
 -1.03718242e+00 -4.19131868e-01  5.58496231e-02  6.84245820e-02
 -1.37722179e-01  1.61158569e-02  1.36319074e-01  5.67831844e-01
 -1.99510295e-01  6.14141783e-02  4.56958700e+01 -2.04721266e+02
  1.92550461e+01 -6.82584153e-01 -2.43410320e-02  1.13065720e-01
 -1.47459044e-01  7.65921739e-03  1.54375411e-01  6.40988825e-01
 -3.35979369e-02  4.89574394e-01  4.58873062e+01 -1.97999483e+02
  5.17653670e-01  2.08500518e+01  6.70852417e-02 -1.68951980e-01
 -6.84112217e-01 -4.65050757e-02  1.51494519e-01  6.56354125e-02
 -9.19062395e-03  9.59694185e-02  6.84434125e-01 -2.12006092e-01
  4.86399547e-01  4.60044998e+01 -1.91125580e+02  2.24487363e+01
  9.09995828e-03 -9.36019320e-02 -5.42955513e-01 -2.85692471e-01
 -6.12555727e-02  1.75638409e-01  3.03460239e-01  2.42426022e-03
  5.88468972e-02  6.67685637e-01 -2.99971914e-01  7.34753110e-01
 -9.06805848e+01  4.60562287e+01 -1.84188685e+02  1.06397169e+00
  2.37094704e+01  2.46459182e-03 -5.86583237e-01 -9.05943235e-01
 -1.05453941e-01  1.94829587e-01  3.77400750e-01  5.53208139e-03
  2.61133558e-02  6.08950447e-01 -2.68374806e-01  6.88315885e-01
  4.60365272e+01 -1.77178428e+02  4.43309972e-01  2.47240437e+01
 -3.95355388e+00 -7.32720852e-01 -1.44169403e-01  2.21151729e-01
  2.64487865e-01  1.52862862e-03 -9.60322794e-03  5.29950602e-01
 -1.40842594e-01  4.19831913e-01 -9.07562034e+01  4.59578786e+01
 -1.70052489e+02  2.55855345e+01 -5.62531483e+00 -7.86255443e-01
 -1.64224323e-01  2.59405347e-01  5.56974373e-02 -3.28620506e-03
 -3.90779393e-02  4.78898886e-01 -4.67824811e-02  6.62868910e-01
 -1.62799108e+02  7.96793135e-01  2.62056399e+01  2.49202096e-01
 -6.78088809e-01 -1.70907964e-01  2.98777761e-01 -3.92426946e-02
 -4.25340428e-03 -6.81519901e-02  4.76917208e-01 -5.72713302e-02
  6.35973195e-01  4.56231067e+01 -1.55434860e+02  2.65616389e+01
  1.55137440e-01 -9.84333557e-02 -5.21531534e-01 -1.80775638e-01
  3.21781481e-01  6.02780521e-02 -3.20684422e-03 -9.87452100e-02
  4.66256814e-01 -1.37442035e-01  4.11103914e-01 -9.10201578e+01
  4.53559334e+01 -1.47981020e+02  2.66781717e+01  4.47821465e-02
 -5.11942770e-02 -3.79727660e-01 -1.99100323e-01  3.29534227e-01
  2.04412981e-01  4.99504035e-04 -1.33344419e-01  4.36614735e-01
 -2.17775807e-01  6.62498042e-01 -9.11560689e+01  4.50191786e+01
 -1.40459943e+02  1.58039869e+00  2.65755561e+01 -3.02638152e-02
 -3.12636295e-02 -3.08956032e-01 -8.65647011e-01 -2.27148925e-01
  3.34927741e-01  2.79172348e-01  2.55803847e-03 -1.68136678e-01
  3.87858977e-01 -2.55110040e-01  9.13774598e-01 -9.13206618e+01
  4.46176571e+01 -1.32875765e+02  1.74818282e+00  2.62839100e+01
 -5.59024388e-02 -2.85964853e-01 -1.01604199e+00 -2.57393273e-01
  3.42498927e-01  2.87621887e-01  2.90362883e-03 -2.00521569e-01
  3.26634146e-01 -2.54244601e-01  9.99787641e-01 -9.15166783e+01
  4.41587921e+01 -1.25226655e+02  2.58122270e+01 -5.18761681e-02
 -2.76923526e-01 -9.90781653e-01 -2.85844820e-01  3.51095897e-01
  2.64852160e-01  2.61359676e-03 -2.29194693e-01  2.61907869e-01
 -2.35393834e-01  9.66893696e-01 -9.17466558e+01  4.36485058e+01
 -1.17510381e+02  2.51568589e+01 -3.82859303e-02 -2.66357447e-01
 -9.08742742e-01 -3.11394718e-01  3.58492335e-01  2.36479708e-01
  2.09327447e-03 -2.54906798e-01  2.00033842e-01 -2.13424102e-01
  8.88347183e-01 -9.20129134e+01  4.30910220e+01 -1.09724076e+02
  2.43172653e+01 -2.48479084e-02 -2.50266723e-01 -8.31577980e-01
 -3.34009137e-01  3.63330934e-01  2.13084723e-01  1.58323264e-03
 -2.78506826e-01  1.44265619e-01 -1.94194848e-01  8.08148303e-01
 -9.23174892e+01  4.24901318e+01 -1.01864502e+02  2.32973420e+01
  2.30408594e-02 -1.35367293e-02 -2.29803841e-01 -3.54057128e-01
  3.65330898e-01  1.95908542e-01  1.17761151e-03 -3.00211416e-01
  9.56962802e-02 -1.78200147e-01  7.40952593e-01 -9.26621076e+01
  4.18500797e+01 -9.39280981e+01  2.21033999e+01 -4.01975560e-02
 -2.13717806e-03 -2.07747081e-01 -3.71864169e-01  3.64868755e-01
  1.82745121e-01  8.51277968e-04 -3.19793588e-01  5.43028590e-02
 -1.63971814e-01  6.85772243e-01 -9.30481554e+01  4.11760358e+01
 -8.59107025e+01  2.07428208e+01  1.29470220e-02 -1.86472884e-01
 -3.87544380e-01  3.62552275e-01  1.71188231e-01  5.52659219e-04
 -3.36790776e-01  1.96364422e-02 -1.49915364e-01  6.36973363e-01
 -9.34766563e+01  4.04743267e+01 -7.78073215e+01  4.76851189e-01
  1.92232339e+01  3.47818308e-02 -1.67448793e-01 -4.01031681e-01
  3.58976790e-01  1.59697016e-01  2.42628427e-04 -3.50624530e-01
 -8.83499146e-03 -1.34970439e-01  5.89710942e-01 -9.39482381e+01
  3.97525557e+01 -6.96120182e+01  2.23110825e-01  1.75520076e+01
  6.59756298e-02 -1.51504743e-01 -4.12148655e-01  3.54639441e-01
  1.47587012e-01 -1.01369162e-04 -3.60656560e-01 -3.15860903e-02
 -1.18573147e-01  5.41646985e-01 -9.44630950e+01  3.90197062e+01
 -6.13179102e+01 -3.72999411e-02  1.57358246e+01  1.11234713e-01
 -1.38303079e-01 -4.20655717e-01  3.49930146e-01  1.34755334e-01
 -4.90181450e-04 -3.66196774e-01 -4.89741142e-02 -1.00594530e-01
  4.93162848e-01 -9.50209404e+01  3.82862875e+01 -5.29169763e+01
 -3.08910262e-01  1.37814658e+01  1.71892171e-01 -1.25225401e-01
 -4.26278245e-01  3.45131896e-01  1.21526815e-01 -9.24466834e-04
 -3.66482265e-01 -6.11962725e-02 -8.19746557e-02  4.47156962e-01
  3.75645255e+01 -4.43997172e+01 -5.97981954e-01  1.16973375e+01
  2.31384448e-01 -1.11984102e-01 -4.28752504e-01  3.40398457e-01
  1.08690322e-01 -1.37456560e-03 -3.60654619e-01 -6.82383697e-02
 -6.41756712e-02  4.08290798e-01  3.68684621e+01 -3.57568783e+01
 -9.13997785e-01  9.48663090e+00  3.02690216e-01 -1.04133010e-01
 -4.27911499e-01  3.35721370e-01  9.75666360e-02 -1.78700098e-03
 -3.47805846e-01 -6.98183906e-02 -4.52844458e-02  3.80907319e-01
  3.62139815e+01 -2.69819419e+01 -1.27239456e+00  7.13901476e+00
  5.04750693e-01 -7.55082276e-02 -4.85814615e-01 -4.23613103e-01
  3.30943874e-01  8.97952117e-02 -2.20025817e-03 -3.27014815e-01
 -6.54029583e-02 -2.67167988e-02  3.64734930e-01  3.56194583e+01
 -1.80605468e+01 -1.69937257e+00  4.67685187e+00  7.12979323e-01
  5.00705543e-02 -4.47491324e-01 -4.15535354e-01  3.25910873e-01
  8.64767569e-02 -2.61678166e-03 -2.97036250e-01 -5.43720665e-02
 -3.84807483e-02  3.48050367e-01  3.51060631e+01 -8.96227498e+00
 -2.23883839e+00  2.18666143e+00  1.86894678e-01  1.68371151e-01
 -3.71361223e-01 -4.04175882e-01  3.20844485e-01  8.64155290e-02
 -2.25026774e-03 -2.56472210e-01 -3.60461960e-02 -9.45579489e-02
  3.02978555e-01  3.46918411e+01  2.74293330e-01 -5.18646412e-01
 -5.26993337e-04  9.34609339e-03 -2.43467300e-01 -3.92809250e-01
  3.16939433e-01  8.38820260e-02 -3.86332329e-04 -2.06885235e-01
 -9.79095108e-03 -6.83273114e-02  1.96182174e-01]
2025-04-16 21:42:16,134 - INFO - Control limits active - Aileron: [False False False False False False False False False False False False
 False False False False False False False False False False False False
 False False False False False False], Elevator: [False False False False False False False False False False False False
 False False False False False False False False False False False False
 False False False False False False]
2025-04-16 21:42:16,136 - INFO - State constraints:
2025-04-16 21:42:16,136 - INFO - Airspeed values: [[50, 49.5964, 49.1884, 48.7691, 48.3457, 47.9175, 47.4841, 47.0464, 46.6048, 46.1599, 45.7116, 45.2605, 44.8068, 44.351, 43.8935, 43.4347, 42.975, 42.5147, 42.0542, 41.5938, 41.1339, 40.675, 40.2172, 39.761, 39.3068, 38.8549, 38.4057, 37.9594, 37.5166, 37.0774]]
2025-04-16 21:42:16,136 - INFO - Alpha values: [[2e-08, -0.00632523, -0.00304295, -0.00320667, -0.0035504, -0.00333702, -0.00325622, -0.00325471, -0.00324959, -0.00320748, -0.00314805, -0.00306272, -0.00299021, -0.00293093, -0.00287513, -0.00281936, -0.00276149, -0.0027006, -0.00263682, -0.00257052, -0.00250198, -0.00243132, -0.00235859, -0.00228373, -0.00220642, -0.00212611, -0.00204312, -0.00195746, -0.00186163, -0.00174876]]
2025-04-16 21:42:16,136 - INFO - Beta values: [[2e-08, -0.000211275, -0.00110514, -0.00137881, 0.000341408, 0.00254324, 0.0033752, 0.00251854, 0.000698452, -0.000332708, 0.000394725, 0.00171594, 0.00246067, 0.00258513, 0.0023988, 0.00214486, 0.00193017, 0.00177195, 0.00165204, 0.0015485, 0.00144665, 0.00133967, 0.00122619, 0.00110869, 0.000993673, 0.000892302, 0.000818937, 0.000784371, 0.000781312, 0.000764782]]
2025-04-16 21:42:16,555 - INFO - Iteration 1
2025-04-16 21:42:16,557 - INFO - Final position: [ 1.28762849e+02  3.42219423e-02 -2.17204744e+02  3.57862622e+01
  2.94755097e-02 -7.87365075e+00  1.54655961e-03  1.07254081e-01
 -8.89660698e-05  9.94231645e-01 -3.55504747e-04  7.26227326e-03
  2.43468428e-03]
2025-04-16 21:42:16,558 - INFO - Final velocity: -217.20474446939838
2025-04-16 21:42:16,559 - INFO - Final control: [-9.72611035e-05 -6.78748127e-04  1.94882955e-03  0.00000000e+00
  0.00000000e+00  0.00000000e+00]
2025-04-16 21:42:16,561 - INFO - Final control rate: [ 0.00026081  0.00026057 -0.00106089  0.          0.          0.        ]
2025-04-16 21:42:22,099 - INFO - Condition numbers: 28880.47061509921
2025-04-16 21:42:22,878 - WARNING - Large dynamics violation at node 1: 0.001333320638627381
2025-04-16 21:42:23,616 - INFO - Active constraints: 439 constraints
2025-04-16 21:42:23,618 - INFO - Constraint values: [-2.00000000e+02  5.00000000e+01  1.00000000e+00 -6.06908441e-06
  3.29465118e-06  1.55005425e-06 -2.28965438e-04  1.08947144e-06
  8.46713168e-05  5.00000010e+01 -2.00000000e+02  5.16523907e-03
  5.98093956e-03 -1.94000784e-03 -6.69023244e-05 -6.39479271e-06
  1.20854748e-06 -1.24273645e-03  1.27571052e-05  4.78192558e-04
  4.95963883e+01  3.10412404e-04 -2.51036951e-04 -6.32522996e-03
 -2.00030498e+02  5.24046742e-03 -6.94108336e-03 -6.27280062e-03
  1.51808874e-05 -1.27475418e-05  3.24646708e-05 -6.22612540e-06
 -2.20573426e-05  1.10262405e-06  4.91884502e+01  6.75645215e-04
 -1.23549853e-03 -3.04295276e-03 -2.00107195e+02  5.64071368e-03
 -1.98189035e-03  6.10074619e-04  1.61429497e-06  4.98103726e-06
 -1.54586128e-05  2.48865811e-05  4.87690542e+01  1.11662362e-03
 -1.32297735e-03 -3.20667058e-03 -2.00246105e+02  6.36743866e-03
 -3.33754340e-04  4.86332179e-03 -2.98600463e-06 -6.63882563e-06
  3.58800556e-06 -8.50492655e-05  1.11121634e-06  2.03946324e-06
  3.87498403e-05  4.83457293e+01  1.49590699e-03  5.88772507e-04
 -3.55040363e-03 -2.00445804e+02  6.79901449e-03 -2.10602078e-03
  4.83178358e-03 -1.18398870e-05 -1.62038984e-05 -2.19506412e-04
  1.89535852e-06  5.17755882e-06  4.49328494e-05 -4.08431874e-06
  4.79175226e+01  1.73415872e-03  2.72263808e-03 -3.33702038e-03
 -2.00700544e+02  6.63263878e-03 -2.97985345e-03  7.29887195e-03
 -1.19188500e-06 -1.38124789e-05 -1.89406348e-05  1.66690730e-06
 -2.13660311e-04  1.47037644e-06  2.89115087e-05 -2.67053015e-06
  4.74840830e+01  1.92352551e-03  3.38603688e-03 -3.25622283e-03
 -2.01007895e+02  6.04917663e-03 -2.66597489e-03  6.83757501e-03
 -8.59902374e-06 -1.53701248e-05  1.60310887e-06 -1.23820824e-04
  1.07262927e-06  3.82483713e-06  4.70463370e+01  2.18356621e-03
  2.37294880e-03 -3.25471454e-03 -2.01365174e+02  5.26440995e-03
 -1.39909861e-03  4.17051569e-03 -2.48896305e-06 -2.74502194e-05
 -3.73347948e-05 -3.58166261e-04  5.46690207e-06  8.08982165e-05
  4.66048332e+01  2.56144004e-03  4.99649719e-04 -3.24958884e-03
 -2.01769387e+02  4.75727370e-03 -4.64726634e-04  6.58479050e-03
  1.01382731e-06 -1.85163932e-06 -5.14432818e-06  1.31088501e-06
  8.61013842e-06  4.61598563e+01  2.95026421e-03 -3.52163457e-04
 -3.20747683e-03 -2.02217755e+02  4.73758816e-03 -5.68920498e-04
  6.31761452e-03 -2.86867623e-06 -7.80854769e-06 -5.54441116e-05
  1.80575692e-06  1.40572666e-06  1.20353970e-05  4.57116301e+01
  3.17739191e-03  5.40725207e-04 -3.14805250e-03 -2.02707491e+02
  4.63169021e-03 -1.36531823e-03  4.08381372e-03 -1.33854070e-06
 -8.59277839e-06 -2.05377536e-05 -1.33308689e-04  2.31682141e-06
  1.96280809e-06  3.00685351e-06  4.52604899e+01  3.25386365e-03
  1.83393551e-03 -3.06272148e-03 -2.03235835e+02  4.33723247e-03
 -2.16333584e-03  6.58110637e-03 -1.91178593e-06 -1.16753715e-05
 -2.68283565e-05  1.37680389e-06 -1.65241600e-04  2.51829466e-06
  1.21911058e-06 -7.92762866e-06 -1.70178676e-06  4.48067865e+01
  3.30705603e-03  2.50469744e-03 -2.99021337e-03 -2.03799997e+02
  3.85290374e-03 -2.53420569e-03  9.07723111e-03 -2.04477620e-06
 -1.17854539e-05 -2.74987676e-05  1.31085690e-06 -1.59265277e-04
  2.50144923e-06 -1.53597786e-05 -1.81795648e-06  4.43509815e+01
  3.38181308e-03  2.58051475e-03 -2.93093426e-03 -2.04397234e+02
  3.24471006e-03 -2.52560862e-03  9.93166531e-03 -1.94006429e-06
 -1.05537509e-05 -2.55219660e-05 -1.39039168e-04  2.42330541e-06
 -1.94567973e-05 -1.60136490e-06  4.38934929e+01  3.46672917e-03
  2.37622621e-03 -2.87513209e-03 -2.05024857e+02  2.60173379e-03
 -2.33834935e-03  9.60490427e-03 -1.77605978e-06 -9.16653332e-06
 -2.30200316e-05 -1.18758282e-04  2.34835027e-06 -2.16659036e-05
 -1.29146865e-06  4.34347014e+01  3.53979419e-03  2.12166581e-03
 -2.81936184e-03 -2.05680238e+02  1.98709115e-03 -2.12010697e-03
  8.82464089e-03 -1.63538454e-06 -8.06301631e-06 -2.09237573e-05
 -1.03058496e-04  2.28107869e-06 -2.30788805e-05 -1.01606032e-06
  4.29749742e+01  3.58759653e-03  1.91176539e-03 -2.76149425e-03
 -2.06360795e+02  1.43310218e-03 -1.92908790e-03  8.02796328e-03
 -1.53254335e-06 -7.26204027e-06 -1.93776347e-05 -9.17278046e-05
 -1.00851082e-06  2.21088331e-06 -2.41437148e-05  4.25146734e+01
  3.60736317e-03  1.75766466e-03 -2.70060428e-03 -2.07063990e+02
  9.50625300e-04 -1.77020013e-03  7.36045622e-03 -1.45431461e-06
 -6.65469523e-06 -1.82122184e-05 -8.32469222e-05 -1.00187814e-06
  2.13006760e-06 -2.48722604e-05  4.20541602e+01  3.60281451e-03
  1.63956942e-03 -2.63682243e-03 -2.07787329e+02  5.39432374e-04
 -1.62885908e-03  6.81230705e-03 -1.38456420e-06 -6.14157969e-06
 -1.72287853e-05 -7.63280164e-05  2.03691074e-06 -2.51486216e-05
  4.15937957e+01  3.57995407e-03  1.53588920e-03 -2.57052275e-03
 -2.08528367e+02  1.95063996e-04 -1.48922547e-03  6.32754997e-03
 -1.31323630e-06 -5.66676562e-06 -1.62988757e-05  1.25862156e-06
 -7.02364646e-05  1.93405477e-06 -2.49097255e-05  4.11339413e+01
  3.54466130e-03  1.43279950e-03 -2.50197815e-03 -2.09284712e+02
 -8.77648159e-05 -1.34076595e-03  5.85805572e-03 -1.23672051e-06
 -5.21002286e-06 -1.53663293e-05  1.55499321e-06 -6.46641443e-05
  1.82636100e-06 -2.41843588e-05  4.06749579e+01  3.50184493e-03
  1.32416092e-03 -2.43132251e-03 -2.10054028e+02 -3.13769109e-04
 -1.17787895e-03  5.38059919e-03 -1.15567731e-06 -4.77161555e-06
 -1.44227072e-05  1.88710572e-06 -5.95446319e-05  1.71949380e-06
 -2.30722150e-05  4.02172056e+01  3.45535419e-03  1.20905220e-03
 -2.35859157e-03 -2.10834036e+02 -4.86497823e-04 -9.99283411e-04
  4.89896869e-03 -1.07346398e-06 -4.36284475e-06 -1.34912391e-05
  2.24977848e-06 -5.49465061e-05  1.61910702e-06 -2.17218265e-05
  3.97610434e+01  3.40798224e-03  1.09038855e-03 -2.28373381e-03
 -2.11622511e+02 -6.07909992e-04 -8.14317772e-04  4.44195657e-03
 -4.00302608e-06 -1.26259604e-05  2.61078420e-06 -5.10349009e-05
  1.52996774e-06 -2.03247231e-05  3.93068294e+01  3.36124640e-03
  9.75247570e-04 -2.20641998e-03 -2.12417290e+02 -6.77864600e-04
 -6.37506667e-04  4.05586886e-03 -3.71637589e-06 -1.19092998e-05
  3.00352678e-06 -4.80202870e-05  1.45480265e-06 -1.91155712e-05
  3.88549198e+01  3.31506268e-03  8.75478485e-04 -2.12610541e-03
 -2.13216267e+02 -6.93560172e-04 -4.49845488e-04  3.78384754e-03
 -3.52508280e-06 -1.14380270e-05  3.54691231e-06 -4.61228349e-05
  1.39347503e-06 -1.83093727e-05 -1.02196043e-06  3.84056698e+01
  3.26788335e-03  8.05788869e-04 -2.04312260e-03 -2.14017396e+02
 -6.49698261e-04 -2.65398664e-04  3.62319467e-03 -3.44430089e-06
 -1.13357071e-05  3.78243775e-06 -4.56593076e-05  1.34267301e-06
 -1.78892732e-05 -1.19164565e-06  3.79594361e+01  3.21817760e-03
  7.76055708e-04 -1.95746044e-03 -2.14818690e+02 -5.40119865e-04
 -3.82259089e-04  3.45745397e-03 -3.46553486e-06 -1.16687093e-05
  2.43436577e-06 -4.67127091e-05  1.29671830e-06 -1.74473649e-05
 -1.39963527e-06  3.75165665e+01  3.16814251e-03  7.75559001e-04
 -1.86162590e-03 -2.15618219e+02 -3.58074795e-04 -9.39317373e-04
  3.00972075e-03 -3.47837374e-06 -1.19096239e-05 -4.75620524e-05
  1.25642015e-06 -1.65409722e-05 -1.49571413e-06  3.70773813e+01
  3.12958073e-03  7.52883566e-04 -1.74876141e-03 -2.16414146e+02
 -9.72611035e-05 -6.78748127e-04  1.94882955e-03]
2025-04-16 21:42:23,620 - INFO - Dual variables: [ 4.50753792e+01 -2.30200166e+02  1.44862977e-19  4.50758782e+01
 -2.24257953e+02 -1.15577873e+00  9.76035691e+00 -7.30382869e+01
  9.50281099e-02  1.57777791e-10  4.99000000e-04  5.19967399e-01
  6.02081249e-01 -1.95294123e-01  4.51154926e+01 -2.17962011e+02
 -1.80993288e+00  1.37948085e+01  1.32085192e+01 -1.08911592e+00
  2.97448613e-02  3.14400771e-02 -2.79805339e-02 -3.05987731e-02
  2.00571622e-02  5.27540387e-01 -6.98735725e-01 -6.31461929e-01
 -2.11324291e+02 -1.28582921e+00  1.74140735e+01 -3.14585151e-01
 -1.03718242e+00 -4.19131868e-01  5.58496231e-02  6.84245820e-02
 -1.37722179e-01  1.61158569e-02  1.36319074e-01  5.67831844e-01
 -1.99510295e-01  6.14141783e-02  4.56958700e+01 -2.04721266e+02
  1.92550461e+01 -6.82584153e-01 -2.43410320e-02  1.13065720e-01
 -1.47459044e-01  7.65921739e-03  1.54375411e-01  6.40988825e-01
 -3.35979369e-02  4.89574394e-01  4.58873062e+01 -1.97999483e+02
  5.17653670e-01  2.08500518e+01  6.70852417e-02 -1.68951980e-01
 -6.84112217e-01 -4.65050757e-02  1.51494519e-01  6.56354125e-02
 -9.19062395e-03  9.59694185e-02  6.84434125e-01 -2.12006092e-01
  4.86399547e-01  4.60044998e+01 -1.91125580e+02  2.24487363e+01
  9.09995828e-03 -9.36019320e-02 -5.42955513e-01 -2.85692471e-01
 -6.12555727e-02  1.75638409e-01  3.03460239e-01  2.42426022e-03
  5.88468972e-02  6.67685637e-01 -2.99971914e-01  7.34753110e-01
 -9.06805848e+01  4.60562287e+01 -1.84188685e+02  1.06397169e+00
  2.37094704e+01  2.46459182e-03 -5.86583237e-01 -9.05943235e-01
 -1.05453941e-01  1.94829587e-01  3.77400750e-01  5.53208139e-03
  2.61133558e-02  6.08950447e-01 -2.68374806e-01  6.88315885e-01
  4.60365272e+01 -1.77178428e+02  4.43309972e-01  2.47240437e+01
 -3.95355388e+00 -7.32720852e-01 -1.44169403e-01  2.21151729e-01
  2.64487865e-01  1.52862862e-03 -9.60322794e-03  5.29950602e-01
 -1.40842594e-01  4.19831913e-01 -9.07562034e+01  4.59578786e+01
 -1.70052489e+02  2.55855345e+01 -5.62531483e+00 -7.86255443e-01
 -1.64224323e-01  2.59405347e-01  5.56974373e-02 -3.28620506e-03
 -3.90779393e-02  4.78898886e-01 -4.67824811e-02  6.62868910e-01
 -1.62799108e+02  7.96793135e-01  2.62056399e+01  2.49202096e-01
 -6.78088809e-01 -1.70907964e-01  2.98777761e-01 -3.92426946e-02
 -4.25340428e-03 -6.81519901e-02  4.76917208e-01 -5.72713302e-02
  6.35973195e-01  4.56231067e+01 -1.55434860e+02  2.65616389e+01
  1.55137440e-01 -9.84333557e-02 -5.21531534e-01 -1.80775638e-01
  3.21781481e-01  6.02780521e-02 -3.20684422e-03 -9.87452100e-02
  4.66256814e-01 -1.37442035e-01  4.11103914e-01 -9.10201578e+01
  4.53559334e+01 -1.47981020e+02  2.66781717e+01  4.47821465e-02
 -5.11942770e-02 -3.79727660e-01 -1.99100323e-01  3.29534227e-01
  2.04412981e-01  4.99504035e-04 -1.33344419e-01  4.36614735e-01
 -2.17775807e-01  6.62498042e-01 -9.11560689e+01  4.50191786e+01
 -1.40459943e+02  1.58039869e+00  2.65755561e+01 -3.02638152e-02
 -3.12636295e-02 -3.08956032e-01 -8.65647011e-01 -2.27148925e-01
  3.34927741e-01  2.79172348e-01  2.55803847e-03 -1.68136678e-01
  3.87858977e-01 -2.55110040e-01  9.13774598e-01 -9.13206618e+01
  4.46176571e+01 -1.32875765e+02  1.74818282e+00  2.62839100e+01
 -5.59024388e-02 -2.85964853e-01 -1.01604199e+00 -2.57393273e-01
  3.42498927e-01  2.87621887e-01  2.90362883e-03 -2.00521569e-01
  3.26634146e-01 -2.54244601e-01  9.99787641e-01 -9.15166783e+01
  4.41587921e+01 -1.25226655e+02  2.58122270e+01 -5.18761681e-02
 -2.76923526e-01 -9.90781653e-01 -2.85844820e-01  3.51095897e-01
  2.64852160e-01  2.61359676e-03 -2.29194693e-01  2.61907869e-01
 -2.35393834e-01  9.66893696e-01 -9.17466558e+01  4.36485058e+01
 -1.17510381e+02  2.51568589e+01 -3.82859303e-02 -2.66357447e-01
 -9.08742742e-01 -3.11394718e-01  3.58492335e-01  2.36479708e-01
  2.09327447e-03 -2.54906798e-01  2.00033842e-01 -2.13424102e-01
  8.88347183e-01 -9.20129134e+01  4.30910220e+01 -1.09724076e+02
  2.43172653e+01 -2.48479084e-02 -2.50266723e-01 -8.31577980e-01
 -3.34009137e-01  3.63330934e-01  2.13084723e-01  1.58323264e-03
 -2.78506826e-01  1.44265619e-01 -1.94194848e-01  8.08148303e-01
 -9.23174892e+01  4.24901318e+01 -1.01864502e+02  2.32973420e+01
  2.30408594e-02 -1.35367293e-02 -2.29803841e-01 -3.54057128e-01
  3.65330898e-01  1.95908542e-01  1.17761151e-03 -3.00211416e-01
  9.56962802e-02 -1.78200147e-01  7.40952593e-01 -9.26621076e+01
  4.18500797e+01 -9.39280981e+01  2.21033999e+01 -4.01975560e-02
 -2.13717806e-03 -2.07747081e-01 -3.71864169e-01  3.64868755e-01
  1.82745121e-01  8.51277968e-04 -3.19793588e-01  5.43028590e-02
 -1.63971814e-01  6.85772243e-01 -9.30481554e+01  4.11760358e+01
 -8.59107025e+01  2.07428208e+01  1.29470220e-02 -1.86472884e-01
 -3.87544380e-01  3.62552275e-01  1.71188231e-01  5.52659219e-04
 -3.36790776e-01  1.96364422e-02 -1.49915364e-01  6.36973363e-01
 -9.34766563e+01  4.04743267e+01 -7.78073215e+01  4.76851189e-01
  1.92232339e+01  3.47818308e-02 -1.67448793e-01 -4.01031681e-01
  3.58976790e-01  1.59697016e-01  2.42628427e-04 -3.50624530e-01
 -8.83499146e-03 -1.34970439e-01  5.89710942e-01 -9.39482381e+01
  3.97525557e+01 -6.96120182e+01  2.23110825e-01  1.75520076e+01
  6.59756298e-02 -1.51504743e-01 -4.12148655e-01  3.54639441e-01
  1.47587012e-01 -1.01369162e-04 -3.60656560e-01 -3.15860903e-02
 -1.18573147e-01  5.41646985e-01 -9.44630950e+01  3.90197062e+01
 -6.13179102e+01 -3.72999411e-02  1.57358246e+01  1.11234713e-01
 -1.38303079e-01 -4.20655717e-01  3.49930146e-01  1.34755334e-01
 -4.90181450e-04 -3.66196774e-01 -4.89741142e-02 -1.00594530e-01
  4.93162848e-01 -9.50209404e+01  3.82862875e+01 -5.29169763e+01
 -3.08910262e-01  1.37814658e+01  1.71892171e-01 -1.25225401e-01
 -4.26278245e-01  3.45131896e-01  1.21526815e-01 -9.24466834e-04
 -3.66482265e-01 -6.11962725e-02 -8.19746557e-02  4.47156962e-01
  3.75645255e+01 -4.43997172e+01 -5.97981954e-01  1.16973375e+01
  2.31384448e-01 -1.11984102e-01 -4.28752504e-01  3.40398457e-01
  1.08690322e-01 -1.37456560e-03 -3.60654619e-01 -6.82383697e-02
 -6.41756712e-02  4.08290798e-01  3.68684621e+01 -3.57568783e+01
 -9.13997785e-01  9.48663090e+00  3.02690216e-01 -1.04133010e-01
 -4.27911499e-01  3.35721370e-01  9.75666360e-02 -1.78700098e-03
 -3.47805846e-01 -6.98183906e-02 -4.52844458e-02  3.80907319e-01
  3.62139815e+01 -2.69819419e+01 -1.27239456e+00  7.13901476e+00
  5.04750693e-01 -7.55082276e-02 -4.85814615e-01 -4.23613103e-01
  3.30943874e-01  8.97952117e-02 -2.20025817e-03 -3.27014815e-01
 -6.54029583e-02 -2.67167988e-02  3.64734930e-01  3.56194583e+01
 -1.80605468e+01 -1.69937257e+00  4.67685187e+00  7.12979323e-01
  5.00705543e-02 -4.47491324e-01 -4.15535354e-01  3.25910873e-01
  8.64767569e-02 -2.61678166e-03 -2.97036250e-01 -5.43720665e-02
 -3.84807483e-02  3.48050367e-01  3.51060631e+01 -8.96227498e+00
 -2.23883839e+00  2.18666143e+00  1.86894678e-01  1.68371151e-01
 -3.71361223e-01 -4.04175882e-01  3.20844485e-01  8.64155290e-02
 -2.25026774e-03 -2.56472210e-01 -3.60461960e-02 -9.45579489e-02
  3.02978555e-01  3.46918411e+01  2.74293330e-01 -5.18646412e-01
 -5.26993337e-04  9.34609339e-03 -2.43467300e-01 -3.92809250e-01
  3.16939433e-01  8.38820260e-02 -3.86332329e-04 -2.06885235e-01
 -9.79095108e-03 -6.83273114e-02  1.96182174e-01]
2025-04-16 21:42:23,621 - INFO - Control limits active - Aileron: [False False False False False False False False False False False False
 False False False False False False False False False False False False
 False False False False False False], Elevator: [False False False False False False False False False False False False
 False False False False False False False False False False False False
 False False False False False False]
2025-04-16 21:42:23,623 - INFO - State constraints:
2025-04-16 21:42:23,623 - INFO - Airspeed values: [[50, 49.5964, 49.1884, 48.7691, 48.3457, 47.9175, 47.4841, 47.0464, 46.6048, 46.1599, 45.7116, 45.2605, 44.8068, 44.351, 43.8935, 43.4347, 42.975, 42.5147, 42.0542, 41.5938, 41.1339, 40.675, 40.2172, 39.761, 39.3068, 38.8549, 38.4057, 37.9594, 37.5166, 37.0774]]
2025-04-16 21:42:23,623 - INFO - Alpha values: [[2e-08, -0.00632523, -0.00304295, -0.00320667, -0.0035504, -0.00333702, -0.00325622, -0.00325471, -0.00324959, -0.00320748, -0.00314805, -0.00306272, -0.00299021, -0.00293093, -0.00287513, -0.00281936, -0.00276149, -0.0027006, -0.00263682, -0.00257052, -0.00250198, -0.00243132, -0.00235859, -0.00228373, -0.00220642, -0.00212611, -0.00204312, -0.00195746, -0.00186163, -0.00174876]]
2025-04-16 21:42:23,623 - INFO - Beta values: [[2e-08, -0.000211275, -0.00110514, -0.00137881, 0.000341408, 0.00254324, 0.0033752, 0.00251854, 0.000698452, -0.000332708, 0.000394725, 0.00171594, 0.00246067, 0.00258513, 0.0023988, 0.00214486, 0.00193017, 0.00177195, 0.00165204, 0.0015485, 0.00144665, 0.00133967, 0.00122619, 0.00110869, 0.000993673, 0.000892302, 0.000818937, 0.000784371, 0.000781312, 0.000764782]]
2025-04-16 21:43:05,183 - INFO - Iteration 2
2025-04-16 21:43:05,184 - INFO - Final position: [ 1.28730817e+02  1.37725803e-01 -2.17206980e+02  3.57750190e+01
  1.20024236e-01 -7.85667992e+00  6.56788845e-03  1.07105341e-01
 -4.27745808e-04  9.94238642e-01 -1.49231668e-03  6.85951676e-03
  1.03775326e-02]
2025-04-16 21:43:05,185 - INFO - Final velocity: -217.20698006822138
2025-04-16 21:43:05,186 - INFO - Final control: [-0.00041418 -0.00272038  0.00825754  0.          0.          0.        ]
2025-04-16 21:43:05,187 - INFO - Final control rate: [ 0.00111148  0.00116735 -0.0045097   0.          0.          0.        ]
