2025-04-16 21:32:23,807 - INFO - Starting optimization logging
2025-04-16 21:32:23,807 - INFO - Iteration 0
2025-04-16 21:32:23,812 - INFO - Final position: [ 9.07182363e+01 -6.23107212e-08 -2.09281201e+02  4.04239713e+01
  1.01803184e-07 -7.63095133e+00  1.92381755e-08  9.18886449e-02
  8.45727136e-09  9.95769289e-01  1.77798466e-08  5.39854571e-02
  3.25530193e-08]
2025-04-16 21:32:23,818 - INFO - Final velocity: -209.2812007917278
2025-04-16 21:32:23,821 - INFO - Final control: [0. 0. 0. 0. 0. 0.]
2025-04-16 21:32:23,828 - INFO - Final control rate: [0. 0. 0. 0. 0. 0.]
2025-04-16 21:32:24,127 - INFO - Condition numbers: 1272.2832291535487
2025-04-16 21:32:26,468 - INFO - No significant dynamics violations detected
2025-04-16 21:32:26,469 - INFO - Active constraints: 602 constraints
2025-04-16 21:32:26,471 - INFO - Constraint values: [-2.00000000e+02  5.00000000e+01  1.00000000e+00  5.00000010e+01
 -2.00000000e+02  4.99582201e+01 -1.84443792e-03 -2.00000469e+02
  4.99171263e+01 -3.37162724e-03 -2.00001767e+02  4.98765042e+01
 -4.57783028e-03 -2.00003752e+02  4.98361930e+01 -5.47532216e-03
 -2.00006312e+02  4.97960763e+01 -6.08824057e-03 -2.00009363e+02
  4.97560700e+01 -6.44887472e-03 -2.00012848e+02  4.97161121e+01
 -6.59441497e-03 -2.00016732e+02  4.96761546e+01 -6.56418400e-03
 -2.00020999e+02  4.96361580e+01 -6.39735628e-03 -2.00025649e+02
  4.95960890e+01 -6.13115906e-03 -2.00030694e+02  4.95559192e+01
 -5.79953558e-03 -2.00036155e+02  4.95156251e+01 -5.43223836e-03
 -2.00042057e+02  4.94751891e+01 -5.05430883e-03 -2.00048431e+02
  4.94345995e+01 -4.68589027e-03 -2.00055308e+02  4.93938507e+01
 -4.34231558e-03 -2.00062715e+02  4.93529431e+01 -4.03440869e-03
 -2.00070681e+02  4.93118819e+01 -3.76894017e-03 -2.00079230e+02
  4.92706763e+01 -3.54918153e-03 -2.00088381e+02  4.92293383e+01
 -3.37550956e-03 -2.00098152e+02  4.91878816e+01 -3.24601957e-03
 -2.00108553e+02  4.91463200e+01 -3.15711517e-03 -2.00119594e+02
  4.91046673e+01 -3.10405051e-03 -2.00131278e+02  4.90629357e+01
 -3.08140859e-03 -2.00143607e+02  4.90211364e+01 -3.08350655e-03
 -2.00156579e+02  4.89792782e+01 -3.10472421e-03 -2.00170192e+02
  4.89373684e+01 -3.13975714e-03 -2.00184440e+02  4.88954124e+01
 -3.18379877e-03 -2.00199316e+02  4.88534138e+01 -3.23265879e-03
 -2.00214814e+02  4.88113751e+01 -3.28282615e-03 -2.00230926e+02
  4.87692972e+01 -3.33148617e-03 -2.00247644e+02  4.87271804e+01
 -3.37650112e-03 -2.00264961e+02  4.86850239e+01 -3.41636319e-03
 -2.00282870e+02  4.86428268e+01 -3.45012826e-03 -2.00301364e+02
  4.86005877e+01 -3.47733776e-03 -2.00320437e+02  4.85583048e+01
 -3.49793494e-03 -2.00340083e+02  4.85159767e+01 -3.51218064e-03
 -2.00360298e+02  4.84736018e+01 -3.52057257e-03 -2.00381076e+02
  4.84311786e+01 -3.52377121e-03 -2.00402415e+02  4.83887059e+01
 -3.52253415e-03 -2.00424310e+02  4.83461828e+01 -3.51766021e-03
 -2.00446758e+02  4.83036083e+01 -3.50994377e-03 -2.00469757e+02
  4.82609820e+01 -3.50013912e-03 -2.00493304e+02  4.82183036e+01
 -3.48893446e-03 -2.00517396e+02  4.81755729e+01 -3.47693447e-03
 -2.00542032e+02  4.81327900e+01 -3.46465056e-03 -2.00567208e+02
  4.80899552e+01 -3.45249743e-03 -2.00592924e+02  4.80470689e+01
 -3.44079491e-03 -2.00619176e+02  4.80041316e+01 -3.42977364e-03
 -2.00645962e+02  4.79611437e+01 -3.41958368e-03 -2.00673280e+02
  4.79181060e+01 -3.41030494e-03 -2.00701128e+02  4.78750192e+01
 -3.40195849e-03 -2.00729502e+02  4.78318837e+01 -3.39451825e-03
 -2.00758402e+02  4.77887005e+01 -3.38792217e-03 -2.00787823e+02
  4.77454700e+01 -3.38208274e-03 -2.00817763e+02  4.77021929e+01
 -3.37689634e-03 -2.00848220e+02  4.76588699e+01 -3.37225137e-03
 -2.00879191e+02  4.76155015e+01 -3.36803490e-03 -2.00910672e+02
  4.75720881e+01 -3.36413807e-03 -2.00942661e+02  4.75286305e+01
 -3.36046010e-03 -2.00975155e+02  4.74851289e+01 -3.35691102e-03
 -2.01008151e+02  4.74415839e+01 -3.35341346e-03 -2.01041646e+02
  4.73979958e+01 -3.34990337e-03 -2.01075637e+02  4.73543651e+01
 -3.34633007e-03 -2.01110122e+02  4.73106922e+01 -3.34265567e-03
 -2.01145096e+02  4.72669774e+01 -3.33885400e-03 -2.01180558e+02
  4.72232211e+01 -3.33490936e-03 -2.01216504e+02  4.71794236e+01
 -3.33081491e-03 -2.01252931e+02  4.71355852e+01 -3.32657118e-03
 -2.01289837e+02  4.70917065e+01 -3.32218443e-03 -2.01327219e+02
  4.70477876e+01 -3.31766520e-03 -2.01365073e+02  4.70038289e+01
 -3.31302692e-03 -2.01403398e+02  4.69598309e+01 -3.30828473e-03
 -2.01442189e+02  4.69157938e+01 -3.30345444e-03 -2.01481444e+02
  4.68717180e+01 -3.29855170e-03 -2.01521161e+02  4.68276039e+01
 -3.29359135e-03 -2.01561336e+02  4.67834519e+01 -3.28858695e-03
 -2.01601967e+02  4.67392623e+01 -3.28355044e-03 -2.01643051e+02
  4.66950355e+01 -3.27849197e-03 -2.01684585e+02  4.66507720e+01
 -3.27341983e-03 -2.01726566e+02  4.66064720e+01 -3.26834047e-03
 -2.01768991e+02  4.65621360e+01 -3.26325864e-03 -2.01811858e+02
  4.65177643e+01 -3.25817747e-03 -2.01855164e+02  4.64733574e+01
 -3.25309873e-03 -2.01898906e+02  4.64289157e+01 -3.24802302e-03
 -2.01943081e+02  4.63844394e+01 -3.24294997e-03 -2.01987686e+02
  4.63399291e+01 -3.23787848e-03 -2.02032719e+02  4.62953851e+01
 -3.23280689e-03 -2.02078176e+02  4.62508078e+01 -3.22773317e-03
 -2.02124056e+02  4.62061976e+01 -3.22265510e-03 -2.02170354e+02
  4.61615549e+01 -3.21757039e-03 -2.02217069e+02  4.61168800e+01
 -3.21247676e-03 -2.02264197e+02  4.60721733e+01 -3.20737208e-03
 -2.02311736e+02  4.60274353e+01 -3.20225440e-03 -2.02359683e+02
  4.59826663e+01 -3.19712199e-03 -2.02408035e+02  4.59378667e+01
 -3.19197337e-03 -2.02456790e+02  4.58930368e+01 -3.18680733e-03
 -2.02505944e+02  4.58481771e+01 -3.18162288e-03 -2.02555494e+02
  4.58032880e+01 -3.17641930e-03 -2.02605439e+02  4.57583697e+01
 -3.17119608e-03 -2.02655775e+02  4.57134228e+01 -3.16595288e-03
 -2.02706499e+02  4.56684475e+01 -3.16068954e-03 -2.02757609e+02
  4.56234443e+01 -3.15540605e-03 -2.02809102e+02  4.55784135e+01
 -3.15010246e-03 -2.02860975e+02  4.55333555e+01 -3.14477894e-03
 -2.02913225e+02  4.54882707e+01 -3.13943568e-03 -2.02965850e+02
  4.54431595e+01 -3.13407292e-03 -2.03018847e+02  4.53980222e+01
 -3.12869091e-03 -2.03072213e+02  4.53528593e+01 -3.12328987e-03
 -2.03125945e+02  4.53076710e+01 -3.11787004e-03 -2.03180040e+02
  4.52624579e+01 -3.11243161e-03 -2.03234497e+02  4.52172201e+01
 -3.10697476e-03 -2.03289312e+02  4.51719583e+01 -3.10149961e-03
 -2.03344482e+02  4.51266726e+01 -3.09600627e-03 -2.03400005e+02
  4.50813635e+01 -3.09049480e-03 -2.03455878e+02  4.50360314e+01
 -3.08496523e-03 -2.03512098e+02  4.49906766e+01 -3.07941756e-03
 -2.03568662e+02  4.49452995e+01 -3.07385176e-03 -2.03625568e+02
  4.48999005e+01 -3.06826778e-03 -2.03682814e+02  4.48544800e+01
 -3.06266555e-03 -2.03740395e+02  4.48090383e+01 -3.05704498e-03
 -2.03798311e+02  4.47635758e+01 -3.05140597e-03 -2.03856557e+02
  4.47180930e+01 -3.04574842e-03 -2.03915132e+02  4.46725900e+01
 -3.04007222e-03 -2.03974032e+02  4.46270675e+01 -3.03437724e-03
 -2.04033255e+02  4.45815256e+01 -3.02866338e-03 -2.04092798e+02
  4.45359648e+01 -3.02293052e-03 -2.04152659e+02  4.44903855e+01
 -3.01717854e-03 -2.04212835e+02  4.44447881e+01 -3.01140735e-03
 -2.04273323e+02  4.43991728e+01 -3.00561684e-03 -2.04334120e+02
  4.43535401e+01 -2.99980691e-03 -2.04395224e+02  4.43078903e+01
 -2.99397747e-03 -2.04456633e+02  4.42622239e+01 -2.98812842e-03
 -2.04518343e+02  4.42165412e+01 -2.98225969e-03 -2.04580351e+02
  4.41708425e+01 -2.97637119e-03 -2.04642656e+02  4.41251283e+01
 -2.97046285e-03 -2.04705255e+02  4.40793989e+01 -2.96453459e-03
 -2.04768145e+02  4.40336546e+01 -2.95858635e-03 -2.04831323e+02
  4.39878959e+01 -2.95261804e-03 -2.04894786e+02  4.39421232e+01
 -2.94662961e-03 -2.04958533e+02  4.38963367e+01 -2.94062098e-03
 -2.05022560e+02  4.38505369e+01 -2.93459208e-03 -2.05086865e+02
  4.38047241e+01 -2.92854286e-03 -2.05151445e+02  4.37588987e+01
 -2.92247324e-03 -2.05216298e+02  4.37130611e+01 -2.91638316e-03
 -2.05281421e+02  4.36672116e+01 -2.91027254e-03 -2.05346811e+02
  4.36213506e+01 -2.90414133e-03 -2.05412466e+02  4.35754785e+01
 -2.89798944e-03 -2.05478384e+02  4.35295957e+01 -2.89181682e-03
 -2.05544561e+02  4.34837024e+01 -2.88562338e-03 -2.05610995e+02
  4.34377991e+01 -2.87940907e-03 -2.05677684e+02  4.33918862e+01
 -2.87317379e-03 -2.05744624e+02  4.33459640e+01 -2.86691750e-03
 -2.05811814e+02  4.33000329e+01 -2.86064010e-03 -2.05879251e+02
  4.32540932e+01 -2.85434153e-03 -2.05946932e+02  4.32081453e+01
 -2.84802171e-03 -2.06014855e+02  4.31621896e+01 -2.84168058e-03
 -2.06083017e+02  4.31162265e+01 -2.83531804e-03 -2.06151415e+02
  4.30702563e+01 -2.82893404e-03 -2.06220048e+02  4.30242793e+01
 -2.82252849e-03 -2.06288912e+02  4.29782960e+01 -2.81610133e-03
 -2.06358005e+02  4.29323067e+01 -2.80965247e-03 -2.06427325e+02
  4.28863118e+01 -2.80318184e-03 -2.06496869e+02  4.28403117e+01
 -2.79668936e-03 -2.06566634e+02  4.27943066e+01 -2.79017497e-03
 -2.06636619e+02  4.27482970e+01 -2.78363859e-03 -2.06706819e+02
  4.27022832e+01 -2.77708014e-03 -2.06777234e+02  4.26562657e+01
 -2.77049955e-03 -2.06847861e+02  4.26102447e+01 -2.76389674e-03
 -2.06918696e+02  4.25642206e+01 -2.75727164e-03 -2.06989738e+02
  4.25181938e+01 -2.75062418e-03 -2.07060984e+02  4.24721647e+01
 -2.74395428e-03 -2.07132431e+02  4.24261336e+01 -2.73726187e-03
 -2.07204078e+02  4.23801008e+01 -2.73054687e-03 -2.07275921e+02
  4.23340668e+01 -2.72380922e-03 -2.07347959e+02  4.22880320e+01
 -2.71704883e-03 -2.07420188e+02  4.22419965e+01 -2.71026563e-03
 -2.07492607e+02  4.21959609e+01 -2.70345956e-03 -2.07565212e+02
  4.21499255e+01 -2.69663053e-03 -2.07638002e+02  4.21038907e+01
 -2.68977847e-03 -2.07710975e+02  4.20578568e+01 -2.68290332e-03
 -2.07784126e+02  4.20118241e+01 -2.67600499e-03 -2.07857455e+02
  4.19657931e+01 -2.66908341e-03 -2.07930959e+02  4.19197641e+01
 -2.66213852e-03 -2.08004635e+02  4.18737375e+01 -2.65517023e-03
 -2.08078481e+02  4.18277135e+01 -2.64817847e-03 -2.08152495e+02
  4.17816927e+01 -2.64116318e-03 -2.08226674e+02  4.17356753e+01
 -2.63412427e-03 -2.08301015e+02  4.16896617e+01 -2.62706168e-03
 -2.08375518e+02  4.16436522e+01 -2.61997534e-03 -2.08450178e+02
  4.15976473e+01 -2.61286516e-03 -2.08524994e+02  4.15516473e+01
 -2.60573108e-03 -2.08599963e+02  4.15056525e+01 -2.59857303e-03
 -2.08675084e+02  4.14596633e+01 -2.59139093e-03 -2.08750352e+02
  4.14136801e+01 -2.58418471e-03 -2.08825768e+02  4.13677032e+01
 -2.57695431e-03 -2.08901327e+02  4.13217329e+01 -2.56969964e-03
 -2.08977028e+02  4.12757698e+01 -2.56242063e-03 -2.09052868e+02
  4.12298140e+01 -2.55511723e-03 -2.09128845e+02  4.11838659e+01
 -2.54778934e-03 -2.09204957e+02]
2025-04-16 21:32:26,474 - INFO - Dual variables: [-8.43959820e+01  5.31203696e+01 -0.00000000e+00  3.40059762e-15
  1.00000000e+00 -1.20918484e-04  4.50274640e-04  1.00002532e+00
 -5.39553828e-04  1.35852051e-03  1.00006043e+00 -1.29814243e-03
  2.46755618e-03  1.00001450e+00 -2.35835813e-03  3.58242393e-03
  9.99780427e-01 -3.66732389e-03  4.56495113e-03  9.99252375e-01
 -5.18400552e-03  5.32677743e-03  9.98337841e-01 -6.88188563e-03
  5.82155540e-03  9.96965114e-01 -8.74094730e-03  6.03685279e-03
  9.95087041e-01 -1.07379144e-02  5.98617059e-03  9.92681861e-01
 -1.28396795e-02  5.70141331e-03  9.89751862e-01 -1.50016116e-02
  5.22608111e-03  9.86320486e-01 -1.71702633e-02  4.60938442e-03
  9.82428449e-01 -1.92888683e-02  3.90140771e-03  9.78129368e-01
 -2.13037394e-02  3.14937311e-03  9.73485310e-01 -2.31699638e-02
  2.39498318e-03  9.68562566e-01 -2.48553582e-02  1.67276172e-03
  9.63427901e-01 -2.63422686e-02  1.00926631e-03  9.58145439e-01
 -2.76277100e-02  4.25278834e-04  9.52774240e-01 -2.87241021e-02
 -6.30049861e-05  9.47370561e-01 -2.96474629e-02 -4.64463350e-04
  9.41979230e-01 -3.04210564e-02 -7.79314870e-04  9.36634748e-01
 -3.10715058e-02 -1.01205128e-03  9.31363893e-01 -3.16261232e-02
 -1.17030749e-03  9.26186171e-01 -3.21108173e-02 -1.26378999e-03
  9.21114522e-01 -3.25486427e-02 -1.30331780e-03  9.16156232e-01
 -3.29589556e-02 -1.30000915e-03  9.11313917e-01 -3.33570831e-02
 -1.26463007e-03  9.06586534e-01 -3.37543837e-02 -1.20710632e-03
  9.01970353e-01 -3.41585757e-02 -1.13619032e-03  8.97459842e-01
 -3.45742240e-02 -1.05926670e-03  8.93048443e-01 -3.50032972e-02
 -9.82276090e-04  8.88729223e-01 -3.54457314e-02 -9.09734416e-04
  8.84495386e-01 -3.58999593e-02 -8.44824938e-04  8.80340662e-01
 -3.63633789e-02 -7.89541236e-04  8.76259576e-01 -3.68327530e-02
 -7.44861746e-04  8.72247610e-01 -3.73045354e-02 -7.10939127e-04
  8.68301271e-01 -3.77751269e-02 -6.87290911e-04  8.64418095e-01
 -3.82410688e-02 -6.72981057e-04  8.60596586e-01 -3.86991787e-02
 -6.66785086e-04  8.56836120e-01 -3.91462925e-02 -6.69359454e-04
  8.53136823e-01 -3.95763157e-02 -6.86730912e-04  8.49495485e-01
 -3.99879636e-02 -7.07498525e-04  8.45910844e-01 -4.03801580e-02
 -7.29901263e-04  8.42383677e-01 -4.07523999e-02 -7.52445518e-04
  8.38914909e-01 -4.11046883e-02 -7.73927836e-04  8.35505496e-01
 -4.14374302e-02 -7.93435974e-04  8.32156335e-01 -4.17513482e-02
 -8.10333434e-04  8.28868194e-01 -4.20473926e-02 -8.24232305e-04
  8.25641669e-01 -4.23266597e-02 -8.34958690e-04  8.22477154e-01
 -4.25903199e-02 -8.42514413e-04  8.19374832e-01 -4.28395584e-02
 -8.47037978e-04  8.16334681e-01 -4.30755272e-02 -8.48767104e-04
  8.13356486e-01 -4.32993096e-02 -8.48004518e-04  8.10439865e-01
 -4.35118955e-02 -8.45088109e-04  8.07584290e-01 -4.37141677e-02
 -8.40366049e-04  8.04789118e-01 -4.39068950e-02 -8.34177076e-04
  8.02053622e-01 -4.40907339e-02 -8.26835813e-04  7.99377016e-01
 -4.42662343e-02 -8.18622763e-04  7.96758482e-01 -4.44338494e-02
 -8.09778439e-04  7.94197189e-01 -4.45939473e-02 -8.00501026e-04
  7.91692314e-01 -4.47468242e-02 -7.90946888e-04  7.89243058e-01
 -4.48927175e-02 -7.81233290e-04  7.86848651e-01 -4.50318178e-02
 -7.71442685e-04  7.84508369e-01 -4.51642802e-02 -7.61628032e-04
  7.82221530e-01 -4.52902337e-02 -7.51818640e-04  7.79987501e-01
 -4.54097886e-02 -7.42026142e-04  7.77805698e-01 -4.55230425e-02
 -7.32250277e-04  7.75675585e-01 -4.56300841e-02 -7.22484224e-04
  7.73596669e-01 -4.57309949e-02 -7.12719325e-04  7.71568503e-01
 -4.58258506e-02 -7.02949082e-04  7.69590677e-01 -4.59147196e-02
 -6.93172354e-04  7.67662818e-01 -4.59976617e-02 -6.83395752e-04
  7.65784586e-01 -4.60747254e-02 -6.73635245e-04  7.63955672e-01
 -4.61459446e-02 -6.63917011e-04  7.62175797e-01 -4.62113358e-02
 -6.54277605e-04  7.60444706e-01 -4.62708943e-02 -6.44763517e-04
  7.58762171e-01 -4.63245911e-02 -6.35430212e-04  7.57127988e-01
 -4.63723705e-02 -6.26340759e-04  7.55541972e-01 -4.64141476e-02
 -6.17564144e-04  7.54003962e-01 -4.64498072e-02 -6.09173401e-04
  7.52513814e-01 -4.64793468e-02 -6.00295711e-04  7.51071398e-01
 -4.65037004e-02 -5.89386687e-04  7.49678065e-01 -4.65214275e-02
 -5.82273005e-04  7.48333391e-01 -4.65316204e-02 -5.78107961e-04
  7.47036168e-01 -4.65336010e-02 -5.76108328e-04  7.45785466e-01
 -4.65269046e-02 -5.75578205e-04  7.44580585e-01 -4.65112547e-02
 -5.75923438e-04  7.43420997e-01 -4.64865349e-02 -5.76658007e-04
  7.42306309e-01 -4.64527571e-02 -5.77403926e-04  7.41236224e-01
 -4.64100304e-02 -5.77886109e-04  7.40210511e-01 -4.63585308e-02
 -5.77923605e-04  7.39228987e-01 -4.62984733e-02 -5.77418433e-04
  7.38291501e-01 -4.62300872e-02 -5.76343090e-04  7.37397921e-01
 -4.61535954e-02 -5.74727600e-04  7.36548134e-01 -4.60691965e-02
 -5.72646834e-04  7.35742041e-01 -4.59770521e-02 -5.70208598e-04
  7.34979558e-01 -4.58772761e-02 -5.67542914e-04  7.34260620e-01
 -4.57699768e-02 -5.64464416e-04  7.33585182e-01 -4.56554578e-02
 -5.60852330e-04  7.32953674e-01 -4.55330839e-02 -5.59109916e-04
  7.32365757e-01 -4.54023902e-02 -5.58984925e-04  7.31820790e-01
 -4.52629805e-02 -5.60208483e-04  7.31318246e-01 -4.51145323e-02
 -5.62511834e-04  7.30857697e-01 -4.49567969e-02 -5.65639165e-04
  7.30438799e-01 -4.47895959e-02 -5.69356826e-04  7.30061276e-01
 -4.46128148e-02 -5.73459307e-04  7.29724908e-01 -4.44263950e-02
 -5.77772461e-04  7.29429515e-01 -4.42303250e-02 -5.82154455e-04
  7.29174949e-01 -4.40246310e-02 -5.86494936e-04  7.28961083e-01
 -4.38093680e-02 -5.90712878e-04  7.28787805e-01 -4.35846113e-02
 -5.94753535e-04  7.28655014e-01 -4.33504488e-02 -5.98584844e-04
  7.28562615e-01 -4.31069745e-02 -6.02193615e-04  7.28510516e-01
 -4.28542828e-02 -6.05581715e-04  7.28498629e-01 -4.25924643e-02
 -6.08762458e-04  7.28526869e-01 -4.23216023e-02 -6.11757322e-04
  7.28595155e-01 -4.20417703e-02 -6.14593076e-04  7.28703412e-01
 -4.17530305e-02 -6.17299356e-04  7.28851568e-01 -4.14554330e-02
 -6.19906714e-04  7.29039562e-01 -4.11490153e-02 -6.22445109e-04
  7.29267339e-01 -4.08338027e-02 -6.24942813e-04  7.29534855e-01
 -4.05098084e-02 -6.27425687e-04  7.29842076e-01 -4.01770347e-02
 -6.29916765e-04  7.30188982e-01 -3.98354735e-02 -6.32436096e-04
  7.30575565e-01 -3.94851075e-02 -6.35000783e-04  7.31001827e-01
 -3.91259108e-02 -6.37625168e-04  7.31467787e-01 -3.87578501e-02
 -6.40321108e-04  7.31973474e-01 -3.83808853e-02 -6.43098307e-04
  7.32518933e-01 -3.79949702e-02 -6.45964664e-04  7.33104220e-01
 -3.76000534e-02 -6.48926605e-04  7.33729402e-01 -3.71960787e-02
 -6.51989386e-04  7.34394561e-01 -3.67829852e-02 -6.55157339e-04
  7.35099789e-01 -3.63607083e-02 -6.58434066e-04  7.35845189e-01
 -3.59291798e-02 -6.61822560e-04  7.36630875e-01 -3.54883279e-02
 -6.65325271e-04  7.37456971e-01 -3.50380779e-02 -6.68944106e-04
  7.38323610e-01 -3.45783523e-02 -6.72680387e-04  7.39230937e-01
 -3.41090713e-02 -6.76534760e-04  7.40179104e-01 -3.36301527e-02
 -6.80507084e-04  7.41168270e-01 -3.31415129e-02 -6.84596311e-04
  7.42198604e-01 -3.26430668e-02 -6.88800370e-04  7.43270284e-01
 -3.21347285e-02 -6.93116072e-04  7.44383491e-01 -3.16164117e-02
 -6.97539067e-04  7.45538416e-01 -3.10880302e-02 -7.02063848e-04
  7.46735255e-01 -3.05494985e-02 -7.06683839e-04  7.47974209e-01
 -3.00007320e-02 -7.11391569e-04  7.49255484e-01 -2.94416477e-02
 -7.16178947e-04  7.50579291e-01 -2.88721640e-02 -7.21037644e-04
  7.51945842e-01 -2.82922014e-02 -7.25959579e-04  7.53355353e-01
 -2.77016819e-02 -7.30937517e-04  7.54808042e-01 -2.71005294e-02
 -7.35965746e-04  7.56304128e-01 -2.64886683e-02 -7.41040834e-04
  7.57843830e-01 -2.58660237e-02 -7.46162419e-04  7.59427367e-01
 -2.52325195e-02 -7.51333994e-04  7.61054959e-01 -2.45880777e-02
 -7.56563645e-04  7.62726824e-01 -2.39326165e-02 -7.61864667e-04
  7.64443182e-01 -2.32660484e-02 -7.67255997e-04  7.66204253e-01
 -2.25882785e-02 -7.72762381e-04  7.68010259e-01 -2.18992023e-02
 -7.78414187e-04  7.69861424e-01 -2.11987036e-02 -7.84246787e-04
  7.71757979e-01 -2.04866533e-02 -7.90299410e-04  7.73700159e-01
 -1.97629074e-02 -7.96613392e-04  7.75688212e-01 -1.90273070e-02
 -8.03229762e-04  7.77722394e-01 -1.82796778e-02 -8.10186105e-04
  7.79802978e-01 -1.75198321e-02 -8.17512678e-04  7.81930253e-01
 -1.67475708e-02 -8.25227811e-04  7.84104526e-01 -1.59626883e-02
 -8.33332606e-04  7.86326127e-01 -1.51649787e-02 -8.41805075e-04
  7.88595405e-01 -1.43542439e-02 -8.50593839e-04  7.90912729e-01
 -1.35303043e-02 -8.59611611e-04  7.93278487e-01 -1.26930121e-02
 -8.68728736e-04  7.95693080e-01 -1.18422666e-02 -8.77767131e-04
  7.98156914e-01 -1.09780314e-02 -8.86495002e-04  8.00670395e-01
 -1.01003545e-02 -8.94622802e-04  8.03233910e-01 -9.20938931e-03
 -9.01800908e-04  8.05847815e-01 -8.30541657e-03 -9.07619538e-04
  8.08512412e-01 -7.38886696e-03 -9.11611417e-04  8.11227931e-01
 -6.46034262e-03 -9.13257688e-04  8.13994495e-01 -5.52063699e-03
 -9.11997506e-04  8.16812097e-01 -4.57075156e-03 -9.07241661e-04
  8.19680564e-01 -3.61190806e-03 -8.98390438e-04  8.22599524e-01
 -2.64555483e-03 -8.84855759e-04  8.25568368e-01 -1.67336574e-03
 -8.66087397e-04  8.28586218e-01 -6.97230222e-04 -8.41602837e-04
  8.31651890e-01  2.80766704e-04 -8.11019996e-04  8.34763870e-01
  1.25837555e-03 -7.74091695e-04  8.37920286e-01  2.23322519e-03
 -7.30740416e-04  8.41118892e-01  3.20287762e-03 -6.81091456e-04
  8.44357063e-01  4.16489404e-03 -6.25502240e-04  8.47631799e-01
  5.11691106e-03 -5.64585165e-04  8.50939743e-01  6.05672490e-03
 -4.99221044e-04  8.54277217e-01  6.98238044e-03 -4.30559959e-04
  8.57640269e-01  7.89226076e-03 -3.60006199e-04  8.61024739e-01
  8.78517200e-03 -2.89183909e-04  8.64426344e-01  9.66041688e-03
 -2.19880263e-04  8.67840767e-01  1.05178493e-02 -1.53963257e-04
  8.71263771e-01  1.13579012e-02 -9.32718151e-05  8.74691308e-01
  1.21815727e-02 -3.94766629e-05  8.78119636e-01  1.29903752e-02
  6.08851036e-06  8.81545426e-01]
2025-04-16 21:32:26,478 - INFO - Control limits active - Aileron: [False False False False False False False False False False False False
 False False False False False False False False False False False False
 False False False False False False False False False False False False
 False False False False False False False False False False False False
 False False False False False False False False False False False False
 False False False False False False False False False False False False
 False False False False False False False False False False False False
 False False False False False False False False False False False False
 False False False False False False False False False False False False
 False False False False False False False False False False False False
 False False False False False False False False False False False False
 False False False False False False False False False False False False
 False False False False False False False False False False False False
 False False False False False False False False False False False False
 False False False False False False False False False False False False
 False False False False False False False False False False False False
 False False False False False False False False], Elevator: [False False False False False False False False False False False False
 False False False False False False False False False False False False
 False False False False False False False False False False False False
 False False False False False False False False False False False False
 False False False False False False False False False False False False
 False False False False False False False False False False False False
 False False False False False False False False False False False False
 False False False False False False False False False False False False
 False False False False False False False False False False False False
 False False False False False False False False False False False False
 False False False False False False False False False False False False
 False False False False False False False False False False False False
 False False False False False False False False False False False False
 False False False False False False False False False False False False
 False False False False False False False False False False False False
 False False False False False False False False False False False False
 False False False False False False False False]
2025-04-16 21:32:26,487 - INFO - State constraints:
2025-04-16 21:32:26,487 - INFO - Airspeed values: [[50, 49.9582, 49.9171, 49.8765, 49.8362, 49.7961, 49.7561, 49.7161, 49.6762, 49.6362, 49.5961, 49.5559, 49.5156, 49.4752, 49.4346, 49.3939, 49.3529, 49.3119, 49.2707, 49.2293, 49.1879, 49.1463, 49.1047, 49.0629, 49.0211, 48.9793, 48.9374, 48.8954, 48.8534, 48.8114, 48.7693, 48.7272, 48.685, 48.6428, 48.6006, 48.5583, 48.516, 48.4736, 48.4312, 48.3887, 48.3462, 48.3036, 48.261, 48.2183, 48.1756, 48.1328, 48.09, 48.0471, 48.0041, 47.9611, 47.9181, 47.875, 47.8319, 47.7887, 47.7455, 47.7022, 47.6589, 47.6155, 47.5721, 47.5286, 47.4851, 47.4416, 47.398, 47.3544, 47.3107, 47.267, 47.2232, 47.1794, 47.1356, 47.0917, 47.0478, 47.0038, 46.9598, 46.9158, 46.8717, 46.8276, 46.7835, 46.7393, 46.695, 46.6508, 46.6065, 46.5621, 46.5178, 46.4734, 46.4289, 46.3844, 46.3399, 46.2954, 46.2508, 46.2062, 46.1616, 46.1169, 46.0722, 46.0274, 45.9827, 45.9379, 45.893, 45.8482, 45.8033, 45.7584, 45.7134, 45.6684, 45.6234, 45.5784, 45.5334, 45.4883, 45.4432, 45.398, 45.3529, 45.3077, 45.2625, 45.2172, 45.172, 45.1267, 45.0814, 45.036, 44.9907, 44.9453, 44.8999, 44.8545, 44.809, 44.7636, 44.7181, 44.6726, 44.6271, 44.5815, 44.536, 44.4904, 44.4448, 44.3992, 44.3535, 44.3079, 44.2622, 44.2165, 44.1708, 44.1251, 44.0794, 44.0337, 43.9879, 43.9421, 43.8963, 43.8505, 43.8047, 43.7589, 43.7131, 43.6672, 43.6214, 43.5755, 43.5296, 43.4837, 43.4378, 43.3919, 43.346, 43.3, 43.2541, 43.2081, 43.1622, 43.1162, 43.0703, 43.0243, 42.9783, 42.9323, 42.8863, 42.8403, 42.7943, 42.7483, 42.7023, 42.6563, 42.6102, 42.5642, 42.5182, 42.4722, 42.4261, 42.3801, 42.3341, 42.288, 42.242, 42.196, 42.1499, 42.1039, 42.0579, 42.0118, 41.9658, 41.9198, 41.8737, 41.8277, 41.7817, 41.7357, 41.6897, 41.6437, 41.5976, 41.5516, 41.5057, 41.4597, 41.4137, 41.3677, 41.3217, 41.2758, 41.2298, 41.1839]]
2025-04-16 21:32:26,488 - INFO - Alpha values: [[2e-08, -0.00184444, -0.00337163, -0.00457783, -0.00547532, -0.00608824, -0.00644887, -0.00659441, -0.00656418, -0.00639736, -0.00613116, -0.00579954, -0.00543224, -0.00505431, -0.00468589, -0.00434232, -0.00403441, -0.00376894, -0.00354918, -0.00337551, -0.00324602, -0.00315712, -0.00310405, -0.00308141, -0.00308351, -0.00310472, -0.00313976, -0.0031838, -0.00323266, -0.00328283, -0.00333149, -0.0033765, -0.00341636, -0.00345013, -0.00347734, -0.00349793, -0.00351218, -0.00352057, -0.00352377, -0.00352253, -0.00351766, -0.00350994, -0.00350014, -0.00348893, -0.00347693, -0.00346465, -0.0034525, -0.00344079, -0.00342977, -0.00341958, -0.0034103, -0.00340196, -0.00339452, -0.00338792, -0.00338208, -0.0033769, -0.00337225, -0.00336803, -0.00336414, -0.00336046, -0.00335691, -0.00335341, -0.0033499, -0.00334633, -0.00334266, -0.00333885, -0.00333491, -0.00333081, -0.00332657, -0.00332218, -0.00331767, -0.00331303, -0.00330828, -0.00330345, -0.00329855, -0.00329359, -0.00328859, -0.00328355, -0.00327849, -0.00327342, -0.00326834, -0.00326326, -0.00325818, -0.0032531, -0.00324802, -0.00324295, -0.00323788, -0.00323281, -0.00322773, -0.00322266, -0.00321757, -0.00321248, -0.00320737, -0.00320225, -0.00319712, -0.00319197, -0.00318681, -0.00318162, -0.00317642, -0.0031712, -0.00316595, -0.00316069, -0.00315541, -0.0031501, -0.00314478, -0.00313944, -0.00313407, -0.00312869, -0.00312329, -0.00311787, -0.00311243, -0.00310697, -0.0031015, -0.00309601, -0.00309049, -0.00308497, -0.00307942, -0.00307385, -0.00306827, -0.00306267, -0.00305704, -0.00305141, -0.00304575, -0.00304007, -0.00303438, -0.00302866, -0.00302293, -0.00301718, -0.00301141, -0.00300562, -0.00299981, -0.00299398, -0.00298813, -0.00298226, -0.00297637, -0.00297046, -0.00296453, -0.00295859, -0.00295262, -0.00294663, -0.00294062, -0.00293459, -0.00292854, -0.00292247, -0.00291638, -0.00291027, -0.00290414, -0.00289799, -0.00289182, -0.00288562, -0.00287941, -0.00287317, -0.00286692, -0.00286064, -0.00285434, -0.00284802, -0.00284168, -0.00283532, -0.00282893, -0.00282253, -0.0028161, -0.00280965, -0.00280318, -0.00279669, -0.00279017, -0.00278364, -0.00277708, -0.0027705, -0.0027639, -0.00275727, -0.00275062, -0.00274395, -0.00273726, -0.00273055, -0.00272381, -0.00271705, -0.00271027, -0.00270346, -0.00269663, -0.00268978, -0.0026829, -0.002676, -0.00266908, -0.00266214, -0.00265517, -0.00264818, -0.00264116, -0.00263412, -0.00262706, -0.00261998, -0.00261287, -0.00260573, -0.00259857, -0.00259139, -0.00258418, -0.00257695, -0.0025697, -0.00256242, -0.00255512, -0.00254779]]
2025-04-16 21:32:26,488 - INFO - Beta values: [[2e-08, 1.96163e-08, 1.90617e-08, 1.8347e-08, 1.74839e-08, 1.64858e-08, 1.53669e-08, 1.41428e-08, 1.28301e-08, 1.14457e-08, 1.00074e-08, 8.53309e-09, 7.04078e-09, 5.54832e-09, 4.07318e-09, 2.63228e-09, 1.24176e-09, -8.31461e-11, -1.32833e-09, -2.48092e-09, -3.52938e-09, -4.46368e-09, -5.27528e-09, -5.9573e-09, -6.50446e-09, -6.91317e-09, -7.18151e-09, -7.30917e-09, -7.29748e-09, -7.14932e-09, -6.86905e-09, -6.46244e-09, -5.93657e-09, -5.29969e-09, -4.56115e-09, -3.73124e-09, -2.82104e-09, -1.84232e-09, -8.0736e-10, 2.71205e-10, 1.3805e-09, 2.5076e-09, 3.63962e-09, 4.76394e-09, 5.86824e-09, 6.94072e-09, 7.97016e-09, 8.94605e-09, 9.85871e-09, 1.06993e-08, 1.14601e-08, 1.21343e-08, 1.27161e-08, 1.3201e-08, 1.35857e-08, 1.38678e-08, 1.40463e-08, 1.41213e-08, 1.40938e-08, 1.39663e-08, 1.37419e-08, 1.3425e-08, 1.30206e-08, 1.25349e-08, 1.19746e-08, 1.1347e-08, 1.06602e-08, 9.92249e-09, 9.14279e-09, 8.33011e-09, 7.49367e-09, 6.64276e-09, 5.7866e-09, 4.9343e-09, 4.09473e-09, 3.27644e-09, 2.48759e-09, 1.73584e-09, 1.02832e-09, 3.71553e-10, -2.28604e-10, -7.67007e-10, -1.23925e-09, -1.64172e-09, -1.97158e-09, -2.2268e-09, -2.40617e-09, -2.50929e-09, -2.53652e-09, -2.48902e-09, -2.36866e-09, -2.17804e-09, -1.92041e-09, -1.59962e-09, -1.22009e-09, -7.86756e-10, -3.04972e-10, 2.1952e-10, 7.80667e-10, 1.37217e-09, 1.98757e-09, 2.62029e-09, 3.26371e-09, 3.91125e-09, 4.55643e-09, 5.1929e-09, 5.81457e-09, 6.41557e-09, 6.9904e-09, 7.5339e-09, 8.04133e-09, 8.50841e-09, 8.93133e-09, 9.3068e-09, 9.63204e-09, 9.90485e-09, 1.01235e-08, 1.0287e-08, 1.03947e-08, 1.04466e-08, 1.04433e-08, 1.03857e-08, 1.02755e-08, 1.01147e-08, 9.90575e-09, 9.65148e-09, 9.35516e-09, 9.02038e-09, 8.65099e-09, 8.25111e-09, 7.82508e-09, 7.37737e-09, 6.91256e-09, 6.43533e-09, 5.95036e-09, 5.4623e-09, 4.97576e-09, 4.49521e-09, 4.025e-09, 3.56929e-09, 3.13201e-09, 2.71687e-09, 2.32728e-09, 1.96633e-09, 1.63683e-09, 1.3412e-09, 1.08154e-09, 8.59559e-10, 6.76589e-10, 5.3359e-10, 4.31137e-10, 3.69428e-10, 3.4829e-10, 3.67188e-10, 4.25237e-10, 5.21223e-10, 6.53614e-10, 8.20585e-10, 1.02004e-09, 1.24963e-09, 1.5068e-09, 1.78879e-09, 2.09269e-09, 2.41542e-09, 2.75384e-09, 3.10471e-09, 3.46475e-09, 3.83066e-09, 4.19917e-09, 4.56704e-09, 4.9311e-09, 5.28828e-09, 5.63563e-09, 5.97033e-09, 6.28975e-09, 6.59142e-09, 6.87308e-09, 7.13269e-09, 7.36844e-09, 7.57874e-09, 7.76227e-09, 7.91794e-09, 8.04495e-09, 8.14272e-09, 8.21096e-09, 8.24961e-09, 8.25887e-09, 8.23918e-09, 8.19122e-09, 8.11588e-09, 8.01426e-09, 7.88768e-09, 7.73761e-09, 7.5657e-09, 7.37374e-09, 7.16367e-09, 6.93752e-09, 6.69741e-09, 6.44556e-09, 6.18421e-09]]
2025-04-16 21:32:27,498 - INFO - Iteration 0
2025-04-16 21:32:27,504 - INFO - Final position: [ 9.07182363e+01 -6.23107212e-08 -2.09281201e+02  4.04239713e+01
  1.01803184e-07 -7.63095133e+00  1.92381755e-08  9.18886449e-02
  8.45727136e-09  9.95769289e-01  1.77798466e-08  5.39854571e-02
  3.25530193e-08]
2025-04-16 21:32:27,511 - INFO - Final velocity: -209.2812007917278
2025-04-16 21:32:27,518 - INFO - Final control: [0. 0. 0. 0. 0. 0.]
2025-04-16 21:32:27,526 - INFO - Final control rate: [0. 0. 0. 0. 0. 0.]
2025-04-16 21:32:27,834 - INFO - Condition numbers: 1272.2832291535487
2025-04-16 21:32:30,222 - INFO - No significant dynamics violations detected
2025-04-16 21:32:30,222 - INFO - Active constraints: 602 constraints
2025-04-16 21:32:30,224 - INFO - Constraint values: [-2.00000000e+02  5.00000000e+01  1.00000000e+00  5.00000010e+01
 -2.00000000e+02  4.99582201e+01 -1.84443792e-03 -2.00000469e+02
  4.99171263e+01 -3.37162724e-03 -2.00001767e+02  4.98765042e+01
 -4.57783028e-03 -2.00003752e+02  4.98361930e+01 -5.47532216e-03
 -2.00006312e+02  4.97960763e+01 -6.08824057e-03 -2.00009363e+02
  4.97560700e+01 -6.44887472e-03 -2.00012848e+02  4.97161121e+01
 -6.59441497e-03 -2.00016732e+02  4.96761546e+01 -6.56418400e-03
 -2.00020999e+02  4.96361580e+01 -6.39735628e-03 -2.00025649e+02
  4.95960890e+01 -6.13115906e-03 -2.00030694e+02  4.95559192e+01
 -5.79953558e-03 -2.00036155e+02  4.95156251e+01 -5.43223836e-03
 -2.00042057e+02  4.94751891e+01 -5.05430883e-03 -2.00048431e+02
  4.94345995e+01 -4.68589027e-03 -2.00055308e+02  4.93938507e+01
 -4.34231558e-03 -2.00062715e+02  4.93529431e+01 -4.03440869e-03
 -2.00070681e+02  4.93118819e+01 -3.76894017e-03 -2.00079230e+02
  4.92706763e+01 -3.54918153e-03 -2.00088381e+02  4.92293383e+01
 -3.37550956e-03 -2.00098152e+02  4.91878816e+01 -3.24601957e-03
 -2.00108553e+02  4.91463200e+01 -3.15711517e-03 -2.00119594e+02
  4.91046673e+01 -3.10405051e-03 -2.00131278e+02  4.90629357e+01
 -3.08140859e-03 -2.00143607e+02  4.90211364e+01 -3.08350655e-03
 -2.00156579e+02  4.89792782e+01 -3.10472421e-03 -2.00170192e+02
  4.89373684e+01 -3.13975714e-03 -2.00184440e+02  4.88954124e+01
 -3.18379877e-03 -2.00199316e+02  4.88534138e+01 -3.23265879e-03
 -2.00214814e+02  4.88113751e+01 -3.28282615e-03 -2.00230926e+02
  4.87692972e+01 -3.33148617e-03 -2.00247644e+02  4.87271804e+01
 -3.37650112e-03 -2.00264961e+02  4.86850239e+01 -3.41636319e-03
 -2.00282870e+02  4.86428268e+01 -3.45012826e-03 -2.00301364e+02
  4.86005877e+01 -3.47733776e-03 -2.00320437e+02  4.85583048e+01
 -3.49793494e-03 -2.00340083e+02  4.85159767e+01 -3.51218064e-03
 -2.00360298e+02  4.84736018e+01 -3.52057257e-03 -2.00381076e+02
  4.84311786e+01 -3.52377121e-03 -2.00402415e+02  4.83887059e+01
 -3.52253415e-03 -2.00424310e+02  4.83461828e+01 -3.51766021e-03
 -2.00446758e+02  4.83036083e+01 -3.50994377e-03 -2.00469757e+02
  4.82609820e+01 -3.50013912e-03 -2.00493304e+02  4.82183036e+01
 -3.48893446e-03 -2.00517396e+02  4.81755729e+01 -3.47693447e-03
 -2.00542032e+02  4.81327900e+01 -3.46465056e-03 -2.00567208e+02
  4.80899552e+01 -3.45249743e-03 -2.00592924e+02  4.80470689e+01
 -3.44079491e-03 -2.00619176e+02  4.80041316e+01 -3.42977364e-03
 -2.00645962e+02  4.79611437e+01 -3.41958368e-03 -2.00673280e+02
  4.79181060e+01 -3.41030494e-03 -2.00701128e+02  4.78750192e+01
 -3.40195849e-03 -2.00729502e+02  4.78318837e+01 -3.39451825e-03
 -2.00758402e+02  4.77887005e+01 -3.38792217e-03 -2.00787823e+02
  4.77454700e+01 -3.38208274e-03 -2.00817763e+02  4.77021929e+01
 -3.37689634e-03 -2.00848220e+02  4.76588699e+01 -3.37225137e-03
 -2.00879191e+02  4.76155015e+01 -3.36803490e-03 -2.00910672e+02
  4.75720881e+01 -3.36413807e-03 -2.00942661e+02  4.75286305e+01
 -3.36046010e-03 -2.00975155e+02  4.74851289e+01 -3.35691102e-03
 -2.01008151e+02  4.74415839e+01 -3.35341346e-03 -2.01041646e+02
  4.73979958e+01 -3.34990337e-03 -2.01075637e+02  4.73543651e+01
 -3.34633007e-03 -2.01110122e+02  4.73106922e+01 -3.34265567e-03
 -2.01145096e+02  4.72669774e+01 -3.33885400e-03 -2.01180558e+02
  4.72232211e+01 -3.33490936e-03 -2.01216504e+02  4.71794236e+01
 -3.33081491e-03 -2.01252931e+02  4.71355852e+01 -3.32657118e-03
 -2.01289837e+02  4.70917065e+01 -3.32218443e-03 -2.01327219e+02
  4.70477876e+01 -3.31766520e-03 -2.01365073e+02  4.70038289e+01
 -3.31302692e-03 -2.01403398e+02  4.69598309e+01 -3.30828473e-03
 -2.01442189e+02  4.69157938e+01 -3.30345444e-03 -2.01481444e+02
  4.68717180e+01 -3.29855170e-03 -2.01521161e+02  4.68276039e+01
 -3.29359135e-03 -2.01561336e+02  4.67834519e+01 -3.28858695e-03
 -2.01601967e+02  4.67392623e+01 -3.28355044e-03 -2.01643051e+02
  4.66950355e+01 -3.27849197e-03 -2.01684585e+02  4.66507720e+01
 -3.27341983e-03 -2.01726566e+02  4.66064720e+01 -3.26834047e-03
 -2.01768991e+02  4.65621360e+01 -3.26325864e-03 -2.01811858e+02
  4.65177643e+01 -3.25817747e-03 -2.01855164e+02  4.64733574e+01
 -3.25309873e-03 -2.01898906e+02  4.64289157e+01 -3.24802302e-03
 -2.01943081e+02  4.63844394e+01 -3.24294997e-03 -2.01987686e+02
  4.63399291e+01 -3.23787848e-03 -2.02032719e+02  4.62953851e+01
 -3.23280689e-03 -2.02078176e+02  4.62508078e+01 -3.22773317e-03
 -2.02124056e+02  4.62061976e+01 -3.22265510e-03 -2.02170354e+02
  4.61615549e+01 -3.21757039e-03 -2.02217069e+02  4.61168800e+01
 -3.21247676e-03 -2.02264197e+02  4.60721733e+01 -3.20737208e-03
 -2.02311736e+02  4.60274353e+01 -3.20225440e-03 -2.02359683e+02
  4.59826663e+01 -3.19712199e-03 -2.02408035e+02  4.59378667e+01
 -3.19197337e-03 -2.02456790e+02  4.58930368e+01 -3.18680733e-03
 -2.02505944e+02  4.58481771e+01 -3.18162288e-03 -2.02555494e+02
  4.58032880e+01 -3.17641930e-03 -2.02605439e+02  4.57583697e+01
 -3.17119608e-03 -2.02655775e+02  4.57134228e+01 -3.16595288e-03
 -2.02706499e+02  4.56684475e+01 -3.16068954e-03 -2.02757609e+02
  4.56234443e+01 -3.15540605e-03 -2.02809102e+02  4.55784135e+01
 -3.15010246e-03 -2.02860975e+02  4.55333555e+01 -3.14477894e-03
 -2.02913225e+02  4.54882707e+01 -3.13943568e-03 -2.02965850e+02
  4.54431595e+01 -3.13407292e-03 -2.03018847e+02  4.53980222e+01
 -3.12869091e-03 -2.03072213e+02  4.53528593e+01 -3.12328987e-03
 -2.03125945e+02  4.53076710e+01 -3.11787004e-03 -2.03180040e+02
  4.52624579e+01 -3.11243161e-03 -2.03234497e+02  4.52172201e+01
 -3.10697476e-03 -2.03289312e+02  4.51719583e+01 -3.10149961e-03
 -2.03344482e+02  4.51266726e+01 -3.09600627e-03 -2.03400005e+02
  4.50813635e+01 -3.09049480e-03 -2.03455878e+02  4.50360314e+01
 -3.08496523e-03 -2.03512098e+02  4.49906766e+01 -3.07941756e-03
 -2.03568662e+02  4.49452995e+01 -3.07385176e-03 -2.03625568e+02
  4.48999005e+01 -3.06826778e-03 -2.03682814e+02  4.48544800e+01
 -3.06266555e-03 -2.03740395e+02  4.48090383e+01 -3.05704498e-03
 -2.03798311e+02  4.47635758e+01 -3.05140597e-03 -2.03856557e+02
  4.47180930e+01 -3.04574842e-03 -2.03915132e+02  4.46725900e+01
 -3.04007222e-03 -2.03974032e+02  4.46270675e+01 -3.03437724e-03
 -2.04033255e+02  4.45815256e+01 -3.02866338e-03 -2.04092798e+02
  4.45359648e+01 -3.02293052e-03 -2.04152659e+02  4.44903855e+01
 -3.01717854e-03 -2.04212835e+02  4.44447881e+01 -3.01140735e-03
 -2.04273323e+02  4.43991728e+01 -3.00561684e-03 -2.04334120e+02
  4.43535401e+01 -2.99980691e-03 -2.04395224e+02  4.43078903e+01
 -2.99397747e-03 -2.04456633e+02  4.42622239e+01 -2.98812842e-03
 -2.04518343e+02  4.42165412e+01 -2.98225969e-03 -2.04580351e+02
  4.41708425e+01 -2.97637119e-03 -2.04642656e+02  4.41251283e+01
 -2.97046285e-03 -2.04705255e+02  4.40793989e+01 -2.96453459e-03
 -2.04768145e+02  4.40336546e+01 -2.95858635e-03 -2.04831323e+02
  4.39878959e+01 -2.95261804e-03 -2.04894786e+02  4.39421232e+01
 -2.94662961e-03 -2.04958533e+02  4.38963367e+01 -2.94062098e-03
 -2.05022560e+02  4.38505369e+01 -2.93459208e-03 -2.05086865e+02
  4.38047241e+01 -2.92854286e-03 -2.05151445e+02  4.37588987e+01
 -2.92247324e-03 -2.05216298e+02  4.37130611e+01 -2.91638316e-03
 -2.05281421e+02  4.36672116e+01 -2.91027254e-03 -2.05346811e+02
  4.36213506e+01 -2.90414133e-03 -2.05412466e+02  4.35754785e+01
 -2.89798944e-03 -2.05478384e+02  4.35295957e+01 -2.89181682e-03
 -2.05544561e+02  4.34837024e+01 -2.88562338e-03 -2.05610995e+02
  4.34377991e+01 -2.87940907e-03 -2.05677684e+02  4.33918862e+01
 -2.87317379e-03 -2.05744624e+02  4.33459640e+01 -2.86691750e-03
 -2.05811814e+02  4.33000329e+01 -2.86064010e-03 -2.05879251e+02
  4.32540932e+01 -2.85434153e-03 -2.05946932e+02  4.32081453e+01
 -2.84802171e-03 -2.06014855e+02  4.31621896e+01 -2.84168058e-03
 -2.06083017e+02  4.31162265e+01 -2.83531804e-03 -2.06151415e+02
  4.30702563e+01 -2.82893404e-03 -2.06220048e+02  4.30242793e+01
 -2.82252849e-03 -2.06288912e+02  4.29782960e+01 -2.81610133e-03
 -2.06358005e+02  4.29323067e+01 -2.80965247e-03 -2.06427325e+02
  4.28863118e+01 -2.80318184e-03 -2.06496869e+02  4.28403117e+01
 -2.79668936e-03 -2.06566634e+02  4.27943066e+01 -2.79017497e-03
 -2.06636619e+02  4.27482970e+01 -2.78363859e-03 -2.06706819e+02
  4.27022832e+01 -2.77708014e-03 -2.06777234e+02  4.26562657e+01
 -2.77049955e-03 -2.06847861e+02  4.26102447e+01 -2.76389674e-03
 -2.06918696e+02  4.25642206e+01 -2.75727164e-03 -2.06989738e+02
  4.25181938e+01 -2.75062418e-03 -2.07060984e+02  4.24721647e+01
 -2.74395428e-03 -2.07132431e+02  4.24261336e+01 -2.73726187e-03
 -2.07204078e+02  4.23801008e+01 -2.73054687e-03 -2.07275921e+02
  4.23340668e+01 -2.72380922e-03 -2.07347959e+02  4.22880320e+01
 -2.71704883e-03 -2.07420188e+02  4.22419965e+01 -2.71026563e-03
 -2.07492607e+02  4.21959609e+01 -2.70345956e-03 -2.07565212e+02
  4.21499255e+01 -2.69663053e-03 -2.07638002e+02  4.21038907e+01
 -2.68977847e-03 -2.07710975e+02  4.20578568e+01 -2.68290332e-03
 -2.07784126e+02  4.20118241e+01 -2.67600499e-03 -2.07857455e+02
  4.19657931e+01 -2.66908341e-03 -2.07930959e+02  4.19197641e+01
 -2.66213852e-03 -2.08004635e+02  4.18737375e+01 -2.65517023e-03
 -2.08078481e+02  4.18277135e+01 -2.64817847e-03 -2.08152495e+02
  4.17816927e+01 -2.64116318e-03 -2.08226674e+02  4.17356753e+01
 -2.63412427e-03 -2.08301015e+02  4.16896617e+01 -2.62706168e-03
 -2.08375518e+02  4.16436522e+01 -2.61997534e-03 -2.08450178e+02
  4.15976473e+01 -2.61286516e-03 -2.08524994e+02  4.15516473e+01
 -2.60573108e-03 -2.08599963e+02  4.15056525e+01 -2.59857303e-03
 -2.08675084e+02  4.14596633e+01 -2.59139093e-03 -2.08750352e+02
  4.14136801e+01 -2.58418471e-03 -2.08825768e+02  4.13677032e+01
 -2.57695431e-03 -2.08901327e+02  4.13217329e+01 -2.56969964e-03
 -2.08977028e+02  4.12757698e+01 -2.56242063e-03 -2.09052868e+02
  4.12298140e+01 -2.55511723e-03 -2.09128845e+02  4.11838659e+01
 -2.54778934e-03 -2.09204957e+02]
2025-04-16 21:32:30,227 - INFO - Dual variables: [-8.43959820e+01  5.31203696e+01 -0.00000000e+00  3.40059762e-15
  1.00000000e+00 -1.20918484e-04  4.50274640e-04  1.00002532e+00
 -5.39553828e-04  1.35852051e-03  1.00006043e+00 -1.29814243e-03
  2.46755618e-03  1.00001450e+00 -2.35835813e-03  3.58242393e-03
  9.99780427e-01 -3.66732389e-03  4.56495113e-03  9.99252375e-01
 -5.18400552e-03  5.32677743e-03  9.98337841e-01 -6.88188563e-03
  5.82155540e-03  9.96965114e-01 -8.74094730e-03  6.03685279e-03
  9.95087041e-01 -1.07379144e-02  5.98617059e-03  9.92681861e-01
 -1.28396795e-02  5.70141331e-03  9.89751862e-01 -1.50016116e-02
  5.22608111e-03  9.86320486e-01 -1.71702633e-02  4.60938442e-03
  9.82428449e-01 -1.92888683e-02  3.90140771e-03  9.78129368e-01
 -2.13037394e-02  3.14937311e-03  9.73485310e-01 -2.31699638e-02
  2.39498318e-03  9.68562566e-01 -2.48553582e-02  1.67276172e-03
  9.63427901e-01 -2.63422686e-02  1.00926631e-03  9.58145439e-01
 -2.76277100e-02  4.25278834e-04  9.52774240e-01 -2.87241021e-02
 -6.30049861e-05  9.47370561e-01 -2.96474629e-02 -4.64463350e-04
  9.41979230e-01 -3.04210564e-02 -7.79314870e-04  9.36634748e-01
 -3.10715058e-02 -1.01205128e-03  9.31363893e-01 -3.16261232e-02
 -1.17030749e-03  9.26186171e-01 -3.21108173e-02 -1.26378999e-03
  9.21114522e-01 -3.25486427e-02 -1.30331780e-03  9.16156232e-01
 -3.29589556e-02 -1.30000915e-03  9.11313917e-01 -3.33570831e-02
 -1.26463007e-03  9.06586534e-01 -3.37543837e-02 -1.20710632e-03
  9.01970353e-01 -3.41585757e-02 -1.13619032e-03  8.97459842e-01
 -3.45742240e-02 -1.05926670e-03  8.93048443e-01 -3.50032972e-02
 -9.82276090e-04  8.88729223e-01 -3.54457314e-02 -9.09734416e-04
  8.84495386e-01 -3.58999593e-02 -8.44824938e-04  8.80340662e-01
 -3.63633789e-02 -7.89541236e-04  8.76259576e-01 -3.68327530e-02
 -7.44861746e-04  8.72247610e-01 -3.73045354e-02 -7.10939127e-04
  8.68301271e-01 -3.77751269e-02 -6.87290911e-04  8.64418095e-01
 -3.82410688e-02 -6.72981057e-04  8.60596586e-01 -3.86991787e-02
 -6.66785086e-04  8.56836120e-01 -3.91462925e-02 -6.69359454e-04
  8.53136823e-01 -3.95763157e-02 -6.86730912e-04  8.49495485e-01
 -3.99879636e-02 -7.07498525e-04  8.45910844e-01 -4.03801580e-02
 -7.29901263e-04  8.42383677e-01 -4.07523999e-02 -7.52445518e-04
  8.38914909e-01 -4.11046883e-02 -7.73927836e-04  8.35505496e-01
 -4.14374302e-02 -7.93435974e-04  8.32156335e-01 -4.17513482e-02
 -8.10333434e-04  8.28868194e-01 -4.20473926e-02 -8.24232305e-04
  8.25641669e-01 -4.23266597e-02 -8.34958690e-04  8.22477154e-01
 -4.25903199e-02 -8.42514413e-04  8.19374832e-01 -4.28395584e-02
 -8.47037978e-04  8.16334681e-01 -4.30755272e-02 -8.48767104e-04
  8.13356486e-01 -4.32993096e-02 -8.48004518e-04  8.10439865e-01
 -4.35118955e-02 -8.45088109e-04  8.07584290e-01 -4.37141677e-02
 -8.40366049e-04  8.04789118e-01 -4.39068950e-02 -8.34177076e-04
  8.02053622e-01 -4.40907339e-02 -8.26835813e-04  7.99377016e-01
 -4.42662343e-02 -8.18622763e-04  7.96758482e-01 -4.44338494e-02
 -8.09778439e-04  7.94197189e-01 -4.45939473e-02 -8.00501026e-04
  7.91692314e-01 -4.47468242e-02 -7.90946888e-04  7.89243058e-01
 -4.48927175e-02 -7.81233290e-04  7.86848651e-01 -4.50318178e-02
 -7.71442685e-04  7.84508369e-01 -4.51642802e-02 -7.61628032e-04
  7.82221530e-01 -4.52902337e-02 -7.51818640e-04  7.79987501e-01
 -4.54097886e-02 -7.42026142e-04  7.77805698e-01 -4.55230425e-02
 -7.32250277e-04  7.75675585e-01 -4.56300841e-02 -7.22484224e-04
  7.73596669e-01 -4.57309949e-02 -7.12719325e-04  7.71568503e-01
 -4.58258506e-02 -7.02949082e-04  7.69590677e-01 -4.59147196e-02
 -6.93172354e-04  7.67662818e-01 -4.59976617e-02 -6.83395752e-04
  7.65784586e-01 -4.60747254e-02 -6.73635245e-04  7.63955672e-01
 -4.61459446e-02 -6.63917011e-04  7.62175797e-01 -4.62113358e-02
 -6.54277605e-04  7.60444706e-01 -4.62708943e-02 -6.44763517e-04
  7.58762171e-01 -4.63245911e-02 -6.35430212e-04  7.57127988e-01
 -4.63723705e-02 -6.26340759e-04  7.55541972e-01 -4.64141476e-02
 -6.17564144e-04  7.54003962e-01 -4.64498072e-02 -6.09173401e-04
  7.52513814e-01 -4.64793468e-02 -6.00295711e-04  7.51071398e-01
 -4.65037004e-02 -5.89386687e-04  7.49678065e-01 -4.65214275e-02
 -5.82273005e-04  7.48333391e-01 -4.65316204e-02 -5.78107961e-04
  7.47036168e-01 -4.65336010e-02 -5.76108328e-04  7.45785466e-01
 -4.65269046e-02 -5.75578205e-04  7.44580585e-01 -4.65112547e-02
 -5.75923438e-04  7.43420997e-01 -4.64865349e-02 -5.76658007e-04
  7.42306309e-01 -4.64527571e-02 -5.77403926e-04  7.41236224e-01
 -4.64100304e-02 -5.77886109e-04  7.40210511e-01 -4.63585308e-02
 -5.77923605e-04  7.39228987e-01 -4.62984733e-02 -5.77418433e-04
  7.38291501e-01 -4.62300872e-02 -5.76343090e-04  7.37397921e-01
 -4.61535954e-02 -5.74727600e-04  7.36548134e-01 -4.60691965e-02
 -5.72646834e-04  7.35742041e-01 -4.59770521e-02 -5.70208598e-04
  7.34979558e-01 -4.58772761e-02 -5.67542914e-04  7.34260620e-01
 -4.57699768e-02 -5.64464416e-04  7.33585182e-01 -4.56554578e-02
 -5.60852330e-04  7.32953674e-01 -4.55330839e-02 -5.59109916e-04
  7.32365757e-01 -4.54023902e-02 -5.58984925e-04  7.31820790e-01
 -4.52629805e-02 -5.60208483e-04  7.31318246e-01 -4.51145323e-02
 -5.62511834e-04  7.30857697e-01 -4.49567969e-02 -5.65639165e-04
  7.30438799e-01 -4.47895959e-02 -5.69356826e-04  7.30061276e-01
 -4.46128148e-02 -5.73459307e-04  7.29724908e-01 -4.44263950e-02
 -5.77772461e-04  7.29429515e-01 -4.42303250e-02 -5.82154455e-04
  7.29174949e-01 -4.40246310e-02 -5.86494936e-04  7.28961083e-01
 -4.38093680e-02 -5.90712878e-04  7.28787805e-01 -4.35846113e-02
 -5.94753535e-04  7.28655014e-01 -4.33504488e-02 -5.98584844e-04
  7.28562615e-01 -4.31069745e-02 -6.02193615e-04  7.28510516e-01
 -4.28542828e-02 -6.05581715e-04  7.28498629e-01 -4.25924643e-02
 -6.08762458e-04  7.28526869e-01 -4.23216023e-02 -6.11757322e-04
  7.28595155e-01 -4.20417703e-02 -6.14593076e-04  7.28703412e-01
 -4.17530305e-02 -6.17299356e-04  7.28851568e-01 -4.14554330e-02
 -6.19906714e-04  7.29039562e-01 -4.11490153e-02 -6.22445109e-04
  7.29267339e-01 -4.08338027e-02 -6.24942813e-04  7.29534855e-01
 -4.05098084e-02 -6.27425687e-04  7.29842076e-01 -4.01770347e-02
 -6.29916765e-04  7.30188982e-01 -3.98354735e-02 -6.32436096e-04
  7.30575565e-01 -3.94851075e-02 -6.35000783e-04  7.31001827e-01
 -3.91259108e-02 -6.37625168e-04  7.31467787e-01 -3.87578501e-02
 -6.40321108e-04  7.31973474e-01 -3.83808853e-02 -6.43098307e-04
  7.32518933e-01 -3.79949702e-02 -6.45964664e-04  7.33104220e-01
 -3.76000534e-02 -6.48926605e-04  7.33729402e-01 -3.71960787e-02
 -6.51989386e-04  7.34394561e-01 -3.67829852e-02 -6.55157339e-04
  7.35099789e-01 -3.63607083e-02 -6.58434066e-04  7.35845189e-01
 -3.59291798e-02 -6.61822560e-04  7.36630875e-01 -3.54883279e-02
 -6.65325271e-04  7.37456971e-01 -3.50380779e-02 -6.68944106e-04
  7.38323610e-01 -3.45783523e-02 -6.72680387e-04  7.39230937e-01
 -3.41090713e-02 -6.76534760e-04  7.40179104e-01 -3.36301527e-02
 -6.80507084e-04  7.41168270e-01 -3.31415129e-02 -6.84596311e-04
  7.42198604e-01 -3.26430668e-02 -6.88800370e-04  7.43270284e-01
 -3.21347285e-02 -6.93116072e-04  7.44383491e-01 -3.16164117e-02
 -6.97539067e-04  7.45538416e-01 -3.10880302e-02 -7.02063848e-04
  7.46735255e-01 -3.05494985e-02 -7.06683839e-04  7.47974209e-01
 -3.00007320e-02 -7.11391569e-04  7.49255484e-01 -2.94416477e-02
 -7.16178947e-04  7.50579291e-01 -2.88721640e-02 -7.21037644e-04
  7.51945842e-01 -2.82922014e-02 -7.25959579e-04  7.53355353e-01
 -2.77016819e-02 -7.30937517e-04  7.54808042e-01 -2.71005294e-02
 -7.35965746e-04  7.56304128e-01 -2.64886683e-02 -7.41040834e-04
  7.57843830e-01 -2.58660237e-02 -7.46162419e-04  7.59427367e-01
 -2.52325195e-02 -7.51333994e-04  7.61054959e-01 -2.45880777e-02
 -7.56563645e-04  7.62726824e-01 -2.39326165e-02 -7.61864667e-04
  7.64443182e-01 -2.32660484e-02 -7.67255997e-04  7.66204253e-01
 -2.25882785e-02 -7.72762381e-04  7.68010259e-01 -2.18992023e-02
 -7.78414187e-04  7.69861424e-01 -2.11987036e-02 -7.84246787e-04
  7.71757979e-01 -2.04866533e-02 -7.90299410e-04  7.73700159e-01
 -1.97629074e-02 -7.96613392e-04  7.75688212e-01 -1.90273070e-02
 -8.03229762e-04  7.77722394e-01 -1.82796778e-02 -8.10186105e-04
  7.79802978e-01 -1.75198321e-02 -8.17512678e-04  7.81930253e-01
 -1.67475708e-02 -8.25227811e-04  7.84104526e-01 -1.59626883e-02
 -8.33332606e-04  7.86326127e-01 -1.51649787e-02 -8.41805075e-04
  7.88595405e-01 -1.43542439e-02 -8.50593839e-04  7.90912729e-01
 -1.35303043e-02 -8.59611611e-04  7.93278487e-01 -1.26930121e-02
 -8.68728736e-04  7.95693080e-01 -1.18422666e-02 -8.77767131e-04
  7.98156914e-01 -1.09780314e-02 -8.86495002e-04  8.00670395e-01
 -1.01003545e-02 -8.94622802e-04  8.03233910e-01 -9.20938931e-03
 -9.01800908e-04  8.05847815e-01 -8.30541657e-03 -9.07619538e-04
  8.08512412e-01 -7.38886696e-03 -9.11611417e-04  8.11227931e-01
 -6.46034262e-03 -9.13257688e-04  8.13994495e-01 -5.52063699e-03
 -9.11997506e-04  8.16812097e-01 -4.57075156e-03 -9.07241661e-04
  8.19680564e-01 -3.61190806e-03 -8.98390438e-04  8.22599524e-01
 -2.64555483e-03 -8.84855759e-04  8.25568368e-01 -1.67336574e-03
 -8.66087397e-04  8.28586218e-01 -6.97230222e-04 -8.41602837e-04
  8.31651890e-01  2.80766704e-04 -8.11019996e-04  8.34763870e-01
  1.25837555e-03 -7.74091695e-04  8.37920286e-01  2.23322519e-03
 -7.30740416e-04  8.41118892e-01  3.20287762e-03 -6.81091456e-04
  8.44357063e-01  4.16489404e-03 -6.25502240e-04  8.47631799e-01
  5.11691106e-03 -5.64585165e-04  8.50939743e-01  6.05672490e-03
 -4.99221044e-04  8.54277217e-01  6.98238044e-03 -4.30559959e-04
  8.57640269e-01  7.89226076e-03 -3.60006199e-04  8.61024739e-01
  8.78517200e-03 -2.89183909e-04  8.64426344e-01  9.66041688e-03
 -2.19880263e-04  8.67840767e-01  1.05178493e-02 -1.53963257e-04
  8.71263771e-01  1.13579012e-02 -9.32718151e-05  8.74691308e-01
  1.21815727e-02 -3.94766629e-05  8.78119636e-01  1.29903752e-02
  6.08851036e-06  8.81545426e-01]
2025-04-16 21:32:30,231 - INFO - Control limits active - Aileron: [False False False False False False False False False False False False
 False False False False False False False False False False False False
 False False False False False False False False False False False False
 False False False False False False False False False False False False
 False False False False False False False False False False False False
 False False False False False False False False False False False False
 False False False False False False False False False False False False
 False False False False False False False False False False False False
 False False False False False False False False False False False False
 False False False False False False False False False False False False
 False False False False False False False False False False False False
 False False False False False False False False False False False False
 False False False False False False False False False False False False
 False False False False False False False False False False False False
 False False False False False False False False False False False False
 False False False False False False False False False False False False
 False False False False False False False False], Elevator: [False False False False False False False False False False False False
 False False False False False False False False False False False False
 False False False False False False False False False False False False
 False False False False False False False False False False False False
 False False False False False False False False False False False False
 False False False False False False False False False False False False
 False False False False False False False False False False False False
 False False False False False False False False False False False False
 False False False False False False False False False False False False
 False False False False False False False False False False False False
 False False False False False False False False False False False False
 False False False False False False False False False False False False
 False False False False False False False False False False False False
 False False False False False False False False False False False False
 False False False False False False False False False False False False
 False False False False False False False False False False False False
 False False False False False False False False]
2025-04-16 21:32:30,239 - INFO - State constraints:
2025-04-16 21:32:30,240 - INFO - Airspeed values: [[50, 49.9582, 49.9171, 49.8765, 49.8362, 49.7961, 49.7561, 49.7161, 49.6762, 49.6362, 49.5961, 49.5559, 49.5156, 49.4752, 49.4346, 49.3939, 49.3529, 49.3119, 49.2707, 49.2293, 49.1879, 49.1463, 49.1047, 49.0629, 49.0211, 48.9793, 48.9374, 48.8954, 48.8534, 48.8114, 48.7693, 48.7272, 48.685, 48.6428, 48.6006, 48.5583, 48.516, 48.4736, 48.4312, 48.3887, 48.3462, 48.3036, 48.261, 48.2183, 48.1756, 48.1328, 48.09, 48.0471, 48.0041, 47.9611, 47.9181, 47.875, 47.8319, 47.7887, 47.7455, 47.7022, 47.6589, 47.6155, 47.5721, 47.5286, 47.4851, 47.4416, 47.398, 47.3544, 47.3107, 47.267, 47.2232, 47.1794, 47.1356, 47.0917, 47.0478, 47.0038, 46.9598, 46.9158, 46.8717, 46.8276, 46.7835, 46.7393, 46.695, 46.6508, 46.6065, 46.5621, 46.5178, 46.4734, 46.4289, 46.3844, 46.3399, 46.2954, 46.2508, 46.2062, 46.1616, 46.1169, 46.0722, 46.0274, 45.9827, 45.9379, 45.893, 45.8482, 45.8033, 45.7584, 45.7134, 45.6684, 45.6234, 45.5784, 45.5334, 45.4883, 45.4432, 45.398, 45.3529, 45.3077, 45.2625, 45.2172, 45.172, 45.1267, 45.0814, 45.036, 44.9907, 44.9453, 44.8999, 44.8545, 44.809, 44.7636, 44.7181, 44.6726, 44.6271, 44.5815, 44.536, 44.4904, 44.4448, 44.3992, 44.3535, 44.3079, 44.2622, 44.2165, 44.1708, 44.1251, 44.0794, 44.0337, 43.9879, 43.9421, 43.8963, 43.8505, 43.8047, 43.7589, 43.7131, 43.6672, 43.6214, 43.5755, 43.5296, 43.4837, 43.4378, 43.3919, 43.346, 43.3, 43.2541, 43.2081, 43.1622, 43.1162, 43.0703, 43.0243, 42.9783, 42.9323, 42.8863, 42.8403, 42.7943, 42.7483, 42.7023, 42.6563, 42.6102, 42.5642, 42.5182, 42.4722, 42.4261, 42.3801, 42.3341, 42.288, 42.242, 42.196, 42.1499, 42.1039, 42.0579, 42.0118, 41.9658, 41.9198, 41.8737, 41.8277, 41.7817, 41.7357, 41.6897, 41.6437, 41.5976, 41.5516, 41.5057, 41.4597, 41.4137, 41.3677, 41.3217, 41.2758, 41.2298, 41.1839]]
2025-04-16 21:32:30,240 - INFO - Alpha values: [[2e-08, -0.00184444, -0.00337163, -0.00457783, -0.00547532, -0.00608824, -0.00644887, -0.00659441, -0.00656418, -0.00639736, -0.00613116, -0.00579954, -0.00543224, -0.00505431, -0.00468589, -0.00434232, -0.00403441, -0.00376894, -0.00354918, -0.00337551, -0.00324602, -0.00315712, -0.00310405, -0.00308141, -0.00308351, -0.00310472, -0.00313976, -0.0031838, -0.00323266, -0.00328283, -0.00333149, -0.0033765, -0.00341636, -0.00345013, -0.00347734, -0.00349793, -0.00351218, -0.00352057, -0.00352377, -0.00352253, -0.00351766, -0.00350994, -0.00350014, -0.00348893, -0.00347693, -0.00346465, -0.0034525, -0.00344079, -0.00342977, -0.00341958, -0.0034103, -0.00340196, -0.00339452, -0.00338792, -0.00338208, -0.0033769, -0.00337225, -0.00336803, -0.00336414, -0.00336046, -0.00335691, -0.00335341, -0.0033499, -0.00334633, -0.00334266, -0.00333885, -0.00333491, -0.00333081, -0.00332657, -0.00332218, -0.00331767, -0.00331303, -0.00330828, -0.00330345, -0.00329855, -0.00329359, -0.00328859, -0.00328355, -0.00327849, -0.00327342, -0.00326834, -0.00326326, -0.00325818, -0.0032531, -0.00324802, -0.00324295, -0.00323788, -0.00323281, -0.00322773, -0.00322266, -0.00321757, -0.00321248, -0.00320737, -0.00320225, -0.00319712, -0.00319197, -0.00318681, -0.00318162, -0.00317642, -0.0031712, -0.00316595, -0.00316069, -0.00315541, -0.0031501, -0.00314478, -0.00313944, -0.00313407, -0.00312869, -0.00312329, -0.00311787, -0.00311243, -0.00310697, -0.0031015, -0.00309601, -0.00309049, -0.00308497, -0.00307942, -0.00307385, -0.00306827, -0.00306267, -0.00305704, -0.00305141, -0.00304575, -0.00304007, -0.00303438, -0.00302866, -0.00302293, -0.00301718, -0.00301141, -0.00300562, -0.00299981, -0.00299398, -0.00298813, -0.00298226, -0.00297637, -0.00297046, -0.00296453, -0.00295859, -0.00295262, -0.00294663, -0.00294062, -0.00293459, -0.00292854, -0.00292247, -0.00291638, -0.00291027, -0.00290414, -0.00289799, -0.00289182, -0.00288562, -0.00287941, -0.00287317, -0.00286692, -0.00286064, -0.00285434, -0.00284802, -0.00284168, -0.00283532, -0.00282893, -0.00282253, -0.0028161, -0.00280965, -0.00280318, -0.00279669, -0.00279017, -0.00278364, -0.00277708, -0.0027705, -0.0027639, -0.00275727, -0.00275062, -0.00274395, -0.00273726, -0.00273055, -0.00272381, -0.00271705, -0.00271027, -0.00270346, -0.00269663, -0.00268978, -0.0026829, -0.002676, -0.00266908, -0.00266214, -0.00265517, -0.00264818, -0.00264116, -0.00263412, -0.00262706, -0.00261998, -0.00261287, -0.00260573, -0.00259857, -0.00259139, -0.00258418, -0.00257695, -0.0025697, -0.00256242, -0.00255512, -0.00254779]]
2025-04-16 21:32:30,240 - INFO - Beta values: [[2e-08, 1.97924e-08, 1.94114e-08, 1.88634e-08, 1.8158e-08, 1.73063e-08, 1.63214e-08, 1.52174e-08, 1.40095e-08, 1.27141e-08, 1.1348e-08, 9.92854e-09, 8.47353e-09, 7.00064e-09, 5.52748e-09, 4.07128e-09, 2.64871e-09, 1.2757e-09, -3.2754e-11, -1.26273e-09, -2.40151e-09, -3.43774e-09, -4.36148e-09, -5.16433e-09, -5.83945e-09, -6.38163e-09, -6.78729e-09, -7.0545e-09, -7.18294e-09, -7.17388e-09, -7.03012e-09, -6.75593e-09, -6.35697e-09, -5.84018e-09, -5.21367e-09, -4.48663e-09, -3.66916e-09, -2.77219e-09, -1.80728e-09, -7.86529e-10, 2.77619e-10, 1.37248e-09, 2.48532e-09, 3.60344e-09, 4.71437e-09, 5.80598e-09, 6.86662e-09, 7.8852e-09, 8.85135e-09, 9.75548e-09, 1.05889e-08, 1.13438e-08, 1.20136e-08, 1.25925e-08, 1.30761e-08, 1.34608e-08, 1.37446e-08, 1.39261e-08, 1.40054e-08, 1.39838e-08, 1.38632e-08, 1.36469e-08, 1.33392e-08, 1.29449e-08, 1.24701e-08, 1.19213e-08, 1.13058e-08, 1.06313e-08, 9.90628e-09, 9.13928e-09, 8.33923e-09, 7.5152e-09, 6.67634e-09, 5.83175e-09, 4.99041e-09, 4.16108e-09, 3.35221e-09, 2.57185e-09, 1.82759e-09, 1.1265e-09, 4.75045e-10, -1.20966e-10, -6.56411e-10, -1.1269e-09, -1.52881e-09, -1.85929e-09, -2.11629e-09, -2.29856e-09, -2.40563e-09, -2.43781e-09, -2.39617e-09, -2.28252e-09, -2.09935e-09, -1.84981e-09, -1.53765e-09, -1.16718e-09, -7.43219e-10, -2.71012e-10, 2.43816e-10, 7.95328e-10, 1.37734e-09, 1.9835e-09, 2.60732e-09, 3.24231e-09, 3.88197e-09, 4.5199e-09, 5.14984e-09, 5.76576e-09, 6.36185e-09, 6.93266e-09, 7.47307e-09, 7.97837e-09, 8.4443e-09, 8.86706e-09, 9.24334e-09, 9.57037e-09, 9.84591e-09, 1.00682e-08, 1.02362e-08, 1.03493e-08, 1.04073e-08, 1.04107e-08, 1.03606e-08, 1.02583e-08, 1.01059e-08, 9.90576e-09, 9.66057e-09, 9.37352e-09, 9.04811e-09, 8.68811e-09, 8.29755e-09, 7.88067e-09, 7.44185e-09, 6.98562e-09, 6.51655e-09, 6.03926e-09, 5.55834e-09, 5.07832e-09, 4.60365e-09, 4.13861e-09, 3.68733e-09, 3.25372e-09, 2.84144e-09, 2.45391e-09, 2.09422e-09, 1.76516e-09, 1.46919e-09, 1.2084e-09, 9.8453e-10, 7.98959e-10, 6.5268e-10, 5.46313e-10, 4.80108e-10, 4.53947e-10, 4.67356e-10, 5.19517e-10, 6.09281e-10, 7.35186e-10, 8.95478e-10, 1.08813e-09, 1.31088e-09, 1.56123e-09, 1.8365e-09, 2.13383e-09, 2.45024e-09, 2.78263e-09, 3.12782e-09, 3.4826e-09, 3.84371e-09, 4.20794e-09, 4.57207e-09, 4.93298e-09, 5.28763e-09, 5.63308e-09, 5.96655e-09, 6.28541e-09, 6.58719e-09, 6.86964e-09, 7.13071e-09, 7.36856e-09, 7.58161e-09, 7.76849e-09, 7.9281e-09, 8.05959e-09, 8.16236e-09, 8.23606e-09, 8.28058e-09, 8.29609e-09, 8.28297e-09, 8.24184e-09, 8.17354e-09, 8.07911e-09, 7.95981e-09, 7.81706e-09, 7.65245e-09, 7.46772e-09, 7.26474e-09, 7.04549e-09, 6.81206e-09, 6.5666e-09]]
2025-04-16 21:32:32,066 - INFO - Iteration 1
2025-04-16 21:32:32,071 - INFO - Final position: [ 9.53038541e+01  3.04936154e+00 -1.95123317e+02  4.63870328e+01
  2.52387072e+00  4.74493811e+00  3.74777543e-02 -6.90876713e-02
  2.78123015e-02  1.01062403e+00  2.32529066e-04  1.10992725e-01
  5.96025962e-02]
2025-04-16 21:32:32,075 - INFO - Final velocity: -195.12331737837332
2025-04-16 21:32:32,078 - INFO - Final control: [-3.66793442e-06 -3.29432841e-04 -5.67369399e-05  0.00000000e+00
  0.00000000e+00  0.00000000e+00]
2025-04-16 21:32:32,085 - INFO - Final control rate: [ 6.29869445e-04  1.18480509e-03 -7.35282053e-05  0.00000000e+00
  0.00000000e+00  0.00000000e+00]
2025-04-16 21:32:32,381 - INFO - Condition numbers: 788.7576196317119
2025-04-16 21:32:32,518 - WARNING - Large dynamics violation at node 2: 0.0012688341226484749
2025-04-16 21:32:32,531 - WARNING - Large dynamics violation at node 3: 0.001724030565366297
2025-04-16 21:32:32,542 - WARNING - Large dynamics violation at node 4: 0.0021282063441894145
2025-04-16 21:32:32,554 - WARNING - Large dynamics violation at node 5: 0.002662302092101814
2025-04-16 21:32:32,565 - WARNING - Large dynamics violation at node 6: 0.0034365598118896085
2025-04-16 21:32:32,576 - WARNING - Large dynamics violation at node 7: 0.004417362997789592
2025-04-16 21:32:32,588 - WARNING - Large dynamics violation at node 8: 0.00550923018290839
2025-04-16 21:32:32,599 - WARNING - Large dynamics violation at node 9: 0.0066293635649729635
2025-04-16 21:32:32,610 - WARNING - Large dynamics violation at node 10: 0.007732065214673349
2025-04-16 21:32:32,621 - WARNING - Large dynamics violation at node 11: 0.008810026756761779
2025-04-16 21:32:32,634 - WARNING - Large dynamics violation at node 12: 0.009886650437540126
2025-04-16 21:32:32,645 - WARNING - Large dynamics violation at node 13: 0.011002845918232125
2025-04-16 21:32:32,656 - WARNING - Large dynamics violation at node 14: 0.01220081373112579
2025-04-16 21:32:32,667 - WARNING - Large dynamics violation at node 15: 0.013510030019330738
2025-04-16 21:32:32,679 - WARNING - Large dynamics violation at node 16: 0.01494294479148116
2025-04-16 21:32:32,690 - WARNING - Large dynamics violation at node 17: 0.014245441622625272
2025-04-16 21:32:32,701 - WARNING - Large dynamics violation at node 18: 0.021898853265702126
2025-04-16 21:32:32,714 - WARNING - Large dynamics violation at node 19: 0.022938757139194212
2025-04-16 21:32:32,725 - WARNING - Large dynamics violation at node 20: 0.0240672230219766
2025-04-16 21:32:32,737 - WARNING - Large dynamics violation at node 21: 0.025231855717150822
2025-04-16 21:32:32,748 - WARNING - Large dynamics violation at node 22: 0.026371610748151374
2025-04-16 21:32:32,759 - WARNING - Large dynamics violation at node 23: 0.02742043985139046
2025-04-16 21:32:32,771 - WARNING - Large dynamics violation at node 24: 0.028314314086614428
2025-04-16 21:32:32,782 - WARNING - Large dynamics violation at node 25: 0.02899884550595668
2025-04-16 21:32:32,793 - WARNING - Large dynamics violation at node 26: 0.029434984721960954
2025-04-16 21:32:32,804 - WARNING - Large dynamics violation at node 27: 0.02960152792295546
2025-04-16 21:32:32,817 - WARNING - Large dynamics violation at node 28: 0.029494411855413436
2025-04-16 21:32:32,828 - WARNING - Large dynamics violation at node 29: 0.029123568647119135
2025-04-16 21:32:32,840 - WARNING - Large dynamics violation at node 30: 0.02850844069514124
2025-04-16 21:32:32,852 - WARNING - Large dynamics violation at node 31: 0.027673261956264898
2025-04-16 21:32:32,864 - WARNING - Large dynamics violation at node 32: 0.026643040014698013
2025-04-16 21:32:32,877 - WARNING - Large dynamics violation at node 33: 0.025440925040475668
2025-04-16 21:32:32,889 - WARNING - Large dynamics violation at node 34: 0.02408739114839652
2025-04-16 21:32:32,902 - WARNING - Large dynamics violation at node 35: 0.022601421323806388
2025-04-16 21:32:32,914 - WARNING - Large dynamics violation at node 36: 0.021003697915391355
2025-04-16 21:32:32,928 - WARNING - Large dynamics violation at node 37: 0.019321651999866893
2025-04-16 21:32:32,942 - WARNING - Large dynamics violation at node 38: 0.017596066291761112
2025-04-16 21:32:32,953 - WARNING - Large dynamics violation at node 39: 0.013969417732436488
2025-04-16 21:32:32,965 - WARNING - Large dynamics violation at node 40: 0.016530555454315716
2025-04-16 21:32:32,976 - WARNING - Large dynamics violation at node 41: 0.0160505742646671
2025-04-16 21:32:32,988 - WARNING - Large dynamics violation at node 42: 0.015707346794556834
2025-04-16 21:32:32,999 - WARNING - Large dynamics violation at node 43: 0.015510131504075136
2025-04-16 21:32:33,010 - WARNING - Large dynamics violation at node 44: 0.015456358569833926
2025-04-16 21:32:33,022 - WARNING - Large dynamics violation at node 45: 0.015537857902254607
2025-04-16 21:32:33,034 - WARNING - Large dynamics violation at node 46: 0.01574459148226831
2025-04-16 21:32:33,045 - WARNING - Large dynamics violation at node 47: 0.01606568724877859
2025-04-16 21:32:33,060 - WARNING - Large dynamics violation at node 48: 0.01648918312180645
2025-04-16 21:32:33,075 - WARNING - Large dynamics violation at node 49: 0.01703388083643946
2025-04-16 21:32:33,090 - WARNING - Large dynamics violation at node 50: 0.017975550091632726
2025-04-16 21:32:33,107 - WARNING - Large dynamics violation at node 51: 0.018983372067609063
2025-04-16 21:32:33,130 - WARNING - Large dynamics violation at node 52: 0.01997642660109087
2025-04-16 21:32:33,145 - WARNING - Large dynamics violation at node 53: 0.020941926594630404
2025-04-16 21:32:33,161 - WARNING - Large dynamics violation at node 54: 0.021869534438773774
2025-04-16 21:32:33,179 - WARNING - Large dynamics violation at node 55: 0.0227511050069425
2025-04-16 21:32:33,192 - WARNING - Large dynamics violation at node 56: 0.02358043457325384
2025-04-16 21:32:33,203 - WARNING - Large dynamics violation at node 57: 0.02435303258942368
2025-04-16 21:32:33,214 - WARNING - Large dynamics violation at node 58: 0.02506591846786195
2025-04-16 21:32:33,225 - WARNING - Large dynamics violation at node 59: 0.02571744019851592
2025-04-16 21:32:33,237 - WARNING - Large dynamics violation at node 60: 0.026307112212666267
2025-04-16 21:32:33,248 - WARNING - Large dynamics violation at node 61: 0.02683547241328543
2025-04-16 21:32:33,260 - WARNING - Large dynamics violation at node 62: 0.027303959953452812
2025-04-16 21:32:33,272 - WARNING - Large dynamics violation at node 63: 0.027714814951006448
2025-04-16 21:32:33,283 - WARNING - Large dynamics violation at node 64: 0.028070998928253283
2025-04-16 21:32:33,294 - WARNING - Large dynamics violation at node 65: 0.028376131225830086
2025-04-16 21:32:33,305 - WARNING - Large dynamics violation at node 66: 0.028634433297512855
2025-04-16 21:32:33,317 - WARNING - Large dynamics violation at node 67: 0.02885067122455765
2025-04-16 21:32:33,328 - WARNING - Large dynamics violation at node 68: 0.02903008857102191
2025-04-16 21:32:33,340 - WARNING - Large dynamics violation at node 69: 0.029178328020086845
2025-04-16 21:32:33,354 - WARNING - Large dynamics violation at node 70: 0.02937818114216025
2025-04-16 21:32:33,368 - WARNING - Large dynamics violation at node 71: 0.02982882067385773
2025-04-16 21:32:33,386 - WARNING - Large dynamics violation at node 72: 0.030318857954280132
2025-04-16 21:32:33,401 - WARNING - Large dynamics violation at node 73: 0.030833573494384942
2025-04-16 21:32:33,414 - WARNING - Large dynamics violation at node 74: 0.031375837162660944
2025-04-16 21:32:33,427 - WARNING - Large dynamics violation at node 75: 0.03194741882665308
2025-04-16 21:32:33,444 - WARNING - Large dynamics violation at node 76: 0.03254924973346507
2025-04-16 21:32:33,459 - WARNING - Large dynamics violation at node 77: 0.03318181067110864
2025-04-16 21:32:33,476 - WARNING - Large dynamics violation at node 78: 0.033845598474894066
2025-04-16 21:32:33,490 - WARNING - Large dynamics violation at node 79: 0.03454164862975281
2025-04-16 21:32:33,501 - WARNING - Large dynamics violation at node 80: 0.03311783967554856
2025-04-16 21:32:33,516 - WARNING - Large dynamics violation at node 81: 0.02581673506530911
2025-04-16 21:32:33,530 - WARNING - Large dynamics violation at node 82: 0.025828024683684603
2025-04-16 21:32:33,543 - WARNING - Large dynamics violation at node 83: 0.026003343951327734
2025-04-16 21:32:33,555 - WARNING - Large dynamics violation at node 84: 0.026341131458011306
2025-04-16 21:32:33,567 - WARNING - Large dynamics violation at node 85: 0.026834977616328394
2025-04-16 21:32:33,580 - WARNING - Large dynamics violation at node 86: 0.027475230610237846
2025-04-16 21:32:33,597 - WARNING - Large dynamics violation at node 87: 0.02825074272006515
2025-04-16 21:32:33,614 - WARNING - Large dynamics violation at node 88: 0.02915064304861589
2025-04-16 21:32:33,630 - WARNING - Large dynamics violation at node 89: 0.030165926007039334
2025-04-16 21:32:33,643 - WARNING - Large dynamics violation at node 90: 0.03129063596029958
2025-04-16 21:32:33,656 - WARNING - Large dynamics violation at node 91: 0.03252249179692813
2025-04-16 21:32:33,668 - WARNING - Large dynamics violation at node 92: 0.03386288782264883
2025-04-16 21:32:33,684 - WARNING - Large dynamics violation at node 93: 0.035316293056021256
2025-04-16 21:32:33,696 - WARNING - Large dynamics violation at node 94: 0.036889134410787436
2025-04-16 21:32:33,708 - WARNING - Large dynamics violation at node 95: 0.03858829157606507
2025-04-16 21:32:33,720 - WARNING - Large dynamics violation at node 96: 0.0404193584497158
2025-04-16 21:32:33,732 - WARNING - Large dynamics violation at node 97: 0.04377002830373565
2025-04-16 21:32:33,744 - WARNING - Large dynamics violation at node 98: 0.05250488769277286
2025-04-16 21:32:33,756 - WARNING - Large dynamics violation at node 99: 0.05387756706789286
2025-04-16 21:32:33,775 - WARNING - Large dynamics violation at node 100: 0.055295299596019476
2025-04-16 21:32:33,791 - WARNING - Large dynamics violation at node 101: 0.056759273688327436
2025-04-16 21:32:33,807 - WARNING - Large dynamics violation at node 102: 0.05826815727022054
2025-04-16 21:32:33,829 - WARNING - Large dynamics violation at node 103: 0.05981845771206141
2025-04-16 21:32:33,846 - WARNING - Large dynamics violation at node 104: 0.06140516097672254
2025-04-16 21:32:33,866 - WARNING - Large dynamics violation at node 105: 0.06302548678641515
2025-04-16 21:32:33,881 - WARNING - Large dynamics violation at node 106: 0.06473415154809821
2025-04-16 21:32:33,897 - WARNING - Large dynamics violation at node 107: 0.06646963102410555
2025-04-16 21:32:33,912 - WARNING - Large dynamics violation at node 108: 0.0681874259873206
2025-04-16 21:32:33,927 - WARNING - Large dynamics violation at node 109: 0.06988410131008857
2025-04-16 21:32:33,939 - WARNING - Large dynamics violation at node 110: 0.07155693292438604
2025-04-16 21:32:33,952 - WARNING - Large dynamics violation at node 111: 0.07320407061704466
2025-04-16 21:32:33,964 - WARNING - Large dynamics violation at node 112: 0.0748246084611507
2025-04-16 21:32:33,977 - WARNING - Large dynamics violation at node 113: 0.07641859093499051
2025-04-16 21:32:33,988 - WARNING - Large dynamics violation at node 114: 0.07798697495204694
2025-04-16 21:32:34,000 - WARNING - Large dynamics violation at node 115: 0.0795315613003945
2025-04-16 21:32:34,014 - WARNING - Large dynamics violation at node 116: 0.08105490410546393
2025-04-16 21:32:34,026 - WARNING - Large dynamics violation at node 117: 0.08256020402089002
2025-04-16 21:32:34,039 - WARNING - Large dynamics violation at node 118: 0.08405118959831344
2025-04-16 21:32:34,051 - WARNING - Large dynamics violation at node 119: 0.08553199112151523
2025-04-16 21:32:34,064 - WARNING - Large dynamics violation at node 120: 0.08700701149929492
2025-04-16 21:32:34,076 - WARNING - Large dynamics violation at node 121: 0.08848079909480219
2025-04-16 21:32:34,091 - WARNING - Large dynamics violation at node 122: 0.08995792731347142
2025-04-16 21:32:34,104 - WARNING - Large dynamics violation at node 123: 0.09144288526804907
2025-04-16 21:32:34,116 - WARNING - Large dynamics violation at node 124: 0.09293998293396846
2025-04-16 21:32:34,130 - WARNING - Large dynamics violation at node 125: 0.09445327304722605
2025-04-16 21:32:34,144 - WARNING - Large dynamics violation at node 126: 0.0959864907560805
2025-04-16 21:32:34,159 - WARNING - Large dynamics violation at node 127: 0.09754301087985606
2025-04-16 21:32:34,174 - WARNING - Large dynamics violation at node 128: 0.09912582166848687
2025-04-16 21:32:34,188 - WARNING - Large dynamics violation at node 129: 0.1007375132586199
2025-04-16 21:32:34,202 - WARNING - Large dynamics violation at node 130: 0.10238027859766342
2025-04-16 21:32:34,217 - WARNING - Large dynamics violation at node 131: 0.10405592443156557
2025-04-16 21:32:34,240 - WARNING - Large dynamics violation at node 132: 0.10576588997668032
2025-04-16 21:32:34,268 - WARNING - Large dynamics violation at node 133: 0.10751127106545424
2025-04-16 21:32:34,287 - WARNING - Large dynamics violation at node 134: 0.10929284781379216
2025-04-16 21:32:34,302 - WARNING - Large dynamics violation at node 135: 0.11111111415950019
2025-04-16 21:32:34,318 - WARNING - Large dynamics violation at node 136: 0.11296630793021724
2025-04-16 21:32:34,331 - WARNING - Large dynamics violation at node 137: 0.11485844039261421
2025-04-16 21:32:34,343 - WARNING - Large dynamics violation at node 138: 0.1167873244979018
2025-04-16 21:32:34,359 - WARNING - Large dynamics violation at node 139: 0.11875260126661842
2025-04-16 21:32:34,373 - WARNING - Large dynamics violation at node 140: 0.1207537639471478
2025-04-16 21:32:34,387 - WARNING - Large dynamics violation at node 141: 0.12279017973984974
2025-04-16 21:32:34,398 - WARNING - Large dynamics violation at node 142: 0.12486110900673579
2025-04-16 21:32:34,411 - WARNING - Large dynamics violation at node 143: 0.1269657219892534
2025-04-16 21:32:34,424 - WARNING - Large dynamics violation at node 144: 0.1291031131383745
2025-04-16 21:32:34,437 - WARNING - Large dynamics violation at node 145: 0.13127231322546676
2025-04-16 21:32:34,449 - WARNING - Large dynamics violation at node 146: 0.13347229945160938
2025-04-16 21:32:34,462 - WARNING - Large dynamics violation at node 147: 0.1357020038095454
2025-04-16 21:32:34,475 - WARNING - Large dynamics violation at node 148: 0.1379603199766814
2025-04-16 21:32:34,488 - WARNING - Large dynamics violation at node 149: 0.14024610903018386
2025-04-16 21:32:34,502 - WARNING - Large dynamics violation at node 150: 0.1425582042760975
2025-04-16 21:32:34,515 - WARNING - Large dynamics violation at node 151: 0.14489541547207646
2025-04-16 21:32:34,528 - WARNING - Large dynamics violation at node 152: 0.1472565326978677
2025-04-16 21:32:34,542 - WARNING - Large dynamics violation at node 153: 0.14964033008663583
2025-04-16 21:32:34,555 - WARNING - Large dynamics violation at node 154: 0.1520455695734192
2025-04-16 21:32:34,568 - WARNING - Large dynamics violation at node 155: 0.1544710047434107
2025-04-16 21:32:34,582 - WARNING - Large dynamics violation at node 156: 0.15691538477208367
2025-04-16 21:32:34,594 - WARNING - Large dynamics violation at node 157: 0.15937745834313807
2025-04-16 21:32:34,606 - WARNING - Large dynamics violation at node 158: 0.1618559773101197
2025-04-16 21:32:34,619 - WARNING - Large dynamics violation at node 159: 0.1643496997387757
2025-04-16 21:32:34,631 - WARNING - Large dynamics violation at node 160: 0.16685739183410278
2025-04-16 21:32:34,643 - WARNING - Large dynamics violation at node 161: 0.16937782812743887
2025-04-16 21:32:34,656 - WARNING - Large dynamics violation at node 162: 0.1719097891841516
2025-04-16 21:32:34,669 - WARNING - Large dynamics violation at node 163: 0.1744520560019415
2025-04-16 21:32:34,683 - WARNING - Large dynamics violation at node 164: 0.17700340021691802
2025-04-16 21:32:34,695 - WARNING - Large dynamics violation at node 165: 0.17956256923038824
2025-04-16 21:32:34,708 - WARNING - Large dynamics violation at node 166: 0.18212826542723168
2025-04-16 21:32:34,722 - WARNING - Large dynamics violation at node 167: 0.18469911878628667
2025-04-16 21:32:34,734 - WARNING - Large dynamics violation at node 168: 0.18727365239238078
2025-04-16 21:32:34,746 - WARNING - Large dynamics violation at node 169: 0.1898502406527219
2025-04-16 21:32:34,758 - WARNING - Large dynamics violation at node 170: 0.1924270603958807
