2025-04-16 21:06:25,314 - INFO - Starting optimization logging
2025-04-16 21:06:25,315 - INFO - Iteration 0
2025-04-16 21:06:25,320 - INFO - Final position: [  14.84683287    4.79604531 -206.89214968   -1.20529885    2.65523481
    1.26492799   -0.70972419   -0.57172603    0.31568793    0.26412508
   48.55348579   10.60374535   21.28378361]
2025-04-16 21:06:25,325 - INFO - Final velocity: -206.8921496846089
2025-04-16 21:06:25,329 - INFO - Final control: [0. 0. 0. 0. 0. 0.]
2025-04-16 21:06:25,339 - INFO - Final control rate: [0. 0. 0. 0. 0. 0.]
2025-04-16 21:06:25,691 - INFO - Condition numbers: 76.97575625556478
2025-04-16 21:06:28,661 - INFO - No significant dynamics violations detected
2025-04-16 21:06:28,662 - INFO - Active constraints: 970 constraints
2025-04-16 21:06:28,666 - INFO - Constraint values: [-2.00000000e+02  5.00000000e+01  1.00000000e+00  5.00000010e+01
 -2.00000000e+02  4.99579715e+01 -3.98497123e-04 -2.00000481e+02
  4.99152534e+01  1.97089435e-03 -2.00001940e+02  4.98700409e+01
  6.77434485e-03 -2.00004572e+02  4.98195152e+01  1.39612952e-02
 -2.00008776e+02  4.97589969e+01  2.37144768e-02 -2.00015134e+02
  4.96808888e+01  3.64288557e-02 -2.00024400e+02  4.95732248e+01
  5.27191046e-02 -2.00037488e+02  4.94177683e+01  7.34551445e-02
 -2.00055421e+02  4.91879088e+01  9.98262209e-02 -2.00079220e+02
  4.88473467e+01  1.33422714e-01 -2.00109671e+02  4.83517907e+01
  1.76263133e-01 -2.00146886e+02  4.76559404e+01  2.30503478e-01
 -2.00189690e+02  4.67213509e+01  2.97378703e-01 -2.00235119e+02
  4.55123423e+01  3.75852066e-01 -2.00278680e+02  4.39923091e+01
  4.63380415e-01 -2.00315457e+02  4.21514900e+01 -7.95672800e-06
 -4.87333263e-06  5.58767882e-01 -2.00340972e+02  4.00387772e+01
 -2.14539902e-05 -1.30098437e-05  6.63455941e-01 -2.00351199e+02
  3.77652001e+01 -3.11902491e-05 -1.99829407e-05  7.80723910e-01
 -2.00342252e+02  3.54920414e+01 -3.44258350e-05 -2.35921405e-05
  9.14496503e-01 -2.00310226e+02  3.34190531e+01 -2.94989005e-05
 -2.19573130e-05  1.06829447e+00 -2.00251197e+02  3.17748025e+01
 -1.66700064e-05 -1.46685743e-05  1.24400592e+00 -2.00161265e+02
  3.08034090e+01  1.45177760e-06 -3.79578401e-06  1.44015905e+00
 -2.00036558e+02  3.06495027e+01  2.01770961e-05  6.28888528e-06
  1.59689676e+00 -1.99873219e+02  3.07397606e+01  3.44124142e-05
  1.12525333e-05  1.64941146e+00 -1.99709687e+02  3.06591259e+01
  4.18682097e-05  1.04561394e-05  1.59993254e+00 -1.99559939e+02
  3.07414841e+01  4.32938769e-05  5.23015156e-06  1.65391792e+00
 -1.99423829e+02  3.06360420e+01  4.20524144e-05 -1.57366000e-06
  1.60586642e+00 -1.99302255e+02  3.07097055e+01  4.31577213e-05
 -7.36993862e-06  1.66128146e+00 -1.99195060e+02  3.05699990e+01
  5.26437366e-05 -1.05927900e-05  1.61472998e+00 -1.99102952e+02
  3.06342262e+01  7.91593994e-05 -1.07356607e-05  1.67153378e+00
 -1.99025762e+02  3.04039386e+01  1.42427466e-04 -8.85539404e-06
  1.57487576e+00 -1.98963972e+02  3.04578475e+01  3.32493394e-04
 -6.24904320e-06  1.63404512e+00 -1.98932906e+02  3.03787515e+01
  4.37192048e-03 -4.23298752e-06  1.59207895e+00 -1.98917174e+02
  3.04223747e+01  3.14103146e+00 -3.58474048e-06  1.65245006e+00
 -1.98916611e+02  3.02741312e+01  3.14128906e+00 -4.54611340e-06
  1.61170062e+00 -1.98931323e+02  3.03068875e+01  3.14136699e+00
 -6.72348998e-06  1.67325130e+00 -1.98961134e+02  3.00247676e+01
  3.14140236e+00 -9.57850835e-06  1.58289505e+00 -1.99005826e+02
  3.00459884e+01  3.14142108e+00 -1.24784888e-05  1.64654169e+00
 -1.99080054e+02  2.98909135e+01  3.14143114e+00 -1.49379772e-05
  1.61022594e+00 -1.99168326e+02  2.99010746e+01  3.14143629e+00
 -1.66164078e-05  1.67488666e+00 -1.99270478e+02  2.95836145e+01
  3.14143826e+00 -1.80442370e-05  1.58959730e+00 -1.99385769e+02
  2.95824407e+01  3.14143809e+00 -1.95393950e-05  1.65613906e+00
 -1.99527112e+02  2.93341834e+01  3.14143603e+00 -2.14694951e-05
  1.57423376e+00 -1.99680257e+02  2.93222750e+01  3.14143244e+00
 -2.41224611e-05  1.64250354e+00 -1.99856844e+02  2.91442640e+01
  3.14142743e+00 -2.74314329e-05  1.61305214e+00 -2.00043737e+02
  2.90442516e+01  3.14142127e+00 -3.17168814e-05  1.58559125e+00
 -2.00250678e+02  2.90179634e+01  3.14141418e+00 -3.60892089e-05
  1.65577020e+00 -2.00466919e+02  2.87400563e+01  3.14140632e+00
 -4.09828536e-05  1.58019993e+00 -2.00690951e+02  2.87053717e+01
  3.14139781e+00 -4.64995101e-05  1.65184160e+00 -2.00930531e+02
  2.84339157e+01  3.14138876e+00 -5.26849999e-05  1.57923730e+00
 -2.01175951e+02  2.83922231e+01  3.14137928e+00 -5.96998542e-05
  1.65222490e+00 -2.01433108e+02  2.81110501e+01  3.14136954e+00
 -6.76187522e-05  1.58246669e+00 -2.01694054e+02  2.80638594e+01
  3.14135970e+00 -7.65904978e-05  1.65669693e+00 -2.01962735e+02
  2.77589983e+01  3.14135008e+00 -8.68113083e-05  1.58975790e+00
 -2.02233092e+02  2.77078837e+01  3.14134096e+00 -9.83033070e-05
  1.66513900e+00 -2.02507073e+02  2.73671468e+01  3.14133290e+00
 -1.11561110e-04  1.60109054e+00 -2.02780610e+02  2.73136911e+01
  3.14132641e+00 -1.26289687e-04  1.67754072e+00 -2.03053655e+02
  2.69264358e+01  3.14132252e+00 -1.43575488e-04  1.61655934e+00
 -2.03324191e+02  2.67812710e+01  3.14132207e+00 -1.65761358e-04
  1.60444730e+00 -2.03587871e+02  2.66671701e+01  3.14132765e+00
 -1.90860828e-04  1.59367260e+00 -2.03844787e+02  2.66184727e+01
  3.14134315e+00 -2.14428959e-04  1.67262258e+00 -2.04097281e+02
  2.62594039e+01  3.14137216e+00 -2.40368442e-04  1.61744329e+00
 -2.04343479e+02  2.61212465e+01  3.14141775e+00 -2.73117145e-04
  1.60981243e+00 -2.04572121e+02  2.60051440e+01  3.14148690e+00
 -3.10687028e-04  1.60339343e+00 -2.04787222e+02  2.59086363e+01
  3.14159079e+00 -3.52794400e-04  1.59810964e+00 -2.04987304e+02
  2.58295437e+01 -3.14143916e+00 -3.99220630e-04  1.59389338e+00
 -2.05170979e+02  2.58070288e+01 -3.14120569e+00 -4.42598703e-04
  1.67654502e+00 -2.05345465e+02  2.54660948e+01 -3.14085291e+00
 -4.92182063e-04  1.62898466e+00 -2.05509429e+02  2.52958060e+01
 -3.14031115e+00 -5.57242401e-04  1.58433860e+00 -2.05644180e+02
  2.52951873e+01 -3.13943680e+00 -6.29042898e-04  1.66920061e+00
 -2.05758563e+02  2.50040000e+01 -3.13790569e+00 -7.10868495e-04
  1.62623115e+00 -2.05861410e+02  2.48637176e+01 -3.13480622e+00
 -8.12734481e-04  1.58602009e+00 -2.05932418e+02  2.48878161e+01
 -3.12628125e+00 -9.19919806e-04  1.67315503e+00 -2.05981653e+02
  2.46104407e+01 -3.04458495e+00 -1.03778209e-03  1.63444332e+00
 -2.06019065e+02  2.44674820e+01 -3.69992209e-02 -1.18018056e-03
  1.59838123e+00 -2.06024175e+02  2.44606706e+01 -1.91660950e-02
 -1.34694269e-03  1.60630824e+00 -2.05997622e+02  2.44219978e+01
 -1.45390813e-02 -1.52644682e-03  1.57343678e+00 -2.05949948e+02
  2.44945080e+01 -1.25985601e-02 -1.70506332e-03  1.66536131e+00
 -2.05881387e+02  2.42854573e+01 -1.16820312e-02 -1.89397411e-03
  1.63318213e+00 -2.05802170e+02  2.41856321e+01 -1.12580093e-02
 -2.12365127e-03  1.60353074e+00 -2.05694623e+02  2.41834373e+01
 -1.11198596e-02 -2.40075928e-03  1.57620270e+00 -2.05560561e+02
  2.42910379e+01 -1.11699890e-02 -2.68638206e-03  1.67252882e+00
 -2.05409319e+02  2.40886355e+01 -1.13610861e-02 -2.99823984e-03
  1.64574718e+00 -2.05249919e+02  2.39753321e+01 -1.16595322e-02
 -3.37889408e-03  1.62148863e+00 -2.05069912e+02  2.39396562e+01
 -1.20405091e-02 -3.83604664e-03  1.59954266e+00 -2.04871955e+02
  2.39721873e+01 -1.24759111e-02 -4.36677376e-03  1.57969271e+00
 -2.04658763e+02  2.41117033e+01 -1.29341632e-02 -4.88966013e-03
  1.68246559e+00 -2.04436431e+02  2.39000769e+01 -1.33965850e-02
 -5.44636729e-03  1.66308135e+00 -2.04210650e+02  2.37498746e+01
 -1.38619144e-02 -6.11266221e-03  1.64629880e+00 -2.03978318e+02
  2.36497541e+01 -1.43115948e-02 -6.91375856e-03  1.63192355e+00
 -2.03742617e+02  2.35899199e+01 -1.46994577e-02 -7.85817255e-03
  1.61976940e+00 -2.03506705e+02  2.35618038e+01 -1.49467929e-02
 -8.94227151e-03  1.60966249e+00 -2.03273709e+02  2.35578121e+01
 -1.49355435e-02 -1.01566215e-02  1.60144420e+00 -2.03046717e+02
  2.35711268e+01 -1.44952806e-02 -1.14925055e-02  1.59497317e+00
 -2.02828757e+02  2.35955505e+01 -1.33767875e-02 -1.29473732e-02
  1.59012672e+00 -2.02622774e+02  2.36253829e+01 -1.11986989e-02
 -1.45284681e-02  1.58680163e+00 -2.02431587e+02  2.36553264e+01
 -7.33776649e-03 -1.62543855e-02  1.58491481e+00 -2.02257857e+02
  2.36804119e+01 -6.89677705e-04 -1.81547710e-02  1.58440357e+00
 -2.02104035e+02  2.36959429e+01  1.09090774e-02 -2.02687177e-02
  1.58522593e+00 -2.01972316e+02  2.36974550e+01  3.23192952e-02
 -2.26426100e-02  1.58736088e+00 -2.01864584e+02  2.36806877e+01
  7.70317341e-02 -2.53281787e-02  1.59080862e+00 -2.01782366e+02
  2.36415706e+01  2.00076461e-01 -2.83813945e-02  1.59559105e+00
 -2.01726780e+02  2.35762208e+01  9.44416088e-01 -3.18625785e-02
  1.60175223e+00 -2.01698493e+02  2.34809550e+01  2.59676235e+00
 -3.58378182e-02  1.60935925e+00 -2.01697686e+02  2.33523166e+01
  2.82209916e+00 -4.03815158e-02  1.61850314e+00 -2.01724034e+02
  2.31871202e+01  2.88450094e+00 -4.55797145e-02  1.62930010e+00
 -2.01776686e+02  2.29825169e+01  2.90872179e+00 -5.15337803e-02
  1.64189298e+00 -2.01854281e+02  2.27360821e+01  2.91774882e+00
 -5.83640365e-02  1.65645285e+00 -2.01954959e+02  2.24459319e+01
  2.91880272e+00 -6.62130276e-02  1.67318063e+00 -2.02076412e+02
  2.21108693e+01  2.91481360e+00 -7.52481522e-02  1.69230863e+00
 -2.02215934e+02  2.17305662e+01  2.90714983e+00 -8.56633834e-02
  1.71410143e+00 -2.02370507e+02  2.13057809e+01  2.89649933e+00
 -9.76796309e-02  1.73885565e+00 -2.02536890e+02  2.08386116e+01
  2.88321814e+00 -1.11542932e-01  1.76689751e+00 -2.02711730e+02
  2.03327775e+01  2.86749456e+00 -1.27519088e-01  1.79857657e+00
 -2.02891682e+02  1.97939115e+01  2.84944577e+00 -1.45882619e-01
  1.83425331e+00 -2.03073531e+02  1.92298289e+01  2.82919815e+00
 -1.66897120e-01  1.87427662e+00 -2.03254316e+02  1.86507170e+01
  2.80698693e+00 -1.90783700e-01  1.91894616e+00 -2.03431444e+02
  1.80691570e+01  2.78332015e+00 -2.17674893e-01  1.96845200e+00
 -2.03602788e+02  1.74998615e+01  2.75929214e+00 -2.47554602e-01
  2.02278267e+00 -2.03766766e+02  1.69589914e+01  2.73724202e+00
 -2.80192067e-01  2.08159213e+00 -2.03922379e+02  1.64629419e+01
  2.72226942e+00 -3.15090396e-01  2.14401972e+00 -2.04069225e+02
  1.60263689e+01  2.72613412e+00 -3.51449120e-01  2.20846852e+00
 -2.04207453e+02  1.56501425e+01  2.77828231e+00 -3.86716314e-01
  2.27238253e+00 -2.04337674e+02  1.53308527e+01  2.96023040e+00
 -4.19014878e-01  2.33218358e+00 -2.04460812e+02  1.50682582e+01
 -2.82550048e+00 -4.48339061e-01  2.38338650e+00 -2.04577905e+02
  1.48574585e+01 -2.19235599e+00 -4.75343106e-01  2.42084538e+00
 -2.04689879e+02  1.46905961e+01 -1.92765486e+00 -5.01487692e-01
  2.43917063e+00 -2.04797353e+02  1.45606839e+01 -1.89243788e+00
 -5.28954209e-01  2.43326125e+00 -2.04900528e+02  1.44673165e+01
 -1.95304500e+00 -5.60241057e-01  2.39888242e+00 -2.04999245e+02
  1.44219943e+01 -2.05769096e+00 -5.97432844e-01  2.33326414e+00
 -2.05093233e+02  1.44481095e+01 -2.18214065e+00 -6.41292173e-01
  2.23570400e+00 -2.05182467e+02  1.45711062e+01 -2.31205051e+00
 -6.90570005e-01  2.10802365e+00 -2.05267454e+02  1.48015678e+01
 -2.43814285e+00 -7.42044744e-01  1.95458985e+00 -2.05349300e+02
  1.51229712e+01 -2.55522503e+00 -7.91444309e-01  1.78184077e+00
 -2.05429509e+02  1.54944214e+01 -2.66264925e+00 -8.34787075e-01
  1.59775437e+00 -2.05509647e+02  1.57872048e+01 -2.76615711e+00
 -8.68561368e-01  1.49976671e+00 -2.05589529e+02  1.58469953e+01
 -2.88344287e+00 -8.88607674e-01  1.41809749e+00 -2.05666132e+02
  1.56938177e+01 -3.05871543e+00 -8.95380567e-01  1.33712332e+00
 -2.05738537e+02  1.53598875e+01  2.90079521e+00 -8.90284181e-01
  1.25989732e+00 -2.05806209e+02  1.48826108e+01  2.40653273e+00
 -8.75652334e-01  1.18922119e+00 -2.05869034e+02  1.42549205e+01
  2.04372089e+00 -8.51257605e-01  1.12737033e+00 -2.05927253e+02
  1.35008989e+01  1.94175520e+00 -8.19304827e-01  1.07534237e+00
 -2.05981357e+02  1.26144986e+01  2.00499887e+00 -7.80861211e-01
  1.03259207e+00 -2.06031981e+02  1.16283111e+01  2.16445431e+00
 -7.40352603e-01  9.96991545e-01 -2.06079824e+02  1.06244599e+01
  2.37530539e+00 -7.05561036e-01  9.66436624e-01 -2.06125571e+02
  9.69585403e+00  2.60899846e+00 -6.83801491e-01  9.40646654e-01
 -2.06169821e+02  8.93398591e+00  2.85000059e+00 -6.80118015e-01
  9.23095381e-01 -2.06213024e+02  8.40785656e+00  3.09715137e+00
 -6.95325819e-01  9.22624919e-01 -2.06255459e+02  8.14635169e+00
 -2.91895496e+00 -7.25671865e-01  9.52596399e-01 -2.06297259e+02
  8.14049077e+00 -2.60930389e+00 -7.65059772e-01  1.02604404e+00
 -2.06338461e+02  8.40016818e+00 -2.26105011e+00 -8.08917460e-01
  1.15071848e+00 -2.06379023e+02  8.95594473e+00 -1.95295030e+00
 -8.52764795e-01  1.32336639e+00 -2.06418808e+02  9.76998686e+00
 -1.77519013e+00 -8.94152358e-01  1.52557228e+00 -2.06457551e+02
  1.07801512e+01 -1.74826451e+00 -9.36546225e-01  1.67402809e+00
 -2.06494261e+02  1.19592936e+01 -1.85851580e+00 -9.87979008e-01
  1.81427470e+00 -2.06527872e+02  1.31411467e+01 -2.07969956e+00
 -1.04634867e+00  1.95848064e+00 -2.06559315e+02  1.41463875e+01
 -2.38070843e+00 -1.10481053e+00  2.11016953e+00 -2.06589666e+02
  1.48430512e+01 -2.73264104e+00 -1.15333829e+00  2.26837003e+00
 -2.06619734e+02  1.51829321e+01 -3.11235051e+00 -1.18328940e+00
  2.41408496e+00 -2.06649626e+02  1.52126745e+01  2.78085487e+00
 -1.19343908e+00  2.50690595e+00 -2.06678701e+02  1.50499573e+01
  2.39943071e+00 -1.19168251e+00  2.50793246e+00 -2.06706093e+02
  1.48331489e+01  2.05683261e+00 -1.18882004e+00  2.40285141e+00
 -2.06731347e+02  1.46654941e+01  1.79522661e+00 -1.19111783e+00
  2.19981156e+00 -2.06754485e+02  1.45781570e+01  1.65687067e+00
 -1.19813613e+00  1.91896943e+00 -2.06775612e+02  1.45347230e+01
  1.68009108e+00 -1.20564067e+00  1.58745662e+00 -2.06794680e+02
  1.44206646e+01  1.90171282e+00 -1.21067778e+00  1.28052006e+00
 -2.06812085e+02  1.41966466e+01  2.28645244e+00 -1.21327852e+00
  9.83463751e-01 -2.06828824e+02  1.39402020e+01  2.69708058e+00
 -1.21486097e+00  7.16583694e-01 -2.06844894e+02  1.37628829e+01
  3.06152696e+00 -1.21991020e+00  5.15073166e-01 -2.06860161e+02
  1.36981245e+01 -2.87459051e+00 -1.23062935e+00  4.15942083e-01
 -2.06874513e+02  1.36653265e+01 -2.51006732e+00 -1.24164013e+00
  4.48892799e-01 -2.06887905e+02  1.35067458e+01 -2.12437916e+00
 -1.23964686e+00  6.11404667e-01 -2.06900319e+02  1.30667742e+01
 -1.74710298e+00 -1.21428460e+00  8.48465388e-01 -2.06911698e+02
  1.22704296e+01 -1.43177102e+00 -1.17252757e+00  1.09596706e+00
 -2.06921857e+02  1.11753557e+01 -1.28335121e+00 -1.13769222e+00
  1.33710933e+00 -2.06930439e+02  9.98549165e+00 -1.98358467e+00
 -1.13683814e+00  1.58198704e+00 -2.06937035e+02  9.01551793e+00
 -3.13885684e+00 -1.18792375e+00  1.80544908e+00 -2.06942904e+02
  8.49921428e+00  3.02817980e+00 -1.28036199e+00  2.03273452e+00
 -2.06948714e+02  8.45216631e+00  3.00802685e+00 -1.37847554e+00
  2.17876193e+00 -2.06954280e+02  8.73851385e+00  2.97510439e+00
 -1.44273187e+00  1.99310536e+00 -2.06959396e+02  9.25479017e+00
  2.91314939e+00 -1.42550805e+00  1.54900855e+00 -2.06963801e+02
  1.00881905e+01  2.86202169e+00 -1.36158384e+00  1.46836309e+00
 -2.06967648e+02  1.13011197e+01 -2.92134386e+00 -1.31169041e+00
  1.53360638e+00 -2.06971117e+02  1.27619496e+01 -1.45987103e+00
 -1.30190132e+00  1.61900864e+00 -2.06973974e+02  1.41982193e+01
 -1.62355261e+00 -1.33335150e+00  1.71084076e+00 -2.06975434e+02
  1.53057182e+01 -1.97325243e+00 -1.39090700e+00  1.86128798e+00
 -2.06975549e+02  1.58727400e+01 -2.35939522e+00 -1.44725484e+00
  2.19453661e+00 -2.06974836e+02  1.58472022e+01 -2.73200461e+00
 -1.46057169e+00  2.76470745e+00 -2.06973913e+02  1.53680067e+01
 -3.08665728e+00 -1.42616523e+00  3.04332300e+00 -2.06972871e+02
  1.46669473e+01  2.81861235e+00 -1.38638364e+00  2.95378365e+00
 -2.06970908e+02  1.39150041e+01  2.35163551e+00 -1.35793441e+00
  2.66730136e+00 -2.06967464e+02  1.31646516e+01  1.85288693e+00
 -1.33955534e+00  2.26557870e+00 -2.06962722e+02  1.23785873e+01
  1.55821677e+00 -1.32545574e+00  1.79671781e+00 -2.06957093e+02
  1.15467986e+01  1.53817170e+00 -1.31316826e+00  1.31784644e+00
 -2.06950653e+02  1.08010475e+01  1.74105023e+00 -1.30489307e+00
  8.08789603e-01 -2.06943269e+02  1.04386287e+01  2.10338100e+00
 -1.29425548e+00  2.88781542e-01 -2.06934979e+02  1.06847778e+01
  2.54970873e+00 -1.28360895e+00 -1.30396371e-01 -2.06925733e+02
  1.14471670e+01  3.02594109e+00 -1.29700601e+00 -3.48040579e-01
 -2.06915515e+02  1.23720716e+01 -2.77318123e+00 -1.34413479e+00
 -3.19675158e-01 -2.06904319e+02]
2025-04-16 21:06:28,670 - INFO - Dual variables: [0. 0. 0. 0. 0. 0. 0. 0. 0. 0. 0. 0. 0. 0. 0. 0. 0. 0. 0. 0. 0. 0. 0. 0.
 0. 0. 0. 0. 0. 0. 0. 0. 0. 0. 0. 0. 0. 0. 0. 0. 0. 0. 0. 0. 0. 0. 0. 0.
 0. 0. 0. 0. 0. 0. 0. 0. 0. 0. 0. 0. 0. 0. 0. 0. 0. 0. 0. 0. 0. 0. 0. 0.
 0. 0. 0. 0. 0. 0. 0. 0. 0. 0. 0. 0. 0. 0. 0. 0. 0. 0. 0. 0. 0. 0. 0. 0.
 0. 0. 0. 0. 0. 0. 0. 0. 0. 0. 0. 0. 0. 0. 0. 0. 0. 0. 0. 0. 0. 0. 0. 0.
 0. 0. 0. 0. 0. 0. 0. 0. 0. 0. 0. 0. 0. 0. 0. 0. 0. 0. 0. 0. 0. 0. 0. 0.
 0. 0. 0. 0. 0. 0. 0. 0. 0. 0. 0. 0. 0. 0. 0. 0. 0. 0. 0. 0. 0. 0. 0. 0.
 0. 0. 0. 0. 0. 0. 0. 0. 0. 0. 0. 0. 0. 0. 0. 0. 0. 0. 0. 0. 0. 0. 0. 0.
 0. 0. 0. 0. 0. 0. 0. 0. 0. 0. 0. 0. 0. 0. 0. 0. 0. 0. 0. 0. 0. 0. 0. 0.
 0. 0. 0. 0. 0. 0. 0. 0. 0. 0. 0. 0. 0. 0. 0. 0. 0. 0. 0. 0. 0. 0. 0. 0.
 0. 0. 0. 0. 0. 0. 0. 0. 0. 0. 0. 0. 0. 0. 0. 0. 0. 0. 0. 0. 0. 0. 0. 0.
 0. 0. 0. 0. 0. 0. 0. 0. 0. 0. 0. 0. 0. 0. 0. 0. 0. 0. 0. 0. 0. 0. 0. 0.
 0. 0. 0. 0. 0. 0. 0. 0. 0. 0. 0. 0. 0. 0. 0. 0. 0. 0. 0. 0. 0. 0. 0. 0.
 0. 0. 0. 0. 0. 0. 0. 0. 0. 0. 0. 0. 0. 0. 0. 0. 0. 0. 0. 0. 0. 0. 0. 0.
 0. 0. 0. 0. 0. 0. 0. 0. 0. 0. 0. 0. 0. 0. 0. 0. 0. 0. 0. 0. 0. 0. 0. 0.
 0. 0. 0. 0. 0. 0. 0. 0. 0. 0. 0. 0. 0. 0. 0. 0. 0. 0. 0. 0. 0. 0. 0. 0.
 0. 0. 0. 0. 0. 0. 0. 0. 0. 0. 0. 0. 0. 0. 0. 0. 0. 0. 0. 0. 0. 0. 0. 0.
 0. 0. 0. 0. 0. 0. 0. 0. 0. 0. 0. 0. 0. 0. 0. 0. 0. 0. 0. 0. 0. 0. 0. 0.
 0. 0. 0. 0. 0. 0. 0. 0. 0. 0. 0. 0. 0. 0. 0. 0. 0. 0. 0. 0. 0. 0. 0. 0.
 0. 0. 0. 0. 0. 0. 0. 0. 0. 0. 0. 0. 0. 0. 0. 0. 0. 0. 0. 0. 0. 0. 0. 0.
 0. 0. 0. 0. 0. 0. 0. 0. 0. 0. 0. 0. 0. 0. 0. 0. 0. 0. 0. 0. 0. 0. 0. 0.
 0. 0. 0. 0. 0. 0. 0. 0. 0. 0. 0. 0. 0. 0. 0. 0. 0. 0. 0. 0. 0. 0. 0. 0.
 0. 0. 0. 0. 0. 0. 0. 0. 0. 0. 0. 0. 0. 0. 0. 0. 0. 0. 0. 0. 0. 0. 0. 0.
 0. 0. 0. 0. 0. 0. 0. 0. 0. 0. 0. 0. 0. 0. 0. 0. 0. 0. 0. 0. 0. 0. 0. 0.
 0. 0. 0. 0. 0. 0. 0. 0. 0. 0. 0. 0. 0. 0. 0. 0. 0. 0. 0. 0. 0. 0. 0. 0.
 0. 0. 0. 0. 0. 0. 0. 0. 0. 0. 0. 0. 0. 0. 0. 0. 0. 0. 0. 0. 0. 0. 0. 0.
 0. 0. 0. 0. 0. 0. 0. 0. 0. 0. 0. 0. 0. 0. 0. 0. 0. 0. 0. 0. 0. 0. 0. 0.
 0. 0. 0. 0. 0. 0. 0. 0. 0. 0. 0. 0. 0. 0. 0. 0. 0. 0. 0. 0. 0. 0. 0. 0.
 0. 0. 0. 0. 0. 0. 0. 0. 0. 0. 0. 0. 0. 0. 0. 0. 0. 0. 0. 0. 0. 0. 0. 0.
 0. 0. 0. 0. 0. 0. 0. 0. 0. 0. 0. 0. 0. 0. 0. 0. 0. 0. 0. 0. 0. 0. 0. 0.
 0. 0. 0. 0. 0. 0. 0. 0. 0. 0. 0. 0. 0. 0. 0. 0. 0. 0. 0. 0. 0. 0. 0. 0.
 0. 0. 0. 0. 0. 0. 0. 0. 0. 0. 0. 0. 0. 0. 0. 0. 0. 0. 0. 0. 0. 0. 0. 0.
 0. 0. 0. 0. 0. 0. 0. 0. 0. 0. 0. 0. 0. 0. 0. 0. 0. 0. 0. 0. 0. 0. 0. 0.
 0. 0. 0. 0. 0. 0. 0. 0. 0. 0. 0. 0. 0. 0. 0. 0. 0. 0. 0. 0. 0. 0. 0. 0.
 0. 0. 0. 0. 0. 0. 0. 0. 0. 0. 0. 0. 0. 0. 0. 0. 0. 0. 0. 0. 0. 0. 0. 0.
 0. 0. 0. 0. 0. 0. 0. 0. 0. 0. 0. 0. 0. 0. 0. 0. 0. 0. 0. 0. 0. 0. 0. 0.
 0. 0. 0. 0. 0. 0. 0. 0. 0. 0. 0. 0. 0. 0. 0. 0. 0. 0. 0. 0. 0. 0. 0. 0.
 0. 0. 0. 0. 0. 0. 0. 0. 0. 0. 0. 0. 0. 0. 0. 0. 0. 0. 0. 0. 0. 0. 0. 0.
 0. 0. 0. 0. 0. 0. 0. 0. 0. 0. 0. 0. 0. 0. 0. 0. 0. 0. 0. 0. 0. 0. 0. 0.
 0. 0. 0. 0. 0. 0. 0. 0. 0. 0. 0. 0. 0. 0. 0. 0. 0. 0. 0. 0. 0. 0. 0. 0.
 0. 0. 0. 0. 0. 0. 0. 0. 0. 0.]
2025-04-16 21:06:28,675 - INFO - Control limits active - Aileron: [False False False False False False False False False False False False
 False False False False False False False False False False False False
 False False False False False False False False False False False False
 False False False False False False False False False False False False
 False False False False False False False False False False False False
 False False False False False False False False False False False False
 False False False False False False False False False False False False
 False False False False False False False False False False False False
 False False False False False False False False False False False False
 False False False False False False False False False False False False
 False False False False False False False False False False False False
 False False False False False False False False False False False False
 False False False False False False False False False False False False
 False False False False False False False False False False False False
 False False False False False False False False False False False False
 False False False False False False False False False False False False
 False False False False False False False False], Elevator: [False False False False False False False False False False False False
 False False False False False False False False False False False False
 False False False False False False False False False False False False
 False False False False False False False False False False False False
 False False False False False False False False False False False False
 False False False False False False False False False False False False
 False False False False False False False False False False False False
 False False False False False False False False False False False False
 False False False False False False False False False False False False
 False False False False False False False False False False False False
 False False False False False False False False False False False False
 False False False False False False False False False False False False
 False False False False False False False False False False False False
 False False False False False False False False False False False False
 False False False False False False False False False False False False
 False False False False False False False False False False False False
 False False False False False False False False]
2025-04-16 21:06:28,689 - INFO - State constraints:
2025-04-16 21:06:28,689 - INFO - Airspeed values: [[50, 49.958, 49.9153, 49.87, 49.8195, 49.759, 49.6809, 49.5732, 49.4178, 49.1879, 48.8473, 48.3518, 47.6559, 46.7214, 45.5123, 43.9923, 42.1515, 40.0388, 37.7652, 35.492, 33.4191, 31.7748, 30.8034, 30.6495, 30.7398, 30.6591, 30.7415, 30.636, 30.7097, 30.57, 30.6342, 30.4039, 30.4578, 30.3788, 30.4224, 30.2741, 30.3069, 30.0248, 30.046, 29.8909, 29.9011, 29.5836, 29.5824, 29.3342, 29.3223, 29.1443, 29.0443, 29.018, 28.7401, 28.7054, 28.4339, 28.3922, 28.1111, 28.0639, 27.759, 27.7079, 27.3671, 27.3137, 26.9264, 26.7813, 26.6672, 26.6185, 26.2594, 26.1212, 26.0051, 25.9086, 25.8295, 25.807, 25.4661, 25.2958, 25.2952, 25.004, 24.8637, 24.8878, 24.6104, 24.4675, 24.4607, 24.422, 24.4945, 24.2855, 24.1856, 24.1834, 24.291, 24.0886, 23.9753, 23.9397, 23.9722, 24.1117, 23.9001, 23.7499, 23.6498, 23.5899, 23.5618, 23.5578, 23.5711, 23.5956, 23.6254, 23.6553, 23.6804, 23.6959, 23.6975, 23.6807, 23.6416, 23.5762, 23.481, 23.3523, 23.1871, 22.9825, 22.7361, 22.4459, 22.1109, 21.7306, 21.3058, 20.8386, 20.3328, 19.7939, 19.2298, 18.6507, 18.0692, 17.4999, 16.959, 16.4629, 16.0264, 15.6501, 15.3309, 15.0683, 14.8575, 14.6906, 14.5607, 14.4673, 14.422, 14.4481, 14.5711, 14.8016, 15.123, 15.4944, 15.7872, 15.847, 15.6938, 15.3599, 14.8826, 14.2549, 13.5009, 12.6145, 11.6283, 10.6245, 9.69585, 8.93399, 8.40786, 8.14635, 8.14049, 8.40017, 8.95594, 9.76999, 10.7802, 11.9593, 13.1411, 14.1464, 14.8431, 15.1829, 15.2127, 15.05, 14.8331, 14.6655, 14.5782, 14.5347, 14.4207, 14.1966, 13.9402, 13.7629, 13.6981, 13.6653, 13.5067, 13.0668, 12.2704, 11.1754, 9.98549, 9.01552, 8.49921, 8.45217, 8.73851, 9.25479, 10.0882, 11.3011, 12.7619, 14.1982, 15.3057, 15.8727, 15.8472, 15.368, 14.6669, 13.915, 13.1647, 12.3786, 11.5468, 10.801, 10.4386, 10.6848, 11.4472, 12.3721]]
2025-04-16 21:06:28,689 - INFO - Alpha values: [[2e-08, -0.000398497, 0.00197089, 0.00677434, 0.0139613, 0.0237145, 0.0364289, 0.0527191, 0.0734551, 0.0998262, 0.133423, 0.176263, 0.230503, 0.297379, 0.375852, 0.46338, 0.558768, 0.663456, 0.780724, 0.914497, 1.06829, 1.24401, 1.44016, 1.5969, 1.64941, 1.59993, 1.65392, 1.60587, 1.66128, 1.61473, 1.67153, 1.57488, 1.63405, 1.59208, 1.65245, 1.6117, 1.67325, 1.5829, 1.64654, 1.61023, 1.67489, 1.5896, 1.65614, 1.57423, 1.6425, 1.61305, 1.58559, 1.65577, 1.5802, 1.65184, 1.57924, 1.65222, 1.58247, 1.6567, 1.58976, 1.66514, 1.60109, 1.67754, 1.61656, 1.60445, 1.59367, 1.67262, 1.61744, 1.60981, 1.60339, 1.59811, 1.59389, 1.67655, 1.62898, 1.58434, 1.6692, 1.62623, 1.58602, 1.67316, 1.63444, 1.59838, 1.60631, 1.57344, 1.66536, 1.63318, 1.60353, 1.5762, 1.67253, 1.64575, 1.62149, 1.59954, 1.57969, 1.68247, 1.66308, 1.6463, 1.63192, 1.61977, 1.60966, 1.60144, 1.59497, 1.59013, 1.5868, 1.58491, 1.5844, 1.58523, 1.58736, 1.59081, 1.59559, 1.60175, 1.60936, 1.6185, 1.6293, 1.64189, 1.65645, 1.67318, 1.69231, 1.7141, 1.73886, 1.7669, 1.79858, 1.83425, 1.87428, 1.91895, 1.96845, 2.02278, 2.08159, 2.14402, 2.20847, 2.27238, 2.33218, 2.38339, 2.42085, 2.43917, 2.43326, 2.39888, 2.33326, 2.2357, 2.10802, 1.95459, 1.78184, 1.59775, 1.49977, 1.4181, 1.33712, 1.2599, 1.18922, 1.12737, 1.07534, 1.03259, 0.996992, 0.966437, 0.940647, 0.923095, 0.922625, 0.952596, 1.02604, 1.15072, 1.32337, 1.52557, 1.67403, 1.81427, 1.95848, 2.11017, 2.26837, 2.41408, 2.50691, 2.50793, 2.40285, 2.19981, 1.91897, 1.58746, 1.28052, 0.983464, 0.716584, 0.515073, 0.415942, 0.448893, 0.611405, 0.848465, 1.09597, 1.33711, 1.58199, 1.80545, 2.03273, 2.17876, 1.99311, 1.54901, 1.46836, 1.53361, 1.61901, 1.71084, 1.86129, 2.19454, 2.76471, 3.04332, 2.95378, 2.6673, 2.26558, 1.79672, 1.31785, 0.80879, 0.288782, -0.130396, -0.348041, -0.319675]]
2025-04-16 21:06:28,690 - INFO - Beta values: [[2e-08, 1.96428e-08, 1.91392e-08, 1.84934e-08, 1.77111e-08, 1.67996e-08, 1.57668e-08, 1.46217e-08, 1.33735e-08, 1.203e-08, 1.05928e-08, 9.04019e-09, 7.2653e-09, 4.72448e-09, -3.13731e-09, -1.09351e-07, -4.87333e-06, -1.30098e-05, -1.99829e-05, -2.35921e-05, -2.19573e-05, -1.46686e-05, -3.79578e-06, 6.28889e-06, 1.12525e-05, 1.04561e-05, 5.23015e-06, -1.57366e-06, -7.36994e-06, -1.05928e-05, -1.07357e-05, -8.85539e-06, -6.24904e-06, -4.23299e-06, -3.58474e-06, -4.54611e-06, -6.72349e-06, -9.57851e-06, -1.24785e-05, -1.4938e-05, -1.66164e-05, -1.80442e-05, -1.95394e-05, -2.14695e-05, -2.41225e-05, -2.74314e-05, -3.17169e-05, -3.60892e-05, -4.09829e-05, -4.64995e-05, -5.2685e-05, -5.96999e-05, -6.76188e-05, -7.65905e-05, -8.68113e-05, -9.83033e-05, -0.000111561, -0.00012629, -0.000143575, -0.000165761, -0.000190861, -0.000214429, -0.000240368, -0.000273117, -0.000310687, -0.000352794, -0.000399221, -0.000442599, -0.000492182, -0.000557242, -0.000629043, -0.000710868, -0.000812734, -0.00091992, -0.00103778, -0.00118018, -0.00134694, -0.00152645, -0.00170506, -0.00189397, -0.00212365, -0.00240076, -0.00268638, -0.00299824, -0.00337889, -0.00383605, -0.00436677, -0.00488966, -0.00544637, -0.00611266, -0.00691376, -0.00785817, -0.00894227, -0.0101566, -0.0114925, -0.0129474, -0.0145285, -0.0162544, -0.0181548, -0.0202687, -0.0226426, -0.0253282, -0.0283814, -0.0318626, -0.0358378, -0.0403815, -0.0455797, -0.0515338, -0.058364, -0.066213, -0.0752482, -0.0856634, -0.0976796, -0.111543, -0.127519, -0.145883, -0.166897, -0.190784, -0.217675, -0.247555, -0.280192, -0.31509, -0.351449, -0.386716, -0.419015, -0.448339, -0.475343, -0.501488, -0.528954, -0.560241, -0.597433, -0.641292, -0.69057, -0.742045, -0.791444, -0.834787, -0.868561, -0.888608, -0.895381, -0.890284, -0.875652, -0.851258, -0.819305, -0.780861, -0.740353, -0.705561, -0.683801, -0.680118, -0.695326, -0.725672, -0.76506, -0.808917, -0.852765, -0.894152, -0.936546, -0.987979, -1.04635, -1.10481, -1.15334, -1.18329, -1.19344, -1.19168, -1.18882, -1.19112, -1.19814, -1.20564, -1.21068, -1.21328, -1.21486, -1.21991, -1.23063, -1.24164, -1.23965, -1.21428, -1.17253, -1.13769, -1.13684, -1.18792, -1.28036, -1.37848, -1.44273, -1.42551, -1.36158, -1.31169, -1.3019, -1.33335, -1.39091, -1.44725, -1.46057, -1.42617, -1.38638, -1.35793, -1.33956, -1.32546, -1.31317, -1.30489, -1.29426, -1.28361, -1.29701, -1.34413]]
2025-04-16 21:06:31,317 - INFO - Iteration 1
2025-04-16 21:06:31,324 - INFO - Final position: [  15.00164979    4.86970957 -206.88460132   -1.12118536    2.70198956
    1.26864116   -0.71862028   -0.55980405    0.31098511    0.27164787
   48.5250765    10.70428966   21.30151109]
2025-04-16 21:06:31,336 - INFO - Final velocity: -206.8846013181111
2025-04-16 21:06:31,350 - INFO - Final control: [-7.26917244e-08  8.15708391e-09  6.18165847e-09  0.00000000e+00
  0.00000000e+00  0.00000000e+00]
2025-04-16 21:06:31,363 - INFO - Final control rate: [-1.53751027e-06 -4.38966063e-06  7.91782227e-06  0.00000000e+00
  0.00000000e+00  0.00000000e+00]
2025-04-16 21:06:31,867 - INFO - Condition numbers: 76.94272175135413
2025-04-16 21:06:33,027 - WARNING - Large dynamics violation at node 67: 0.001154533115528267
2025-04-16 21:06:33,038 - WARNING - Large dynamics violation at node 68: 0.001172518268561071
2025-04-16 21:06:33,062 - WARNING - Large dynamics violation at node 70: 0.0013185849021299877
2025-04-16 21:06:33,075 - WARNING - Large dynamics violation at node 71: 0.0014827041047162741
2025-04-16 21:06:33,099 - WARNING - Large dynamics violation at node 73: 0.001759924876560848
2025-04-16 21:06:33,113 - WARNING - Large dynamics violation at node 74: 0.0018479198369658024
2025-04-16 21:06:33,125 - WARNING - Large dynamics violation at node 75: 0.0012752586935847689
2025-04-16 21:06:33,138 - WARNING - Large dynamics violation at node 76: 0.001867906659606472
2025-04-16 21:06:33,163 - WARNING - Large dynamics violation at node 78: 0.0016651431442385534
2025-04-16 21:06:33,176 - WARNING - Large dynamics violation at node 79: 0.0014033457669647429
2025-04-16 21:06:33,188 - WARNING - Large dynamics violation at node 80: 0.0011137736791909077
2025-04-16 21:06:33,272 - WARNING - Large dynamics violation at node 87: 0.0010134796288758503
2025-04-16 21:06:33,284 - WARNING - Large dynamics violation at node 88: 0.0011553853945245405
2025-04-16 21:06:33,298 - WARNING - Large dynamics violation at node 89: 0.0012460890950456117
2025-04-16 21:06:33,325 - WARNING - Large dynamics violation at node 90: 0.001276808728303446
2025-04-16 21:06:33,338 - WARNING - Large dynamics violation at node 91: 0.0012394759826577738
2025-04-16 21:06:33,353 - WARNING - Large dynamics violation at node 92: 0.0011299991573874499
2025-04-16 21:06:33,406 - WARNING - Large dynamics violation at node 96: 0.0010489176748267963
2025-04-16 21:06:33,419 - WARNING - Large dynamics violation at node 97: 0.0014942243484039122
2025-04-16 21:06:33,435 - WARNING - Large dynamics violation at node 98: 0.001974201790537174
2025-04-16 21:06:33,452 - WARNING - Large dynamics violation at node 99: 0.0024044001789049006
2025-04-16 21:06:33,467 - WARNING - Large dynamics violation at node 100: 0.0027478723161698
2025-04-16 21:06:33,482 - WARNING - Large dynamics violation at node 101: 0.003015597028344136
2025-04-16 21:06:33,496 - WARNING - Large dynamics violation at node 102: 0.0032466786490871515
2025-04-16 21:06:33,509 - WARNING - Large dynamics violation at node 103: 0.003465261954346209
2025-04-16 21:06:33,523 - WARNING - Large dynamics violation at node 104: 0.003612439416703546
2025-04-16 21:06:33,537 - WARNING - Large dynamics violation at node 105: 0.0035608345590143276
2025-04-16 21:06:33,551 - WARNING - Large dynamics violation at node 106: 0.003293721486315695
2025-04-16 21:06:33,561 - WARNING - Large dynamics violation at node 107: 0.00287048061141898
2025-04-16 21:06:33,575 - WARNING - Large dynamics violation at node 108: 0.002407957629344636
2025-04-16 21:06:33,588 - WARNING - Large dynamics violation at node 109: 0.0020619441051486194
2025-04-16 21:06:33,600 - WARNING - Large dynamics violation at node 110: 0.001959187800427399
2025-04-16 21:06:33,615 - WARNING - Large dynamics violation at node 111: 0.0020846310899176866
2025-04-16 21:06:33,627 - WARNING - Large dynamics violation at node 112: 0.002303933931951815
2025-04-16 21:06:33,641 - WARNING - Large dynamics violation at node 113: 0.0024949478130847323
2025-04-16 21:06:33,659 - WARNING - Large dynamics violation at node 114: 0.0025926431918114035
2025-04-16 21:06:33,672 - WARNING - Large dynamics violation at node 115: 0.002570764928226029
2025-04-16 21:06:33,685 - WARNING - Large dynamics violation at node 116: 0.0024312836834673767
2025-04-16 21:06:33,698 - WARNING - Large dynamics violation at node 117: 0.002193913332519496
2025-04-16 21:06:33,714 - WARNING - Large dynamics violation at node 118: 0.001880703363287347
2025-04-16 21:06:33,727 - WARNING - Large dynamics violation at node 119: 0.0015214406845572993
2025-04-16 21:06:33,741 - WARNING - Large dynamics violation at node 120: 0.0011526586646955388
2025-04-16 21:06:33,825 - WARNING - Large dynamics violation at node 126: 0.0012663141586180743
2025-04-16 21:06:33,839 - WARNING - Large dynamics violation at node 127: 0.0015401394567761942
2025-04-16 21:06:33,850 - WARNING - Large dynamics violation at node 128: 0.0017482784867666945
2025-04-16 21:06:33,865 - WARNING - Large dynamics violation at node 129: 0.0018445486740013227
2025-04-16 21:06:33,878 - WARNING - Large dynamics violation at node 130: 0.0018153786063038733
2025-04-16 21:06:33,891 - WARNING - Large dynamics violation at node 131: 0.0016929335358089985
2025-04-16 21:06:33,907 - WARNING - Large dynamics violation at node 132: 0.0015375449997948832
2025-04-16 21:06:33,922 - WARNING - Large dynamics violation at node 133: 0.0013955032027023696
2025-04-16 21:06:33,938 - WARNING - Large dynamics violation at node 134: 0.001274627352877977
2025-04-16 21:06:33,952 - WARNING - Large dynamics violation at node 135: 0.0011461959731818927
2025-04-16 21:06:34,048 - WARNING - Large dynamics violation at node 141: 0.0013331450225469083
2025-04-16 21:06:34,154 - WARNING - Large dynamics violation at node 148: 0.001018150068032316
2025-04-16 21:06:34,228 - WARNING - Large dynamics violation at node 154: 0.0010956168949466207
2025-04-16 21:06:34,384 - WARNING - Large dynamics violation at node 167: 0.0010452189013309134
2025-04-16 21:06:34,395 - WARNING - Large dynamics violation at node 168: 0.0010062536218859248
2025-04-16 21:06:34,432 - WARNING - Large dynamics violation at node 171: 0.001062691974800401
2025-04-16 21:06:34,445 - WARNING - Large dynamics violation at node 172: 0.0010904624434614522
2025-04-16 21:06:34,562 - WARNING - Large dynamics violation at node 179: 0.0010242313031459953
2025-04-16 21:06:34,794 - INFO - Active constraints: 3213 constraints
2025-04-16 21:06:34,794 - INFO - Constraint values: [-200.           50.            1.         ...   -1.34372606   -0.31491026
 -206.89680808]
2025-04-16 21:06:34,795 - INFO - Dual variables: [ 1.51868156e-01 -1.25554470e-01  0.00000000e+00 ... -7.99973672e-01
  1.53876298e-01  3.82283139e-05]
2025-04-16 21:06:34,799 - INFO - Control limits active - Aileron: [False False False False False False False False False False False False
 False False False False False False False False False False False False
 False False False False False False False False False False False False
 False False False False False False False False False False False False
 False False False False False False False False False False False False
 False False False False False False False False False False False False
 False False False False False False False False False False False False
 False False False False False False False False False False False False
 False False False False False False False False False False False False
 False False False False False False False False False False False False
 False False False False False False False False False False False False
 False False False False False False False False False False False False
 False False False False False False False False False False False False
 False False False False False False False False False False False False
 False False False False False False False False False False False False
 False False False False False False False False False False False False
 False False False False False False False False], Elevator: [False False False False False False False False False False False False
 False False False False False False False False False False False False
 False False False False False False False False False False False False
 False False False False False False False False False False False False
 False False False False False False False False False False False False
 False False False False False False False False False False False False
 False False False False False False False False False False False False
 False False False False False False False False False False False False
 False False False False False False False False False False False False
 False False False False False False False False False False False False
 False False False False False False False False False False False False
 False False False False False False False False False False False False
 False False False False False False False False False False False False
 False False False False False False False False False False False False
 False False False False False False False False False False False False
 False False False False False False False False False False False False
 False False False False False False False False]
2025-04-16 21:06:34,809 - INFO - State constraints:
2025-04-16 21:06:34,809 - INFO - Airspeed values: [[50, 49.958, 49.9153, 49.87, 49.8195, 49.759, 49.6809, 49.5732, 49.4177, 49.1878, 48.8471, 48.3514, 47.6555, 46.7208, 45.5117, 43.9916, 42.1507, 40.0379, 37.7643, 35.4912, 33.4183, 31.7742, 30.8029, 30.6491, 30.7393, 30.6587, 30.741, 30.6355, 30.7092, 30.5694, 30.6337, 30.4033, 30.4572, 30.3781, 30.4218, 30.2735, 30.3062, 30.0241, 30.0453, 29.8902, 29.9004, 29.5829, 29.5817, 29.3335, 29.3216, 29.1436, 29.0437, 29.0174, 28.7396, 28.7049, 28.4335, 28.3918, 28.1108, 28.0635, 27.7588, 27.7077, 27.3672, 27.3137, 26.9269, 26.782, 26.6683, 26.6196, 26.2614, 26.1239, 26.0085, 25.9124, 25.8336, 25.8107, 25.4704, 25.3009, 25.3001, 25.0097, 24.87, 24.8942, 24.6174, 24.4746, 24.4679, 24.429, 24.5015, 24.2917, 24.191, 24.1879, 24.2953, 24.0919, 23.9777, 23.9413, 23.9733, 24.1128, 23.9009, 23.7507, 23.6508, 23.5916, 23.5645, 23.5618, 23.5767, 23.603, 23.635, 23.6673, 23.6947, 23.7124, 23.7157, 23.7, 23.6611, 23.5953, 23.4996, 23.371, 23.2061, 23.0019, 22.7556, 22.4653, 22.1301, 21.7495, 21.3245, 20.857, 20.3506, 19.8111, 19.2465, 18.667, 18.0851, 17.5152, 16.9729, 16.4746, 16.035, 15.6564, 15.3363, 15.0759, 14.8691, 14.7061, 14.5787, 14.486, 14.4394, 14.4625, 14.5817, 14.8086, 15.1278, 15.4987, 15.7933, 15.8555, 15.7045, 15.3722, 14.8959, 14.2687, 13.515, 12.6298, 11.6441, 10.6401, 9.71107, 8.9484, 8.42129, 8.15872, 8.15172, 8.41017, 8.96543, 9.77944, 10.79, 11.9696, 13.1515, 14.1561, 14.8518, 15.1909, 15.22, 15.057, 14.8404, 14.6738, 14.5884, 14.5477, 14.4363, 14.2149, 13.9602, 13.7839, 13.7191, 13.6853, 13.5245, 13.0812, 12.2805, 11.1806, 9.98644, 9.01339, 8.49529, 8.4471, 8.73331, 9.25161, 10.089, 11.3068, 12.772, 14.211, 15.3196, 15.886, 15.8591, 15.3788, 14.6773, 13.9253, 13.1747, 12.388, 11.5555, 10.8099, 10.4492, 10.6979, 11.4621, 12.3871]]
2025-04-16 21:06:34,810 - INFO - Alpha values: [[2e-08, -0.000398817, 0.00197065, 0.00677515, 0.0139643, 0.0237205, 0.0364385, 0.0527325, 0.0734718, 0.0998457, 0.133444, 0.176287, 0.230529, 0.297406, 0.37588, 0.463407, 0.558793, 0.663479, 0.780746, 0.914518, 1.06832, 1.24403, 1.44018, 1.59692, 1.64943, 1.59995, 1.65393, 1.60588, 1.66129, 1.61474, 1.67155, 1.57489, 1.63406, 1.59209, 1.65246, 1.61171, 1.67326, 1.5829, 1.64655, 1.61023, 1.67489, 1.5896, 1.65614, 1.57424, 1.64251, 1.61306, 1.58559, 1.65577, 1.5802, 1.65183, 1.57923, 1.65221, 1.58244, 1.65666, 1.58971, 1.66509, 1.60102, 1.67747, 1.61647, 1.60435, 1.59356, 1.67251, 1.61732, 1.60967, 1.60323, 1.59792, 1.59369, 1.67633, 1.62879, 1.58417, 1.66904, 1.6261, 1.58593, 1.67307, 1.63439, 1.59837, 1.60633, 1.57349, 1.66542, 1.63327, 1.60365, 1.57633, 1.67265, 1.64587, 1.62159, 1.59962, 1.57973, 1.6825, 1.66306, 1.64622, 1.63178, 1.61956, 1.60939, 1.60111, 1.59458, 1.58969, 1.58633, 1.58442, 1.58391, 1.58475, 1.58693, 1.59044, 1.59528, 1.6015, 1.60916, 1.61834, 1.62917, 1.64179, 1.65635, 1.67306, 1.69215, 1.71388, 1.73856, 1.7665, 1.79806, 1.83361, 1.8735, 1.91803, 1.9674, 2.02159, 2.08027, 2.14258, 2.20695, 2.27085, 2.33074, 2.38213, 2.41986, 2.43853, 2.43302, 2.39908, 2.33393, 2.2368, 2.10947, 1.95627, 1.78365, 1.59961, 1.5017, 1.42007, 1.33905, 1.26166, 1.19074, 1.12858, 1.07618, 1.03306, 0.997101, 0.966211, 0.940109, 0.922271, 0.921544, 0.95131, 1.02463, 1.14929, 1.32211, 1.52465, 1.67344, 1.814, 1.9585, 2.11043, 2.26872, 2.4143, 2.50682, 2.50753, 2.40222, 2.19907, 1.91823, 1.58682, 1.28015, 0.983387, 0.716826, 0.515709, 0.41704, 0.450417, 0.61309, 0.849931, 1.09706, 1.33792, 1.58261, 1.80571, 2.03227, 2.17672, 1.9889, 1.54707, 1.46838, 1.5343, 1.62004, 1.7122, 1.86316, 2.19667, 2.76413, 3.04055, 2.95053, 2.66394, 2.26228, 1.79365, 1.31527, 0.806974, 0.288276, -0.129258, -0.345229, -0.31491]]
2025-04-16 21:06:34,810 - INFO - Beta values: [[2e-08, 3.93439e-06, 8.86902e-06, 1.38419e-05, 1.79658e-05, 2.04943e-05, 2.0887e-05, 1.88958e-05, 1.4666e-05, 8.8257e-06, 2.52904e-06, -2.62146e-06, -5.09177e-06, -4.27805e-06, -3.18052e-07, 2.49186e-06, -0.000203894, -0.000548034, -0.000803601, -0.000861761, -0.000662498, -0.000259383, 0.000161759, 0.000366004, 0.000285299, 7.77258e-05, -6.38273e-05, -2.28869e-05, 0.00017743, 0.00036425, 0.000279616, -0.000239811, -0.00105127, -0.00172347, -0.00175201, -0.00114214, -0.000229055, 0.000591395, 0.0010485, 0.00110555, 0.000768358, 0.000155889, -0.000589123, -0.00134805, -0.00198273, -0.00247202, -0.00279974, -0.00290907, -0.0028817, -0.00272648, -0.00248851, -0.00221798, -0.00192432, -0.00167445, -0.00143924, -0.00127605, -0.00112121, -0.00102235, -0.000942652, -0.00107498, -0.00148079, -0.00213611, -0.0028647, -0.00321427, -0.00246467, -0.000354766, 0.00200919, 0.00317033, 0.00303016, 0.00216923, 0.00118941, 0.000325348, -0.000503299, -0.00127041, -0.00188753, -0.00224524, -0.00226061, -0.00196343, -0.00146604, -0.00092512, -0.000499429, -0.00028578, -0.000305578, -0.000541408, -0.000999672, -0.00162483, -0.00235518, -0.00312022, -0.00395705, -0.0048735, -0.00586326, -0.00693561, -0.00812769, -0.00950868, -0.0111706, -0.0132033, -0.0156542, -0.018483, -0.0215269, -0.0244999, -0.0270515, -0.0288996, -0.0300287, -0.0309119, -0.0327016, -0.0363699, -0.0418346, -0.0486395, -0.0564671, -0.0652264, -0.0749963, -0.0859416, -0.0982598, -0.112178, -0.12799, -0.146085, -0.166857, -0.19057, -0.217331, -0.247056, -0.27946, -0.314042, -0.350088, -0.385263, -0.417745, -0.447601, -0.475238, -0.501823, -0.529461, -0.560684, -0.597644, -0.641195, -0.690184, -0.741462, -0.790782, -0.834153, -0.867933, -0.888011, -0.894838, -0.889791, -0.875194, -0.850821, -0.818885, -0.780519, -0.74001, -0.705146, -0.683248, -0.679381, -0.694401, -0.7246, -0.763908, -0.807786, -0.851725, -0.893225, -0.935684, -0.987178, -1.04558, -1.10404, -1.15251, -1.18239, -1.19248, -1.1907, -1.18784, -1.19018, -1.19726, -1.20485, -1.20999, -1.2127, -1.21438, -1.21949, -1.23022, -1.24115, -1.23898, -1.21339, -1.17144, -1.1365, -1.13567, -1.18694, -1.27964, -1.37797, -1.44215, -1.42451, -1.36045, -1.31065, -1.30109, -1.33277, -1.39046, -1.44676, -1.45995, -1.42556, -1.38582, -1.35738, -1.33897, -1.3248, -1.31242, -1.30406, -1.2934, -1.2829, -1.29653, -1.34373]]
2025-04-16 21:06:36,860 - INFO - Iteration 2
2025-04-16 21:06:36,865 - INFO - Final position: [  15.04004407    4.88948943 -206.88029334   -1.09911919    2.71376612
    1.27139643   -0.72063724   -0.55716918    0.30956072    0.27337235
   48.52000199   10.69644705   21.30470325]
2025-04-16 21:06:36,871 - INFO - Final velocity: -206.88029334042142
2025-04-16 21:06:36,876 - INFO - Final control: [-7.77249208e-08  1.17407907e-08  6.29979962e-09  0.00000000e+00
  0.00000000e+00  0.00000000e+00]
2025-04-16 21:06:36,886 - INFO - Final control rate: [ 1.95430197e-06 -1.09195532e-05  7.48739335e-06  0.00000000e+00
  0.00000000e+00  0.00000000e+00]
2025-04-16 21:06:37,190 - INFO - Condition numbers: 77.06093385187826
2025-04-16 21:06:38,233 - WARNING - Large dynamics violation at node 67: 0.001225000578308531
2025-04-16 21:06:38,253 - WARNING - Large dynamics violation at node 68: 0.0012417213612146306
2025-04-16 21:06:38,289 - WARNING - Large dynamics violation at node 70: 0.0013961280331252135
2025-04-16 21:06:38,306 - WARNING - Large dynamics violation at node 71: 0.00157080834336189
2025-04-16 21:06:38,346 - WARNING - Large dynamics violation at node 73: 0.0018651539549325669
2025-04-16 21:06:38,370 - WARNING - Large dynamics violation at node 74: 0.00195831600067912
2025-04-16 21:06:38,394 - WARNING - Large dynamics violation at node 75: 0.0013510652106161949
2025-04-16 21:06:38,418 - WARNING - Large dynamics violation at node 76: 0.001979099970752472
2025-04-16 21:06:38,452 - WARNING - Large dynamics violation at node 78: 0.0017637962810934404
2025-04-16 21:06:38,467 - WARNING - Large dynamics violation at node 79: 0.001486268651006876
2025-04-16 21:06:38,484 - WARNING - Large dynamics violation at node 80: 0.0011793617447214118
2025-04-16 21:06:38,605 - WARNING - Large dynamics violation at node 87: 0.001074363920241941
2025-04-16 21:06:38,626 - WARNING - Large dynamics violation at node 88: 0.0012247118528340986
2025-04-16 21:06:38,648 - WARNING - Large dynamics violation at node 89: 0.0013208878516036227
2025-04-16 21:06:38,672 - WARNING - Large dynamics violation at node 90: 0.0013536500577620194
2025-04-16 21:06:38,694 - WARNING - Large dynamics violation at node 91: 0.001314481533169159
2025-04-16 21:06:38,715 - WARNING - Large dynamics violation at node 92: 0.0011990353983455859
2025-04-16 21:06:38,737 - WARNING - Large dynamics violation at node 93: 0.0010192212669300768
2025-04-16 21:06:38,778 - WARNING - Large dynamics violation at node 96: 0.001114929213068457
2025-04-16 21:06:38,810 - WARNING - Large dynamics violation at node 97: 0.0015880079896705484
2025-04-16 21:06:38,826 - WARNING - Large dynamics violation at node 98: 0.0020983081301842966
2025-04-16 21:06:38,850 - WARNING - Large dynamics violation at node 99: 0.002555352032278777
2025-04-16 21:06:38,866 - WARNING - Large dynamics violation at node 100: 0.002918982964527778
2025-04-16 21:06:38,881 - WARNING - Large dynamics violation at node 101: 0.00320056434817502
2025-04-16 21:06:38,895 - WARNING - Large dynamics violation at node 102: 0.00344259156113317
2025-04-16 21:06:38,909 - WARNING - Large dynamics violation at node 103: 0.00367289512653901
2025-04-16 21:06:38,923 - WARNING - Large dynamics violation at node 104: 0.0038307332190826407
2025-04-16 21:06:38,936 - WARNING - Large dynamics violation at node 105: 0.003778495935384529
2025-04-16 21:06:38,950 - WARNING - Large dynamics violation at node 106: 0.0034964526233307873
2025-04-16 21:06:38,971 - WARNING - Large dynamics violation at node 107: 0.003047275426862722
2025-04-16 21:06:38,985 - WARNING - Large dynamics violation at node 108: 0.0025550496449419494
2025-04-16 21:06:39,002 - WARNING - Large dynamics violation at node 109: 0.0021856420638354406
2025-04-16 21:06:39,015 - WARNING - Large dynamics violation at node 110: 0.0020743346843172072
2025-04-16 21:06:39,029 - WARNING - Large dynamics violation at node 111: 0.002205337228910949
2025-04-16 21:06:39,044 - WARNING - Large dynamics violation at node 112: 0.002435670486380598
2025-04-16 21:06:39,057 - WARNING - Large dynamics violation at node 113: 0.0026355895593658087
2025-04-16 21:06:39,073 - WARNING - Large dynamics violation at node 114: 0.0027363106620143106
2025-04-16 21:06:39,087 - WARNING - Large dynamics violation at node 115: 0.002709814489891421
2025-04-16 21:06:39,100 - WARNING - Large dynamics violation at node 116: 0.0025583562217478023
2025-04-16 21:06:39,112 - WARNING - Large dynamics violation at node 117: 0.0023033710725047195
2025-04-16 21:06:39,126 - WARNING - Large dynamics violation at node 118: 0.0019682096843518884
2025-04-16 21:06:39,140 - WARNING - Large dynamics violation at node 119: 0.00158519058905931
2025-04-16 21:06:39,153 - WARNING - Large dynamics violation at node 120: 0.001193496087520577
2025-04-16 21:06:39,230 - WARNING - Large dynamics violation at node 125: 0.0010671475921024518
2025-04-16 21:06:39,247 - WARNING - Large dynamics violation at node 126: 0.0013657370272750075
2025-04-16 21:06:39,265 - WARNING - Large dynamics violation at node 127: 0.0016543972239024803
2025-04-16 21:06:39,282 - WARNING - Large dynamics violation at node 128: 0.0018727685460911006
2025-04-16 21:06:39,300 - WARNING - Large dynamics violation at node 129: 0.0019730758736878793
2025-04-16 21:06:39,315 - WARNING - Large dynamics violation at node 130: 0.001941510859191461
2025-04-16 21:06:39,334 - WARNING - Large dynamics violation at node 131: 0.0018117078354628457
2025-04-16 21:06:39,349 - WARNING - Large dynamics violation at node 132: 0.001646381532544454
2025-04-16 21:06:39,366 - WARNING - Large dynamics violation at node 133: 0.0014937786779958178
2025-04-16 21:06:39,388 - WARNING - Large dynamics violation at node 134: 0.0013622864386045196
2025-04-16 21:06:39,404 - WARNING - Large dynamics violation at node 135: 0.0012225573260177143
2025-04-16 21:06:39,419 - WARNING - Large dynamics violation at node 136: 0.001058037201102209
2025-04-16 21:06:39,524 - WARNING - Large dynamics violation at node 141: 0.001442573117906801
2025-04-16 21:06:39,555 - WARNING - Large dynamics violation at node 143: 0.0010434845703753588
2025-04-16 21:06:39,610 - WARNING - Large dynamics violation at node 147: 0.0010379460440896337
2025-04-16 21:06:39,622 - WARNING - Large dynamics violation at node 148: 0.0010937314804815074
2025-04-16 21:06:39,700 - WARNING - Large dynamics violation at node 154: 0.0011649749189875534
2025-04-16 21:06:39,809 - WARNING - Large dynamics violation at node 162: 0.0010023785827148594
2025-04-16 21:06:39,877 - WARNING - Large dynamics violation at node 167: 0.001114916124076025
2025-04-16 21:06:39,895 - WARNING - Large dynamics violation at node 168: 0.0010735182593079359
2025-04-16 21:06:39,913 - WARNING - Large dynamics violation at node 169: 0.0010468969107365264
2025-04-16 21:06:39,926 - WARNING - Large dynamics violation at node 170: 0.00106459066098108
2025-04-16 21:06:39,941 - WARNING - Large dynamics violation at node 171: 0.0011332834684639353
2025-04-16 21:06:39,954 - WARNING - Large dynamics violation at node 172: 0.001162773883550096
2025-04-16 21:06:39,973 - WARNING - Large dynamics violation at node 173: 0.0010323451268117866
2025-04-16 21:06:40,056 - WARNING - Large dynamics violation at node 179: 0.001076225059487593
2025-04-16 21:06:40,332 - INFO - Active constraints: 3249 constraints
2025-04-16 21:06:40,333 - INFO - Constraint values: [-200.           50.            1.         ...   -1.34340458   -0.31416252
 -206.89252765]
2025-04-16 21:06:40,333 - INFO - Dual variables: [ 1.84052490e-01 -2.17723878e-01 -3.33476635e-20 ... -1.59659638e+00
  1.70788035e-01  5.92541219e-05]
2025-04-16 21:06:40,338 - INFO - Control limits active - Aileron: [False False False False False False False False False False False False
 False False False False False False False False False False False False
 False False False False False False False False False False False False
 False False False False False False False False False False False False
 False False False False False False False False False False False False
 False False False False False False False False False False False False
 False False False False False False False False False False False False
 False False False False False False False False False False False False
 False False False False False False False False False False False False
 False False False False False False False False False False False False
 False False False False False False False False False False False False
 False False False False False False False False False False False False
 False False False False False False False False False False False False
 False False False False False False False False False False False False
 False False False False False False False False False False False False
 False False False False False False False False False False False False
 False False False False False False False False], Elevator: [False False False False False False False False False False False False
 False False False False False False False False False False False False
 False False False False False False False False False False False False
 False False False False False False False False False False False False
 False False False False False False False False False False False False
 False False False False False False False False False False False False
 False False False False False False False False False False False False
 False False False False False False False False False False False False
 False False False False False False False False False False False False
 False False False False False False False False False False False False
 False False False False False False False False False False False False
 False False False False False False False False False False False False
 False False False False False False False False False False False False
 False False False False False False False False False False False False
 False False False False False False False False False False False False
 False False False False False False False False False False False False
 False False False False False False False False]
2025-04-16 21:06:40,349 - INFO - State constraints:
2025-04-16 21:06:40,349 - INFO - Airspeed values: [[50, 49.958, 49.9153, 49.87, 49.8195, 49.7589, 49.6808, 49.573, 49.4174, 49.1874, 48.8466, 48.3507, 47.6546, 46.7197, 45.5104, 43.9901, 42.149, 40.0362, 37.7626, 35.4897, 33.4169, 31.773, 30.802, 30.6483, 30.7386, 30.6578, 30.7401, 30.6345, 30.7082, 30.5684, 30.6326, 30.4022, 30.4561, 30.377, 30.4206, 30.2723, 30.305, 30.0228, 30.0441, 29.889, 29.8991, 29.5817, 29.5805, 29.3323, 29.3204, 29.1425, 29.0426, 29.0163, 28.7385, 28.7038, 28.4325, 28.3908, 28.1097, 28.0625, 27.7579, 27.7067, 27.3663, 27.3128, 26.9261, 26.7813, 26.6677, 26.619, 26.261, 26.1236, 26.0082, 25.9121, 25.8334, 25.8103, 25.4702, 25.3008, 25.3, 25.0097, 24.8702, 24.8944, 24.6176, 24.475, 24.4683, 24.4294, 24.5019, 24.2922, 24.1915, 24.1883, 24.2958, 24.0924, 23.9782, 23.9419, 23.9739, 24.1134, 23.9015, 23.7514, 23.6517, 23.5926, 23.5656, 23.5631, 23.5783, 23.6049, 23.6372, 23.6698, 23.6977, 23.7159, 23.7196, 23.7042, 23.6653, 23.5994, 23.5034, 23.3748, 23.2101, 23.0063, 22.7605, 22.4707, 22.1359, 21.7559, 21.3313, 20.8641, 20.3579, 19.8185, 19.254, 18.6745, 18.0926, 17.5225, 16.9801, 16.4812, 16.041, 15.6616, 15.3408, 15.0799, 14.8732, 14.7106, 14.5836, 14.4912, 14.4447, 14.4675, 14.5862, 14.8126, 15.1313, 15.5019, 15.7964, 15.8587, 15.7078, 15.3755, 14.8991, 14.2717, 13.5175, 12.6318, 11.6453, 10.6404, 9.71038, 8.94695, 8.41945, 8.15701, 8.15058, 8.40993, 8.96607, 9.78073, 10.7915, 11.9711, 13.1527, 14.1571, 14.8529, 15.1924, 15.2222, 15.0597, 14.8433, 14.6768, 14.5915, 14.5512, 14.4401, 14.2191, 13.9646, 13.7882, 13.7232, 13.6891, 13.5281, 13.0846, 12.2836, 11.1834, 9.98858, 9.0147, 8.49541, 8.44579, 8.73097, 9.24894, 10.0863, 11.3042, 12.7701, 14.2104, 15.3204, 15.8883, 15.8624, 15.3825, 14.681, 13.9289, 13.1784, 12.3917, 11.5592, 10.8132, 10.4517, 10.6996, 11.4635, 12.3888]]
2025-04-16 21:06:40,350 - INFO - Alpha values: [[2e-08, -0.000397103, 0.0019757, 0.00678454, 0.0139786, 0.02374, 0.0364631, 0.0527619, 0.0735057, 0.0998838, 0.133487, 0.176334, 0.230581, 0.297461, 0.375935, 0.463461, 0.558845, 0.663529, 0.780794, 0.914567, 1.06837, 1.24408, 1.44023, 1.59696, 1.64946, 1.59998, 1.65396, 1.60591, 1.66132, 1.61477, 1.67156, 1.57491, 1.63407, 1.5921, 1.65247, 1.61172, 1.67326, 1.58291, 1.64655, 1.61024, 1.67489, 1.58961, 1.65614, 1.57424, 1.64251, 1.61305, 1.58559, 1.65576, 1.58019, 1.65183, 1.57922, 1.65219, 1.58243, 1.65665, 1.5897, 1.66507, 1.601, 1.67744, 1.61645, 1.60432, 1.59354, 1.67248, 1.61729, 1.60964, 1.6032, 1.59789, 1.59365, 1.67629, 1.62874, 1.58413, 1.669, 1.62607, 1.5859, 1.67303, 1.63436, 1.59835, 1.6063, 1.57347, 1.6654, 1.63325, 1.60363, 1.57631, 1.67264, 1.64585, 1.62157, 1.59959, 1.5797, 1.68247, 1.66302, 1.64617, 1.63173, 1.6195, 1.60932, 1.60104, 1.5945, 1.5896, 1.58624, 1.58432, 1.58381, 1.58465, 1.58683, 1.59033, 1.59518, 1.60139, 1.60904, 1.61821, 1.62903, 1.64164, 1.65619, 1.67289, 1.69196, 1.71368, 1.73833, 1.76625, 1.79779, 1.83332, 1.87318, 1.91768, 1.96702, 2.02118, 2.07983, 2.14211, 2.20644, 2.27032, 2.33019, 2.38158, 2.41932, 2.438, 2.43252, 2.39863, 2.33352, 2.23645, 2.10918, 1.95604, 1.78347, 1.59949, 1.50168, 1.42015, 1.33922, 1.26194, 1.19111, 1.12902, 1.07669, 1.03361, 0.99768, 0.96679, 0.940649, 0.922722, 0.921861, 0.95147, 1.02465, 1.14921, 1.32197, 1.52448, 1.67324, 1.81379, 1.95829, 2.11018, 2.26842, 2.41394, 2.50647, 2.50726, 2.40207, 2.19905, 1.91834, 1.58704, 1.28049, 0.983815, 0.717309, 0.516207, 0.417498, 0.45076, 0.613254, 0.849922, 1.09695, 1.33777, 1.58241, 1.80541, 2.03182, 2.17621, 1.98884, 1.54716, 1.46831, 1.53424, 1.62004, 1.71225, 1.86315, 2.19612, 2.76282, 3.03973, 2.95021, 2.66395, 2.26252, 1.79406, 1.31588, 0.807877, 0.289438, -0.128088, -0.344219, -0.314163]]
2025-04-16 21:06:40,351 - INFO - Beta values: [[2e-08, 7.876e-06, 1.82475e-05, 2.93602e-05, 3.95494e-05, 4.73471e-05, 5.16018e-05, 5.1637e-05, 4.74355e-05, 3.98153e-05, 3.05298e-05, 2.20911e-05, 1.66442e-05, 1.49136e-05, 1.69899e-05, 1.4875e-05, -0.000402021, -0.00109974, -0.001637, -0.00179357, -0.00142715, -0.000605378, 0.000326781, 0.000866298, 0.000783015, 0.000339645, -6.84289e-05, -0.000147417, 0.000127233, 0.000481113, 0.000478353, -0.000173865, -0.00130164, -0.00228856, -0.00238743, -0.00156341, -0.000290829, 0.000848489, 0.00146278, 0.00150734, 0.00102197, 0.000199134, -0.000760781, -0.00171122, -0.00249306, -0.00309695, -0.00350868, -0.0036583, -0.00364077, -0.0034577, -0.00315956, -0.00280806, -0.00241839, -0.00208032, -0.00176151, -0.0015376, -0.00132744, -0.00119066, -0.00107734, -0.00123086, -0.00173487, -0.00257488, -0.00354186, -0.00405277, -0.00315171, -0.00041469, 0.00269074, 0.00417589, 0.00395412, 0.00282886, 0.0015853, 0.000523512, -0.000465271, -0.0013684, -0.00208439, -0.00247652, -0.00244275, -0.00202125, -0.00135363, -0.000630971, -4.46368e-05, 0.000285547, 0.000322373, 9.13416e-05, -0.000402864, -0.0010869, -0.00188268, -0.00272192, -0.00364116, -0.00462748, -0.0056633, -0.00675512, -0.00794895, -0.00933526, -0.0110371, -0.0131775, -0.0158277, -0.0189463, -0.0223308, -0.0256117, -0.0283208, -0.0300575, -0.0307439, -0.0309185, -0.0319966, -0.0352511, -0.0406645, -0.0476582, -0.0557661, -0.064802, -0.0748058, -0.0859328, -0.0983773, -0.11236, -0.128178, -0.14624, -0.16697, -0.190649, -0.217391, -0.2471, -0.27948, -0.314021, -0.350011, -0.385144, -0.417605, -0.4475, -0.475241, -0.501941, -0.52967, -0.56094, -0.597904, -0.641421, -0.690353, -0.741565, -0.790824, -0.834146, -0.867897, -0.88796, -0.894778, -0.889722, -0.87511, -0.850719, -0.818759, -0.78038, -0.739847, -0.704959, -0.683047, -0.679185, -0.694228, -0.72446, -0.763795, -0.807684, -0.851619, -0.893108, -0.935548, -0.987024, -1.04541, -1.10385, -1.15232, -1.18222, -1.19234, -1.19058, -1.18773, -1.19006, -1.19714, -1.20474, -1.20988, -1.2126, -1.21428, -1.21938, -1.23008, -1.24098, -1.23879, -1.2132, -1.17124, -1.13627, -1.13541, -1.18663, -1.27931, -1.37768, -1.44196, -1.42441, -1.36034, -1.31048, -1.30085, -1.33249, -1.39018, -1.44652, -1.4598, -1.42547, -1.38572, -1.35725, -1.33881, -1.32461, -1.3122, -1.3038, -1.29314, -1.28265, -1.29625, -1.3434]]
